{"/Users/a/Desktop/Kolo-Backend/src/config/env.ts": {"path":"/Users/a/Desktop/Kolo-Backend/src/config/env.ts","statementMap":{"0":{"start":{"line":1,"column":0},"end":{"line":1,"column":28}},"1":{"start":{"line":2,"column":0},"end":{"line":2,"column":16}},"2":{"start":{"line":4,"column":13},"end":{"line":14,"column":2}}},"fnMap":{},"branchMap":{"0":{"loc":{"start":{"line":5,"column":10},"end":{"line":5,"column":34}},"type":"binary-expr","locations":[{"start":{"line":5,"column":10},"end":{"line":5,"column":26}},{"start":{"line":5,"column":30},"end":{"line":5,"column":34}}]},"1":{"loc":{"start":{"line":6,"column":20},"end":{"line":6,"column":52}},"type":"binary-expr","locations":[{"start":{"line":6,"column":20},"end":{"line":6,"column":46}},{"start":{"line":6,"column":50},"end":{"line":6,"column":52}}]},"2":{"loc":{"start":{"line":7,"column":30},"end":{"line":7,"column":72}},"type":"binary-expr","locations":[{"start":{"line":7,"column":30},"end":{"line":7,"column":66}},{"start":{"line":7,"column":70},"end":{"line":7,"column":72}}]},"3":{"loc":{"start":{"line":8,"column":25},"end":{"line":8,"column":62}},"type":"binary-expr","locations":[{"start":{"line":8,"column":25},"end":{"line":8,"column":56}},{"start":{"line":8,"column":60},"end":{"line":8,"column":62}}]},"4":{"loc":{"start":{"line":9,"column":18},"end":{"line":9,"column":65}},"type":"binary-expr","locations":[{"start":{"line":9,"column":18},"end":{"line":9,"column":42}},{"start":{"line":9,"column":46},"end":{"line":9,"column":65}}]},"5":{"loc":{"start":{"line":10,"column":18},"end":{"line":10,"column":48}},"type":"binary-expr","locations":[{"start":{"line":10,"column":18},"end":{"line":10,"column":42}},{"start":{"line":10,"column":46},"end":{"line":10,"column":48}}]},"6":{"loc":{"start":{"line":11,"column":21},"end":{"line":11,"column":61}},"type":"binary-expr","locations":[{"start":{"line":11,"column":21},"end":{"line":11,"column":48}},{"start":{"line":11,"column":52},"end":{"line":11,"column":61}}]},"7":{"loc":{"start":{"line":12,"column":15},"end":{"line":12,"column":64}},"type":"binary-expr","locations":[{"start":{"line":12,"column":15},"end":{"line":12,"column":36}},{"start":{"line":12,"column":40},"end":{"line":12,"column":64}}]},"8":{"loc":{"start":{"line":13,"column":20},"end":{"line":13,"column":52}},"type":"binary-expr","locations":[{"start":{"line":13,"column":20},"end":{"line":13,"column":46}},{"start":{"line":13,"column":50},"end":{"line":13,"column":52}}]}},"s":{"0":8,"1":8,"2":8},"f":{},"b":{"0":[8,8],"1":[8,8],"2":[8,8],"3":[8,8],"4":[8,8],"5":[8,8],"6":[8,8],"7":[8,8],"8":[8,8]}}
,"/Users/a/Desktop/Kolo-Backend/src/controllers/bot.controller.ts": {"path":"/Users/a/Desktop/Kolo-Backend/src/controllers/bot.controller.ts","statementMap":{"0":{"start":{"line":2,"column":0},"end":{"line":2,"column":39}},"1":{"start":{"line":3,"column":0},"end":{"line":3,"column":77}},"2":{"start":{"line":4,"column":0},"end":{"line":4,"column":73}},"3":{"start":{"line":11,"column":27},"end":{"line":11,"column":33}},"4":{"start":{"line":50,"column":21},"end":{"line":50,"column":42}},"5":{"start":{"line":51,"column":22},"end":{"line":51,"column":51}},"6":{"start":{"line":52,"column":26},"end":{"line":52,"column":52}},"7":{"start":{"line":54,"column":8},"end":{"line":57,"column":9}},"8":{"start":{"line":55,"column":12},"end":{"line":55,"column":32}},"9":{"start":{"line":56,"column":12},"end":{"line":56,"column":19}},"10":{"start":{"line":59,"column":8},"end":{"line":63,"column":9}},"11":{"start":{"line":60,"column":12},"end":{"line":60,"column":44}},"12":{"start":{"line":61,"column":12},"end":{"line":61,"column":81}},"13":{"start":{"line":62,"column":12},"end":{"line":62,"column":19}},"14":{"start":{"line":65,"column":8},"end":{"line":65,"column":28}},"15":{"start":{"line":75,"column":24},"end":{"line":75,"column":75}},"16":{"start":{"line":76,"column":21},"end":{"line":76,"column":34}},"17":{"start":{"line":77,"column":24},"end":{"line":77,"column":43}},"18":{"start":{"line":78,"column":19},"end":{"line":78,"column":30}},"19":{"start":{"line":80,"column":8},"end":{"line":82,"column":9}},"20":{"start":{"line":81,"column":12},"end":{"line":81,"column":24}},"21":{"start":{"line":84,"column":8},"end":{"line":84,"column":56}},"22":{"start":{"line":88,"column":22},"end":{"line":88,"column":36}},"23":{"start":{"line":90,"column":8},"end":{"line":93,"column":9}},"24":{"start":{"line":91,"column":12},"end":{"line":91,"column":32}},"25":{"start":{"line":92,"column":12},"end":{"line":92,"column":19}},"26":{"start":{"line":95,"column":24},"end":{"line":95,"column":53}},"27":{"start":{"line":97,"column":8},"end":{"line":102,"column":9}},"28":{"start":{"line":100,"column":12},"end":{"line":100,"column":32}},"29":{"start":{"line":101,"column":12},"end":{"line":101,"column":19}},"30":{"start":{"line":104,"column":8},"end":{"line":104,"column":65}},"31":{"start":{"line":106,"column":8},"end":{"line":122,"column":9}},"32":{"start":{"line":107,"column":12},"end":{"line":111,"column":15}},"33":{"start":{"line":113,"column":12},"end":{"line":115,"column":15}},"34":{"start":{"line":120,"column":12},"end":{"line":120,"column":32}},"35":{"start":{"line":121,"column":12},"end":{"line":121,"column":19}},"36":{"start":{"line":124,"column":8},"end":{"line":124,"column":28}},"37":{"start":{"line":135,"column":24},"end":{"line":140,"column":10}},"38":{"start":{"line":136,"column":12},"end":{"line":139,"column":14}},"39":{"start":{"line":137,"column":22},"end":{"line":137,"column":97}},"40":{"start":{"line":142,"column":8},"end":{"line":146,"column":9}},"41":{"start":{"line":143,"column":12},"end":{"line":143,"column":64}},"42":{"start":{"line":145,"column":12},"end":{"line":145,"column":32}},"43":{"start":{"line":48,"column":0},"end":{"line":48,"column":13}}},"fnMap":{"0":{"name":"(anonymous_0)","decl":{"start":{"line":49,"column":11},"end":{"line":49,"column":24}},"loc":{"start":{"line":49,"column":52},"end":{"line":66,"column":5}}},"1":{"name":"(anonymous_1)","decl":{"start":{"line":74,"column":12},"end":{"line":74,"column":30}},"loc":{"start":{"line":74,"column":56},"end":{"line":85,"column":5}}},"2":{"name":"(anonymous_2)","decl":{"start":{"line":87,"column":11},"end":{"line":87,"column":16}},"loc":{"start":{"line":87,"column":58},"end":{"line":125,"column":5}}},"3":{"name":"(anonymous_3)","decl":{"start":{"line":133,"column":12},"end":{"line":133,"column":17}},"loc":{"start":{"line":133,"column":57},"end":{"line":147,"column":5}}},"4":{"name":"(anonymous_4)","decl":{"start":{"line":135,"column":43},"end":{"line":135,"column":44}},"loc":{"start":{"line":135,"column":57},"end":{"line":140,"column":9}}},"5":{"name":"(anonymous_5)","decl":{"start":{"line":137,"column":16},"end":{"line":137,"column":19}},"loc":{"start":{"line":137,"column":22},"end":{"line":137,"column":97}}}},"branchMap":{"0":{"loc":{"start":{"line":54,"column":8},"end":{"line":57,"column":9}},"type":"if","locations":[{"start":{"line":54,"column":8},"end":{"line":57,"column":9}},{"start":{},"end":{}}]},"1":{"loc":{"start":{"line":54,"column":12},"end":{"line":54,"column":65}},"type":"binary-expr","locations":[{"start":{"line":54,"column":12},"end":{"line":54,"column":36}},{"start":{"line":54,"column":40},"end":{"line":54,"column":65}}]},"2":{"loc":{"start":{"line":59,"column":8},"end":{"line":63,"column":9}},"type":"if","locations":[{"start":{"line":59,"column":8},"end":{"line":63,"column":9}},{"start":{},"end":{}}]},"3":{"loc":{"start":{"line":59,"column":12},"end":{"line":59,"column":65}},"type":"binary-expr","locations":[{"start":{"line":59,"column":12},"end":{"line":59,"column":32}},{"start":{"line":59,"column":36},"end":{"line":59,"column":65}}]},"4":{"loc":{"start":{"line":61,"column":33},"end":{"line":61,"column":79}},"type":"cond-expr","locations":[{"start":{"line":61,"column":65},"end":{"line":61,"column":74}},{"start":{"line":61,"column":77},"end":{"line":61,"column":79}}]},"5":{"loc":{"start":{"line":80,"column":8},"end":{"line":82,"column":9}},"type":"if","locations":[{"start":{"line":80,"column":8},"end":{"line":82,"column":9}},{"start":{},"end":{}}]},"6":{"loc":{"start":{"line":80,"column":12},"end":{"line":80,"column":117}},"type":"binary-expr","locations":[{"start":{"line":80,"column":12},"end":{"line":80,"column":36}},{"start":{"line":80,"column":40},"end":{"line":80,"column":67}},{"start":{"line":80,"column":71},"end":{"line":80,"column":91}},{"start":{"line":80,"column":95},"end":{"line":80,"column":117}}]},"7":{"loc":{"start":{"line":88,"column":22},"end":{"line":88,"column":36}},"type":"binary-expr","locations":[{"start":{"line":88,"column":22},"end":{"line":88,"column":30}},{"start":{"line":88,"column":34},"end":{"line":88,"column":36}}]},"8":{"loc":{"start":{"line":90,"column":8},"end":{"line":93,"column":9}},"type":"if","locations":[{"start":{"line":90,"column":8},"end":{"line":93,"column":9}},{"start":{},"end":{}}]},"9":{"loc":{"start":{"line":97,"column":8},"end":{"line":102,"column":9}},"type":"if","locations":[{"start":{"line":97,"column":8},"end":{"line":102,"column":9}},{"start":{},"end":{}}]}},"s":{"0":2,"1":2,"2":2,"3":2,"4":4,"5":4,"6":4,"7":4,"8":1,"9":1,"10":3,"11":2,"12":2,"13":2,"14":1,"15":17,"16":17,"17":17,"18":17,"19":17,"20":10,"21":7,"22":20,"23":20,"24":3,"25":3,"26":17,"27":17,"28":10,"29":10,"30":7,"31":7,"32":7,"33":5,"34":5,"35":5,"36":2,"37":7,"38":7,"39":1,"40":7,"41":7,"42":7,"43":2},"f":{"0":4,"1":17,"2":20,"3":7,"4":7,"5":1},"b":{"0":[1,3],"1":[4,3],"2":[2,1],"3":[3,3],"4":[1,1],"5":[10,7],"6":[17,9,8,7],"7":[20,2],"8":[3,17],"9":[10,7]}}
,"/Users/a/Desktop/Kolo-Backend/src/hooks/useWallet.ts": {"path":"/Users/a/Desktop/Kolo-Backend/src/hooks/useWallet.ts","statementMap":{"0":{"start":{"line":58,"column":0},"end":{"line":58,"column":16}},"1":{"start":{"line":92,"column":9},"end":{"line":92,"column":24}},"2":{"start":{"line":1,"column":0},"end":{"line":1,"column":59}},"3":{"start":{"line":20,"column":34},"end":{"line":24,"column":2}},"4":{"start":{"line":27,"column":4},"end":{"line":38,"column":5}},"5":{"start":{"line":29,"column":12},"end":{"line":29,"column":66}},"6":{"start":{"line":31,"column":12},"end":{"line":31,"column":76}},"7":{"start":{"line":33,"column":12},"end":{"line":33,"column":74}},"8":{"start":{"line":35,"column":12},"end":{"line":35,"column":32}},"9":{"start":{"line":37,"column":12},"end":{"line":37,"column":25}},"10":{"start":{"line":42,"column":21},"end":{"line":42,"column":59}},"11":{"start":{"line":44,"column":4},"end":{"line":47,"column":5}},"12":{"start":{"line":45,"column":21},"end":{"line":45,"column":58}},"13":{"start":{"line":45,"column":55},"end":{"line":45,"column":57}},"14":{"start":{"line":46,"column":8},"end":{"line":46,"column":83}},"15":{"start":{"line":49,"column":17},"end":{"line":49,"column":38}},"16":{"start":{"line":51,"column":4},"end":{"line":53,"column":5}},"17":{"start":{"line":52,"column":8},"end":{"line":52,"column":58}},"18":{"start":{"line":55,"column":4},"end":{"line":55,"column":64}},"19":{"start":{"line":59,"column":30},"end":{"line":59,"column":69}},"20":{"start":{"line":61,"column":24},"end":{"line":71,"column":10}},"21":{"start":{"line":62,"column":8},"end":{"line":62,"column":42}},"22":{"start":{"line":63,"column":8},"end":{"line":70,"column":9}},"23":{"start":{"line":64,"column":25},"end":{"line":64,"column":54}},"24":{"start":{"line":65,"column":12},"end":{"line":65,"column":63}},"25":{"start":{"line":67,"column":12},"end":{"line":67,"column":81}},"26":{"start":{"line":67,"column":74},"end":{"line":67,"column":81}},"27":{"start":{"line":68,"column":28},"end":{"line":68,"column":80}},"28":{"start":{"line":69,"column":12},"end":{"line":69,"column":64}},"29":{"start":{"line":73,"column":4},"end":{"line":79,"column":22}},"30":{"start":{"line":74,"column":27},"end":{"line":74,"column":48}},"31":{"start":{"line":76,"column":8},"end":{"line":76,"column":39}},"32":{"start":{"line":78,"column":8},"end":{"line":78,"column":40}},"33":{"start":{"line":78,"column":21},"end":{"line":78,"column":39}},"34":{"start":{"line":81,"column":18},"end":{"line":81,"column":68}},"35":{"start":{"line":81,"column":36},"end":{"line":81,"column":63}},"36":{"start":{"line":83,"column":20},"end":{"line":87,"column":21}},"37":{"start":{"line":84,"column":27},"end":{"line":84,"column":48}},"38":{"start":{"line":85,"column":8},"end":{"line":85,"column":39}},"39":{"start":{"line":86,"column":8},"end":{"line":86,"column":40}},"40":{"start":{"line":86,"column":21},"end":{"line":86,"column":39}},"41":{"start":{"line":89,"column":4},"end":{"line":89,"column":49}}},"fnMap":{"0":{"name":"walletReducer","decl":{"start":{"line":26,"column":9},"end":{"line":26,"column":22}},"loc":{"start":{"line":26,"column":63},"end":{"line":39,"column":1}}},"1":{"name":"fetchWalletData","decl":{"start":{"line":41,"column":15},"end":{"line":41,"column":30}},"loc":{"start":{"line":41,"column":51},"end":{"line":56,"column":1}}},"2":{"name":"(anonymous_2)","decl":{"start":{"line":45,"column":49},"end":{"line":45,"column":52}},"loc":{"start":{"line":45,"column":55},"end":{"line":45,"column":57}}},"3":{"name":"useWallet","decl":{"start":{"line":58,"column":16},"end":{"line":58,"column":25}},"loc":{"start":{"line":58,"column":25},"end":{"line":90,"column":1}}},"4":{"name":"(anonymous_4)","decl":{"start":{"line":61,"column":36},"end":{"line":61,"column":41}},"loc":{"start":{"line":61,"column":67},"end":{"line":71,"column":5}}},"5":{"name":"(anonymous_5)","decl":{"start":{"line":73,"column":14},"end":{"line":73,"column":17}},"loc":{"start":{"line":73,"column":19},"end":{"line":79,"column":5}}},"6":{"name":"(anonymous_6)","decl":{"start":{"line":78,"column":15},"end":{"line":78,"column":18}},"loc":{"start":{"line":78,"column":21},"end":{"line":78,"column":39}}},"7":{"name":"(anonymous_7)","decl":{"start":{"line":81,"column":30},"end":{"line":81,"column":33}},"loc":{"start":{"line":81,"column":36},"end":{"line":81,"column":63}}},"8":{"name":"(anonymous_8)","decl":{"start":{"line":83,"column":32},"end":{"line":83,"column":35}},"loc":{"start":{"line":83,"column":37},"end":{"line":87,"column":5}}},"9":{"name":"(anonymous_9)","decl":{"start":{"line":86,"column":15},"end":{"line":86,"column":18}},"loc":{"start":{"line":86,"column":21},"end":{"line":86,"column":39}}}},"branchMap":{"0":{"loc":{"start":{"line":27,"column":4},"end":{"line":38,"column":5}},"type":"switch","locations":[{"start":{"line":28,"column":8},"end":{"line":29,"column":66}},{"start":{"line":30,"column":8},"end":{"line":31,"column":76}},{"start":{"line":32,"column":8},"end":{"line":33,"column":74}},{"start":{"line":34,"column":8},"end":{"line":35,"column":32}},{"start":{"line":36,"column":8},"end":{"line":37,"column":25}}]},"1":{"loc":{"start":{"line":44,"column":4},"end":{"line":47,"column":5}},"type":"if","locations":[{"start":{"line":44,"column":4},"end":{"line":47,"column":5}},{"start":{},"end":{}}]},"2":{"loc":{"start":{"line":46,"column":24},"end":{"line":46,"column":81}},"type":"binary-expr","locations":[{"start":{"line":46,"column":24},"end":{"line":46,"column":28}},{"start":{"line":46,"column":32},"end":{"line":46,"column":81}}]},"3":{"loc":{"start":{"line":51,"column":4},"end":{"line":53,"column":5}},"type":"if","locations":[{"start":{"line":51,"column":4},"end":{"line":53,"column":5}},{"start":{},"end":{}}]},"4":{"loc":{"start":{"line":51,"column":8},"end":{"line":51,"column":87}},"type":"binary-expr","locations":[{"start":{"line":51,"column":8},"end":{"line":51,"column":13}},{"start":{"line":51,"column":17},"end":{"line":51,"column":49}},{"start":{"line":51,"column":53},"end":{"line":51,"column":87}}]},"5":{"loc":{"start":{"line":67,"column":12},"end":{"line":67,"column":81}},"type":"if","locations":[{"start":{"line":67,"column":12},"end":{"line":67,"column":81}},{"start":{},"end":{}}]},"6":{"loc":{"start":{"line":67,"column":16},"end":{"line":67,"column":72}},"type":"binary-expr","locations":[{"start":{"line":67,"column":16},"end":{"line":67,"column":43}},{"start":{"line":67,"column":47},"end":{"line":67,"column":72}}]},"7":{"loc":{"start":{"line":68,"column":28},"end":{"line":68,"column":80}},"type":"cond-expr","locations":[{"start":{"line":68,"column":51},"end":{"line":68,"column":62}},{"start":{"line":68,"column":65},"end":{"line":68,"column":80}}]}},"s":{"0":1,"1":1,"2":1,"3":1,"4":10,"5":6,"6":2,"7":1,"8":1,"9":0,"10":11,"11":9,"12":2,"13":0,"14":2,"15":7,"16":7,"17":1,"18":6,"19":16,"20":16,"21":6,"22":6,"23":6,"24":5,"25":1,"26":0,"27":1,"28":1,"29":16,"30":6,"31":6,"32":6,"33":6,"34":16,"35":1,"36":16,"37":0,"38":0,"39":0,"40":0,"41":16},"f":{"0":10,"1":11,"2":0,"3":16,"4":6,"5":6,"6":6,"7":1,"8":0,"9":0},"b":{"0":[6,2,1,1,0],"1":[2,7],"2":[2,0],"3":[1,6],"4":[7,7,6],"5":[0,1],"6":[1,0],"7":[1,0]}}
,"/Users/a/Desktop/Kolo-Backend/src/lib/prisma.ts": {"path":"/Users/a/Desktop/Kolo-Backend/src/lib/prisma.ts","statementMap":{"0":{"start":{"line":1,"column":0},"end":{"line":1,"column":46}},"1":{"start":{"line":3,"column":13},"end":{"line":3,"column":41}}},"fnMap":{},"branchMap":{},"s":{"0":3,"1":3},"f":{},"b":{}}
,"/Users/a/Desktop/Kolo-Backend/src/lib/redis.ts": {"path":"/Users/a/Desktop/Kolo-Backend/src/lib/redis.ts","statementMap":{"0":{"start":{"line":1,"column":0},"end":{"line":1,"column":28}},"1":{"start":{"line":2,"column":0},"end":{"line":2,"column":39}},"2":{"start":{"line":5,"column":21},"end":{"line":5,"column":78}},"3":{"start":{"line":6,"column":0},"end":{"line":8,"column":1}},"4":{"start":{"line":7,"column":4},"end":{"line":7,"column":31}},"5":{"start":{"line":9,"column":13},"end":{"line":9,"column":64}},"6":{"start":{"line":11,"column":0},"end":{"line":13,"column":3}},"7":{"start":{"line":12,"column":4},"end":{"line":12,"column":46}}},"fnMap":{"0":{"name":"(anonymous_1)","decl":{"start":{"line":11,"column":24},"end":{"line":11,"column":25}},"loc":{"start":{"line":11,"column":32},"end":{"line":13,"column":1}}}},"branchMap":{"0":{"loc":{"start":{"line":6,"column":0},"end":{"line":8,"column":1}},"type":"if","locations":[{"start":{"line":6,"column":0},"end":{"line":8,"column":1}},{"start":{},"end":{}}]}},"s":{"0":2,"1":2,"2":2,"3":2,"4":2,"5":2,"6":2,"7":0},"f":{"0":0},"b":{"0":[2,0]}}
,"/Users/a/Desktop/Kolo-Backend/src/middleware/rateLimiter.ts": {"path":"/Users/a/Desktop/Kolo-Backend/src/middleware/rateLimiter.ts","statementMap":{"0":{"start":{"line":1,"column":0},"end":{"line":1,"column":63}},"1":{"start":{"line":2,"column":0},"end":{"line":2,"column":42}},"2":{"start":{"line":3,"column":0},"end":{"line":3,"column":43}},"3":{"start":{"line":5,"column":34},"end":{"line":18,"column":1}},"4":{"start":{"line":7,"column":17},"end":{"line":7,"column":25}},"5":{"start":{"line":8,"column":4},"end":{"line":13,"column":5}},"6":{"start":{"line":12,"column":8},"end":{"line":12,"column":63}},"7":{"start":{"line":16,"column":15},"end":{"line":16,"column":63}},"8":{"start":{"line":17,"column":4},"end":{"line":17,"column":54}},"9":{"start":{"line":5,"column":13},"end":{"line":5,"column":34}},"10":{"start":{"line":20,"column":13},"end":{"line":41,"column":3}},"11":{"start":{"line":29,"column":44},"end":{"line":29,"column":69}},"12":{"start":{"line":37,"column":8},"end":{"line":39,"column":11}}},"fnMap":{"0":{"name":"(anonymous_10)","decl":{"start":{"line":5,"column":34},"end":{"line":5,"column":35}},"loc":{"start":{"line":5,"column":55},"end":{"line":18,"column":1}}},"1":{"name":"(anonymous_11)","decl":{"start":{"line":29,"column":21},"end":{"line":29,"column":22}},"loc":{"start":{"line":29,"column":44},"end":{"line":29,"column":69}}},"2":{"name":"(anonymous_12)","decl":{"start":{"line":36,"column":13},"end":{"line":36,"column":14}},"loc":{"start":{"line":36,"column":41},"end":{"line":40,"column":5}}}},"branchMap":{"0":{"loc":{"start":{"line":8,"column":4},"end":{"line":13,"column":5}},"type":"if","locations":[{"start":{"line":8,"column":4},"end":{"line":13,"column":5}},{"start":{},"end":{}}]},"1":{"loc":{"start":{"line":9,"column":8},"end":{"line":10,"column":65}},"type":"binary-expr","locations":[{"start":{"line":9,"column":8},"end":{"line":9,"column":20}},{"start":{"line":10,"column":8},"end":{"line":10,"column":65}}]},"2":{"loc":{"start":{"line":16,"column":15},"end":{"line":16,"column":63}},"type":"binary-expr","locations":[{"start":{"line":16,"column":15},"end":{"line":16,"column":21}},{"start":{"line":16,"column":25},"end":{"line":16,"column":50}},{"start":{"line":16,"column":54},"end":{"line":16,"column":63}}]},"3":{"loc":{"start":{"line":17,"column":11},"end":{"line":17,"column":53}},"type":"cond-expr","locations":[{"start":{"line":17,"column":30},"end":{"line":17,"column":48}},{"start":{"line":17,"column":51},"end":{"line":17,"column":53}}]}},"s":{"0":1,"1":1,"2":1,"3":1,"4":5,"5":5,"6":1,"7":4,"8":4,"9":1,"10":1,"11":3,"12":0},"f":{"0":5,"1":3,"2":0},"b":{"0":[1,4],"1":[5,2],"2":[4,2,1],"3":[3,1]}}
,"/Users/a/Desktop/Kolo-Backend/src/middleware/verifySignature.ts": {"path":"/Users/a/Desktop/Kolo-Backend/src/middleware/verifySignature.ts","statementMap":{"0":{"start":{"line":1,"column":0},"end":{"line":1,"column":28}},"1":{"start":{"line":3,"column":0},"end":{"line":3,"column":39}},"2":{"start":{"line":9,"column":31},"end":{"line":38,"column":1}},"3":{"start":{"line":10,"column":22},"end":{"line":10,"column":66}},"4":{"start":{"line":12,"column":4},"end":{"line":15,"column":5}},"5":{"start":{"line":13,"column":8},"end":{"line":13,"column":61}},"6":{"start":{"line":14,"column":8},"end":{"line":14,"column":15}},"7":{"start":{"line":17,"column":4},"end":{"line":20,"column":5}},"8":{"start":{"line":18,"column":8},"end":{"line":18,"column":60}},"9":{"start":{"line":19,"column":8},"end":{"line":19,"column":15}},"10":{"start":{"line":22,"column":30},"end":{"line":25,"column":24}},"11":{"start":{"line":27,"column":4},"end":{"line":30,"column":5}},"12":{"start":{"line":28,"column":8},"end":{"line":28,"column":68}},"13":{"start":{"line":29,"column":8},"end":{"line":29,"column":15}},"14":{"start":{"line":32,"column":4},"end":{"line":35,"column":5}},"15":{"start":{"line":33,"column":8},"end":{"line":33,"column":61}},"16":{"start":{"line":34,"column":8},"end":{"line":34,"column":15}},"17":{"start":{"line":37,"column":4},"end":{"line":37,"column":11}},"18":{"start":{"line":9,"column":13},"end":{"line":9,"column":31}}},"fnMap":{"0":{"name":"(anonymous_1)","decl":{"start":{"line":9,"column":31},"end":{"line":9,"column":32}},"loc":{"start":{"line":9,"column":100},"end":{"line":38,"column":1}}}},"branchMap":{"0":{"loc":{"start":{"line":12,"column":4},"end":{"line":15,"column":5}},"type":"if","locations":[{"start":{"line":12,"column":4},"end":{"line":15,"column":5}},{"start":{},"end":{}}]},"1":{"loc":{"start":{"line":17,"column":4},"end":{"line":20,"column":5}},"type":"if","locations":[{"start":{"line":17,"column":4},"end":{"line":20,"column":5}},{"start":{},"end":{}}]},"2":{"loc":{"start":{"line":27,"column":4},"end":{"line":30,"column":5}},"type":"if","locations":[{"start":{"line":27,"column":4},"end":{"line":30,"column":5}},{"start":{},"end":{}}]},"3":{"loc":{"start":{"line":32,"column":4},"end":{"line":35,"column":5}},"type":"if","locations":[{"start":{"line":32,"column":4},"end":{"line":35,"column":5}},{"start":{},"end":{}}]}},"s":{"0":2,"1":2,"2":2,"3":8,"4":8,"5":2,"6":2,"7":6,"8":1,"9":1,"10":5,"11":5,"12":1,"13":1,"14":4,"15":2,"16":2,"17":2,"18":2},"f":{"0":8},"b":{"0":[2,6],"1":[1,5],"2":[1,4],"3":[2,2]}}
,"/Users/a/Desktop/Kolo-Backend/src/queue/message.queue.ts": {"path":"/Users/a/Desktop/Kolo-Backend/src/queue/message.queue.ts","statementMap":{"0":{"start":{"line":37,"column":0},"end":{"line":37,"column":7}},"1":{"start":{"line":49,"column":0},"end":{"line":49,"column":7}},"2":{"start":{"line":1,"column":0},"end":{"line":1,"column":36}},"3":{"start":{"line":2,"column":0},"end":{"line":2,"column":39}},"4":{"start":{"line":11,"column":19},"end":{"line":13,"column":2}},"5":{"start":{"line":15,"column":26},"end":{"line":23,"column":2}},"6":{"start":{"line":25,"column":34},"end":{"line":25,"column":38}},"7":{"start":{"line":28,"column":4},"end":{"line":33,"column":5}},"8":{"start":{"line":29,"column":8},"end":{"line":32,"column":11}},"9":{"start":{"line":34,"column":4},"end":{"line":34,"column":25}},"10":{"start":{"line":38,"column":18},"end":{"line":38,"column":28}},"11":{"start":{"line":42,"column":18},"end":{"line":42,"column":40}},"12":{"start":{"line":44,"column":4},"end":{"line":46,"column":7}},"13":{"start":{"line":50,"column":4},"end":{"line":53,"column":5}},"14":{"start":{"line":51,"column":8},"end":{"line":51,"column":36}},"15":{"start":{"line":52,"column":8},"end":{"line":52,"column":29}}},"fnMap":{"0":{"name":"getQueue","decl":{"start":{"line":27,"column":9},"end":{"line":27,"column":17}},"loc":{"start":{"line":27,"column":17},"end":{"line":35,"column":1}}},"1":{"name":"enqueueMessage","decl":{"start":{"line":37,"column":22},"end":{"line":37,"column":36}},"loc":{"start":{"line":37,"column":57},"end":{"line":47,"column":1}}},"2":{"name":"closeQueue","decl":{"start":{"line":49,"column":22},"end":{"line":49,"column":32}},"loc":{"start":{"line":49,"column":32},"end":{"line":54,"column":1}}}},"branchMap":{"0":{"loc":{"start":{"line":28,"column":4},"end":{"line":33,"column":5}},"type":"if","locations":[{"start":{"line":28,"column":4},"end":{"line":33,"column":5}},{"start":{},"end":{}}]},"1":{"loc":{"start":{"line":50,"column":4},"end":{"line":53,"column":5}},"type":"if","locations":[{"start":{"line":50,"column":4},"end":{"line":53,"column":5}},{"start":{},"end":{}}]}},"s":{"0":1,"1":1,"2":1,"3":1,"4":1,"5":1,"6":1,"7":6,"8":1,"9":6,"10":6,"11":6,"12":6,"13":1,"14":1,"15":1},"f":{"0":6,"1":6,"2":1},"b":{"0":[1,5],"1":[1,0]}}
,"/Users/a/Desktop/Kolo-Backend/src/routes/bot.routes.ts": {"path":"/Users/a/Desktop/Kolo-Backend/src/routes/bot.routes.ts","statementMap":{"0":{"start":{"line":1,"column":0},"end":{"line":1,"column":33}},"1":{"start":{"line":2,"column":0},"end":{"line":2,"column":62}},"2":{"start":{"line":3,"column":0},"end":{"line":3,"column":63}},"3":{"start":{"line":5,"column":0},"end":{"line":5,"column":64}},"4":{"start":{"line":7,"column":15},"end":{"line":7,"column":23}},"5":{"start":{"line":8,"column":22},"end":{"line":8,"column":41}},"6":{"start":{"line":10,"column":0},"end":{"line":10,"column":92}},"7":{"start":{"line":11,"column":0},"end":{"line":11,"column":110}},"8":{"start":{"line":13,"column":0},"end":{"line":13,"column":22}}},"fnMap":{},"branchMap":{},"s":{"0":1,"1":1,"2":1,"3":1,"4":1,"5":1,"6":1,"7":1,"8":1},"f":{},"b":{}}
,"/Users/a/Desktop/Kolo-Backend/src/services/group.service.ts": {"path":"/Users/a/Desktop/Kolo-Backend/src/services/group.service.ts","statementMap":{"0":{"start":{"line":1,"column":0},"end":{"line":1,"column":54}},"1":{"start":{"line":3,"column":15},"end":{"line":3,"column":33}},"2":{"start":{"line":13,"column":29},"end":{"line":13,"column":93}},"3":{"start":{"line":14,"column":8},"end":{"line":16,"column":9}},"4":{"start":{"line":15,"column":12},"end":{"line":15,"column":96}},"5":{"start":{"line":17,"column":8},"end":{"line":22,"column":9}},"6":{"start":{"line":18,"column":32},"end":{"line":18,"column":80}},"7":{"start":{"line":19,"column":12},"end":{"line":21,"column":13}},"8":{"start":{"line":20,"column":16},"end":{"line":20,"column":82}},"9":{"start":{"line":23,"column":8},"end":{"line":25,"column":9}},"10":{"start":{"line":24,"column":12},"end":{"line":24,"column":83}},"11":{"start":{"line":29,"column":8},"end":{"line":29,"column":44}},"12":{"start":{"line":30,"column":8},"end":{"line":42,"column":11}},"13":{"start":{"line":46,"column":8},"end":{"line":52,"column":11}},"14":{"start":{"line":56,"column":8},"end":{"line":63,"column":11}},"15":{"start":{"line":67,"column":8},"end":{"line":70,"column":11}},"16":{"start":{"line":74,"column":8},"end":{"line":74,"column":44}},"17":{"start":{"line":75,"column":8},"end":{"line":83,"column":11}},"18":{"start":{"line":87,"column":8},"end":{"line":89,"column":11}},"19":{"start":{"line":93,"column":8},"end":{"line":95,"column":11}},"20":{"start":{"line":5,"column":0},"end":{"line":5,"column":13}}},"fnMap":{"0":{"name":"(anonymous_0)","decl":{"start":{"line":12,"column":12},"end":{"line":12,"column":18}},"loc":{"start":{"line":12,"column":65},"end":{"line":26,"column":5}}},"1":{"name":"(anonymous_1)","decl":{"start":{"line":28,"column":11},"end":{"line":28,"column":16}},"loc":{"start":{"line":28,"column":109},"end":{"line":43,"column":5}}},"2":{"name":"(anonymous_2)","decl":{"start":{"line":45,"column":11},"end":{"line":45,"column":16}},"loc":{"start":{"line":45,"column":58},"end":{"line":53,"column":5}}},"3":{"name":"(anonymous_3)","decl":{"start":{"line":55,"column":11},"end":{"line":55,"column":16}},"loc":{"start":{"line":55,"column":46},"end":{"line":64,"column":5}}},"4":{"name":"(anonymous_4)","decl":{"start":{"line":66,"column":11},"end":{"line":66,"column":16}},"loc":{"start":{"line":66,"column":50},"end":{"line":71,"column":5}}},"5":{"name":"(anonymous_5)","decl":{"start":{"line":73,"column":11},"end":{"line":73,"column":16}},"loc":{"start":{"line":73,"column":113},"end":{"line":84,"column":5}}},"6":{"name":"(anonymous_6)","decl":{"start":{"line":86,"column":11},"end":{"line":86,"column":16}},"loc":{"start":{"line":86,"column":54},"end":{"line":90,"column":5}}},"7":{"name":"(anonymous_7)","decl":{"start":{"line":92,"column":11},"end":{"line":92,"column":16}},"loc":{"start":{"line":92,"column":56},"end":{"line":96,"column":5}}}},"branchMap":{"0":{"loc":{"start":{"line":13,"column":29},"end":{"line":13,"column":93}},"type":"cond-expr","locations":[{"start":{"line":13,"column":58},"end":{"line":13,"column":76}},{"start":{"line":13,"column":79},"end":{"line":13,"column":93}}]},"1":{"loc":{"start":{"line":14,"column":8},"end":{"line":16,"column":9}},"type":"if","locations":[{"start":{"line":14,"column":8},"end":{"line":16,"column":9}},{"start":{},"end":{}}]},"2":{"loc":{"start":{"line":14,"column":12},"end":{"line":14,"column":52}},"type":"binary-expr","locations":[{"start":{"line":14,"column":12},"end":{"line":14,"column":31}},{"start":{"line":14,"column":35},"end":{"line":14,"column":52}}]},"3":{"loc":{"start":{"line":17,"column":8},"end":{"line":22,"column":9}},"type":"if","locations":[{"start":{"line":17,"column":8},"end":{"line":22,"column":9}},{"start":{},"end":{}}]},"4":{"loc":{"start":{"line":18,"column":32},"end":{"line":18,"column":80}},"type":"cond-expr","locations":[{"start":{"line":18,"column":55},"end":{"line":18,"column":75}},{"start":{"line":18,"column":78},"end":{"line":18,"column":80}}]},"5":{"loc":{"start":{"line":19,"column":12},"end":{"line":21,"column":13}},"type":"if","locations":[{"start":{"line":19,"column":12},"end":{"line":21,"column":13}},{"start":{},"end":{}}]},"6":{"loc":{"start":{"line":23,"column":8},"end":{"line":25,"column":9}},"type":"if","locations":[{"start":{"line":23,"column":8},"end":{"line":25,"column":9}},{"start":{},"end":{}}]}},"s":{"0":3,"1":3,"2":10,"3":10,"4":4,"5":6,"6":6,"7":6,"8":2,"9":4,"10":2,"11":5,"12":1,"13":1,"14":1,"15":2,"16":5,"17":1,"18":2,"19":2,"20":3},"f":{"0":10,"1":5,"2":1,"3":1,"4":2,"5":5,"6":2,"7":2},"b":{"0":[10,0],"1":[4,6],"2":[10,10],"3":[6,0],"4":[2,4],"5":[2,4],"6":[2,2]}}
,"/Users/a/Desktop/Kolo-Backend/src/services/locale.service.ts": {"path":"/Users/a/Desktop/Kolo-Backend/src/services/locale.service.ts","statementMap":{"0":{"start":{"line":11,"column":0},"end":{"line":11,"column":7}},"1":{"start":{"line":29,"column":0},"end":{"line":29,"column":16}},"2":{"start":{"line":41,"column":0},"end":{"line":41,"column":16}},"3":{"start":{"line":1,"column":0},"end":{"line":1,"column":30}},"4":{"start":{"line":2,"column":0},"end":{"line":2,"column":36}},"5":{"start":{"line":3,"column":0},"end":{"line":3,"column":36}},"6":{"start":{"line":4,"column":0},"end":{"line":4,"column":36}},"7":{"start":{"line":6,"column":28},"end":{"line":6,"column":55}},"8":{"start":{"line":9,"column":18},"end":{"line":9,"column":23}},"9":{"start":{"line":12,"column":4},"end":{"line":12,"column":28}},"10":{"start":{"line":12,"column":21},"end":{"line":12,"column":28}},"11":{"start":{"line":13,"column":4},"end":{"line":25,"column":7}},"12":{"start":{"line":26,"column":4},"end":{"line":26,"column":23}},"13":{"start":{"line":34,"column":25},"end":{"line":36,"column":14}},"14":{"start":{"line":38,"column":4},"end":{"line":38,"column":60}},"15":{"start":{"line":42,"column":4},"end":{"line":42,"column":67}}},"fnMap":{"0":{"name":"initI18n","decl":{"start":{"line":11,"column":22},"end":{"line":11,"column":30}},"loc":{"start":{"line":11,"column":30},"end":{"line":27,"column":1}}},"1":{"name":"t","decl":{"start":{"line":29,"column":16},"end":{"line":29,"column":17}},"loc":{"start":{"line":32,"column":44},"end":{"line":39,"column":1}}},"2":{"name":"isSupportedLanguage","decl":{"start":{"line":41,"column":16},"end":{"line":41,"column":35}},"loc":{"start":{"line":41,"column":48},"end":{"line":43,"column":1}}}},"branchMap":{"0":{"loc":{"start":{"line":12,"column":4},"end":{"line":12,"column":28}},"type":"if","locations":[{"start":{"line":12,"column":4},"end":{"line":12,"column":28}},{"start":{},"end":{}}]},"1":{"loc":{"start":{"line":34,"column":25},"end":{"line":36,"column":14}},"type":"cond-expr","locations":[{"start":{"line":35,"column":10},"end":{"line":35,"column":14}},{"start":{"line":36,"column":10},"end":{"line":36,"column":14}}]}},"s":{"0":17,"1":17,"2":17,"3":17,"4":17,"5":17,"6":17,"7":17,"8":17,"9":18,"10":1,"11":17,"12":17,"13":11,"14":11,"15":4},"f":{"0":18,"1":11,"2":4},"b":{"0":[1,17],"1":[10,1]}}
,"/Users/a/Desktop/Kolo-Backend/src/services/message-processor.service.ts": {"path":"/Users/a/Desktop/Kolo-Backend/src/services/message-processor.service.ts","statementMap":{"0":{"start":{"line":1,"column":0},"end":{"line":1,"column":53}},"1":{"start":{"line":2,"column":0},"end":{"line":2,"column":51}},"2":{"start":{"line":3,"column":0},"end":{"line":3,"column":45}},"3":{"start":{"line":4,"column":0},"end":{"line":4,"column":47}},"4":{"start":{"line":5,"column":0},"end":{"line":5,"column":51}},"5":{"start":{"line":6,"column":0},"end":{"line":6,"column":37}},"6":{"start":{"line":7,"column":0},"end":{"line":7,"column":43}},"7":{"start":{"line":21,"column":8},"end":{"line":21,"column":72}},"8":{"start":{"line":22,"column":8},"end":{"line":22,"column":69}},"9":{"start":{"line":23,"column":8},"end":{"line":23,"column":60}},"10":{"start":{"line":24,"column":8},"end":{"line":24,"column":63}},"11":{"start":{"line":38,"column":8},"end":{"line":40,"column":9}},"12":{"start":{"line":39,"column":12},"end":{"line":39,"column":47}},"13":{"start":{"line":41,"column":22},"end":{"line":41,"column":43}},"14":{"start":{"line":42,"column":8},"end":{"line":44,"column":9}},"15":{"start":{"line":43,"column":12},"end":{"line":43,"column":44}},"16":{"start":{"line":45,"column":28},"end":{"line":45,"column":82}},"17":{"start":{"line":46,"column":8},"end":{"line":48,"column":9}},"18":{"start":{"line":47,"column":12},"end":{"line":47,"column":51}},"19":{"start":{"line":49,"column":8},"end":{"line":51,"column":9}},"20":{"start":{"line":50,"column":12},"end":{"line":50,"column":44}},"21":{"start":{"line":52,"column":8},"end":{"line":52,"column":20}},"22":{"start":{"line":56,"column":23},"end":{"line":56,"column":47}},"23":{"start":{"line":57,"column":8},"end":{"line":57,"column":40}},"24":{"start":{"line":57,"column":33},"end":{"line":57,"column":40}},"25":{"start":{"line":59,"column":21},"end":{"line":59,"column":44}},"26":{"start":{"line":60,"column":21},"end":{"line":60,"column":69}},"27":{"start":{"line":62,"column":8},"end":{"line":101,"column":9}},"28":{"start":{"line":63,"column":12},"end":{"line":71,"column":13}},"29":{"start":{"line":64,"column":16},"end":{"line":64,"column":75}},"30":{"start":{"line":65,"column":19},"end":{"line":71,"column":13}},"31":{"start":{"line":66,"column":16},"end":{"line":66,"column":73}},"32":{"start":{"line":67,"column":19},"end":{"line":71,"column":13}},"33":{"start":{"line":68,"column":16},"end":{"line":68,"column":76}},"34":{"start":{"line":69,"column":19},"end":{"line":71,"column":13}},"35":{"start":{"line":70,"column":16},"end":{"line":70,"column":75}},"36":{"start":{"line":73,"column":12},"end":{"line":93,"column":13}},"37":{"start":{"line":75,"column":20},"end":{"line":75,"column":58}},"38":{"start":{"line":77,"column":20},"end":{"line":77,"column":75}},"39":{"start":{"line":79,"column":20},"end":{"line":79,"column":58}},"40":{"start":{"line":81,"column":20},"end":{"line":81,"column":72}},"41":{"start":{"line":83,"column":20},"end":{"line":83,"column":75}},"42":{"start":{"line":85,"column":20},"end":{"line":85,"column":78}},"43":{"start":{"line":87,"column":20},"end":{"line":87,"column":76}},"44":{"start":{"line":90,"column":20},"end":{"line":90,"column":55}},"45":{"start":{"line":92,"column":20},"end":{"line":92,"column":64}},"46":{"start":{"line":95,"column":12},"end":{"line":95,"column":62}},"47":{"start":{"line":96,"column":25},"end":{"line":96,"column":103}},"48":{"start":{"line":96,"column":83},"end":{"line":96,"column":101}},"49":{"start":{"line":97,"column":12},"end":{"line":100,"column":14}},"50":{"start":{"line":105,"column":21},"end":{"line":105,"column":65}},"51":{"start":{"line":106,"column":21},"end":{"line":106,"column":42}},"52":{"start":{"line":108,"column":8},"end":{"line":110,"column":9}},"53":{"start":{"line":109,"column":12},"end":{"line":109,"column":94}},"54":{"start":{"line":111,"column":30},"end":{"line":111,"column":60}},"55":{"start":{"line":112,"column":24},"end":{"line":112,"column":73}},"56":{"start":{"line":113,"column":8},"end":{"line":113,"column":94}},"57":{"start":{"line":117,"column":21},"end":{"line":117,"column":65}},"58":{"start":{"line":118,"column":21},"end":{"line":118,"column":42}},"59":{"start":{"line":120,"column":8},"end":{"line":122,"column":9}},"60":{"start":{"line":121,"column":12},"end":{"line":121,"column":94}},"61":{"start":{"line":124,"column":23},"end":{"line":124,"column":74}},"62":{"start":{"line":125,"column":21},"end":{"line":125,"column":30}},"63":{"start":{"line":127,"column":31},"end":{"line":127,"column":66}},"64":{"start":{"line":128,"column":8},"end":{"line":135,"column":9}},"65":{"start":{"line":129,"column":32},"end":{"line":129,"column":69}},"66":{"start":{"line":130,"column":12},"end":{"line":134,"column":13}},"67":{"start":{"line":131,"column":16},"end":{"line":131,"column":37}},"68":{"start":{"line":133,"column":16},"end":{"line":133,"column":96}},"69":{"start":{"line":137,"column":8},"end":{"line":137,"column":99}},"70":{"start":{"line":139,"column":30},"end":{"line":139,"column":60}},"71":{"start":{"line":141,"column":8},"end":{"line":204,"column":9}},"72":{"start":{"line":142,"column":28},"end":{"line":142,"column":98}},"73":{"start":{"line":144,"column":12},"end":{"line":151,"column":13}},"74":{"start":{"line":145,"column":16},"end":{"line":150,"column":17}},"75":{"start":{"line":146,"column":20},"end":{"line":146,"column":58}},"76":{"start":{"line":147,"column":20},"end":{"line":147,"column":100}},"77":{"start":{"line":149,"column":20},"end":{"line":149,"column":103}},"78":{"start":{"line":153,"column":26},"end":{"line":153,"column":51}},"79":{"start":{"line":154,"column":24},"end":{"line":154,"column":25}},"80":{"start":{"line":156,"column":12},"end":{"line":188,"column":13}},"81":{"start":{"line":157,"column":42},"end":{"line":157,"column":57}},"82":{"start":{"line":160,"column":16},"end":{"line":168,"column":17}},"83":{"start":{"line":161,"column":45},"end":{"line":161,"column":103}},"84":{"start":{"line":162,"column":20},"end":{"line":167,"column":21}},"85":{"start":{"line":163,"column":24},"end":{"line":163,"column":78}},"86":{"start":{"line":166,"column":24},"end":{"line":166,"column":118}},"87":{"start":{"line":170,"column":32},"end":{"line":170,"column":127}},"88":{"start":{"line":171,"column":34},"end":{"line":171,"column":89}},"89":{"start":{"line":173,"column":16},"end":{"line":185,"column":17}},"90":{"start":{"line":174,"column":20},"end":{"line":176,"column":23}},"91":{"start":{"line":177,"column":23},"end":{"line":185,"column":17}},"92":{"start":{"line":178,"column":20},"end":{"line":180,"column":23}},"93":{"start":{"line":182,"column":20},"end":{"line":184,"column":23}},"94":{"start":{"line":186,"column":16},"end":{"line":186,"column":32}},"95":{"start":{"line":187,"column":16},"end":{"line":187,"column":24}},"96":{"start":{"line":190,"column":12},"end":{"line":195,"column":13}},"97":{"start":{"line":191,"column":16},"end":{"line":191,"column":51}},"98":{"start":{"line":192,"column":16},"end":{"line":192,"column":86}},"99":{"start":{"line":194,"column":16},"end":{"line":194,"column":54}},"100":{"start":{"line":197,"column":12},"end":{"line":197,"column":73}},"101":{"start":{"line":199,"column":12},"end":{"line":199,"column":51}},"102":{"start":{"line":200,"column":12},"end":{"line":203,"column":14}},"103":{"start":{"line":208,"column":21},"end":{"line":208,"column":65}},"104":{"start":{"line":209,"column":21},"end":{"line":209,"column":42}},"105":{"start":{"line":210,"column":26},"end":{"line":210,"column":96}},"106":{"start":{"line":211,"column":8},"end":{"line":219,"column":10}},"107":{"start":{"line":223,"column":21},"end":{"line":223,"column":65}},"108":{"start":{"line":224,"column":21},"end":{"line":224,"column":42}},"109":{"start":{"line":226,"column":8},"end":{"line":228,"column":9}},"110":{"start":{"line":227,"column":12},"end":{"line":227,"column":87}},"111":{"start":{"line":229,"column":23},"end":{"line":229,"column":30}},"112":{"start":{"line":230,"column":28},"end":{"line":230,"column":55}},"113":{"start":{"line":231,"column":8},"end":{"line":233,"column":9}},"114":{"start":{"line":232,"column":12},"end":{"line":232,"column":86}},"115":{"start":{"line":234,"column":23},"end":{"line":234,"column":30}},"116":{"start":{"line":236,"column":8},"end":{"line":238,"column":9}},"117":{"start":{"line":237,"column":12},"end":{"line":237,"column":91}},"118":{"start":{"line":240,"column":26},"end":{"line":240,"column":68}},"119":{"start":{"line":241,"column":8},"end":{"line":246,"column":9}},"120":{"start":{"line":242,"column":12},"end":{"line":245,"column":14}},"121":{"start":{"line":248,"column":29},"end":{"line":248,"column":59}},"122":{"start":{"line":249,"column":29},"end":{"line":249,"column":105}},"123":{"start":{"line":250,"column":35},"end":{"line":250,"column":80}},"124":{"start":{"line":252,"column":8},"end":{"line":268,"column":9}},"125":{"start":{"line":253,"column":12},"end":{"line":256,"column":14}},"126":{"start":{"line":257,"column":12},"end":{"line":257,"column":92}},"127":{"start":{"line":258,"column":12},"end":{"line":261,"column":14}},"128":{"start":{"line":263,"column":12},"end":{"line":263,"column":29}},"129":{"start":{"line":264,"column":12},"end":{"line":267,"column":14}},"130":{"start":{"line":272,"column":23},"end":{"line":272,"column":67}},"131":{"start":{"line":273,"column":21},"end":{"line":273,"column":44}},"132":{"start":{"line":275,"column":8},"end":{"line":277,"column":9}},"133":{"start":{"line":276,"column":12},"end":{"line":276,"column":90}},"134":{"start":{"line":278,"column":23},"end":{"line":278,"column":30}},"135":{"start":{"line":279,"column":28},"end":{"line":279,"column":55}},"136":{"start":{"line":280,"column":8},"end":{"line":282,"column":9}},"137":{"start":{"line":281,"column":12},"end":{"line":281,"column":86}},"138":{"start":{"line":283,"column":23},"end":{"line":283,"column":30}},"139":{"start":{"line":285,"column":26},"end":{"line":285,"column":68}},"140":{"start":{"line":286,"column":8},"end":{"line":291,"column":9}},"141":{"start":{"line":287,"column":12},"end":{"line":290,"column":14}},"142":{"start":{"line":293,"column":29},"end":{"line":293,"column":89}},"143":{"start":{"line":294,"column":8},"end":{"line":301,"column":10}},"144":{"start":{"line":302,"column":8},"end":{"line":305,"column":10}},"145":{"start":{"line":309,"column":21},"end":{"line":309,"column":65}},"146":{"start":{"line":310,"column":21},"end":{"line":310,"column":42}},"147":{"start":{"line":312,"column":8},"end":{"line":314,"column":9}},"148":{"start":{"line":313,"column":12},"end":{"line":313,"column":95}},"149":{"start":{"line":315,"column":26},"end":{"line":315,"column":49}},"150":{"start":{"line":316,"column":26},"end":{"line":316,"column":43}},"151":{"start":{"line":317,"column":28},"end":{"line":317,"column":58}},"152":{"start":{"line":318,"column":8},"end":{"line":320,"column":9}},"153":{"start":{"line":319,"column":12},"end":{"line":319,"column":86}},"154":{"start":{"line":321,"column":21},"end":{"line":321,"column":35}},"155":{"start":{"line":323,"column":8},"end":{"line":334,"column":9}},"156":{"start":{"line":324,"column":26},"end":{"line":324,"column":98}},"157":{"start":{"line":325,"column":12},"end":{"line":328,"column":14}},"158":{"start":{"line":330,"column":12},"end":{"line":333,"column":14}},"159":{"start":{"line":338,"column":21},"end":{"line":338,"column":65}},"160":{"start":{"line":339,"column":21},"end":{"line":339,"column":42}},"161":{"start":{"line":341,"column":8},"end":{"line":343,"column":9}},"162":{"start":{"line":342,"column":12},"end":{"line":342,"column":93}},"163":{"start":{"line":344,"column":24},"end":{"line":344,"column":31}},"164":{"start":{"line":346,"column":8},"end":{"line":354,"column":9}},"165":{"start":{"line":347,"column":12},"end":{"line":347,"column":64}},"166":{"start":{"line":348,"column":12},"end":{"line":348,"column":88}},"167":{"start":{"line":350,"column":12},"end":{"line":353,"column":14}},"168":{"start":{"line":358,"column":21},"end":{"line":358,"column":65}},"169":{"start":{"line":359,"column":21},"end":{"line":359,"column":42}},"170":{"start":{"line":361,"column":8},"end":{"line":363,"column":9}},"171":{"start":{"line":362,"column":12},"end":{"line":362,"column":96}},"172":{"start":{"line":364,"column":23},"end":{"line":364,"column":30}},"173":{"start":{"line":365,"column":26},"end":{"line":365,"column":68}},"174":{"start":{"line":367,"column":8},"end":{"line":372,"column":9}},"175":{"start":{"line":368,"column":12},"end":{"line":371,"column":14}},"176":{"start":{"line":374,"column":28},"end":{"line":374,"column":75}},"177":{"start":{"line":375,"column":27},"end":{"line":375,"column":77}},"178":{"start":{"line":375,"column":56},"end":{"line":375,"column":76}},"179":{"start":{"line":377,"column":8},"end":{"line":382,"column":9}},"180":{"start":{"line":378,"column":12},"end":{"line":381,"column":14}},"181":{"start":{"line":384,"column":29},"end":{"line":384,"column":83}},"182":{"start":{"line":385,"column":8},"end":{"line":392,"column":10}},"183":{"start":{"line":393,"column":8},"end":{"line":396,"column":10}},"184":{"start":{"line":400,"column":21},"end":{"line":400,"column":65}},"185":{"start":{"line":401,"column":21},"end":{"line":401,"column":42}},"186":{"start":{"line":402,"column":28},"end":{"line":402,"column":75}},"187":{"start":{"line":404,"column":8},"end":{"line":409,"column":9}},"188":{"start":{"line":405,"column":12},"end":{"line":408,"column":14}},"189":{"start":{"line":411,"column":25},"end":{"line":411,"column":55}},"190":{"start":{"line":412,"column":8},"end":{"line":420,"column":11}},"191":{"start":{"line":413,"column":12},"end":{"line":419,"column":15}},"192":{"start":{"line":422,"column":8},"end":{"line":422,"column":72}},"193":{"start":{"line":426,"column":21},"end":{"line":426,"column":65}},"194":{"start":{"line":427,"column":21},"end":{"line":427,"column":42}},"195":{"start":{"line":429,"column":8},"end":{"line":431,"column":9}},"196":{"start":{"line":430,"column":12},"end":{"line":430,"column":93}},"197":{"start":{"line":432,"column":26},"end":{"line":432,"column":33}},"198":{"start":{"line":433,"column":28},"end":{"line":433,"column":58}},"199":{"start":{"line":434,"column":8},"end":{"line":436,"column":9}},"200":{"start":{"line":435,"column":12},"end":{"line":435,"column":86}},"201":{"start":{"line":438,"column":28},"end":{"line":438,"column":75}},"202":{"start":{"line":439,"column":8},"end":{"line":441,"column":9}},"203":{"start":{"line":440,"column":12},"end":{"line":440,"column":96}},"204":{"start":{"line":443,"column":22},"end":{"line":443,"column":42}},"205":{"start":{"line":449,"column":25},"end":{"line":449,"column":69}},"206":{"start":{"line":450,"column":28},"end":{"line":450,"column":49}},"207":{"start":{"line":451,"column":8},"end":{"line":456,"column":9}},"208":{"start":{"line":452,"column":12},"end":{"line":455,"column":14}},"209":{"start":{"line":458,"column":8},"end":{"line":460,"column":9}},"210":{"start":{"line":459,"column":12},"end":{"line":459,"column":91}},"211":{"start":{"line":461,"column":8},"end":{"line":463,"column":9}},"212":{"start":{"line":462,"column":12},"end":{"line":462,"column":148}},"213":{"start":{"line":465,"column":29},"end":{"line":465,"column":59}},"214":{"start":{"line":466,"column":29},"end":{"line":466,"column":105}},"215":{"start":{"line":467,"column":35},"end":{"line":467,"column":58}},"216":{"start":{"line":469,"column":8},"end":{"line":488,"column":9}},"217":{"start":{"line":470,"column":12},"end":{"line":473,"column":14}},"218":{"start":{"line":475,"column":31},"end":{"line":475,"column":113}},"219":{"start":{"line":476,"column":27},"end":{"line":476,"column":75}},"220":{"start":{"line":478,"column":12},"end":{"line":478,"column":90}},"221":{"start":{"line":479,"column":12},"end":{"line":482,"column":14}},"222":{"start":{"line":484,"column":12},"end":{"line":487,"column":14}},"223":{"start":{"line":492,"column":21},"end":{"line":492,"column":65}},"224":{"start":{"line":493,"column":21},"end":{"line":493,"column":42}},"225":{"start":{"line":495,"column":8},"end":{"line":497,"column":9}},"226":{"start":{"line":496,"column":12},"end":{"line":496,"column":91}},"227":{"start":{"line":498,"column":26},"end":{"line":498,"column":33}},"228":{"start":{"line":499,"column":28},"end":{"line":499,"column":58}},"229":{"start":{"line":500,"column":8},"end":{"line":502,"column":9}},"230":{"start":{"line":501,"column":12},"end":{"line":501,"column":86}},"231":{"start":{"line":504,"column":28},"end":{"line":504,"column":75}},"232":{"start":{"line":505,"column":8},"end":{"line":507,"column":9}},"233":{"start":{"line":506,"column":12},"end":{"line":506,"column":94}},"234":{"start":{"line":509,"column":22},"end":{"line":509,"column":42}},"235":{"start":{"line":510,"column":8},"end":{"line":513,"column":10}},"236":{"start":{"line":517,"column":21},"end":{"line":517,"column":65}},"237":{"start":{"line":518,"column":8},"end":{"line":518,"column":92}},"238":{"start":{"line":522,"column":21},"end":{"line":522,"column":65}},"239":{"start":{"line":523,"column":8},"end":{"line":523,"column":98}},"240":{"start":{"line":9,"column":0},"end":{"line":9,"column":13}}},"fnMap":{"0":{"name":"(anonymous_0)","decl":{"start":{"line":15,"column":4},"end":{"line":15,"column":null}},"loc":{"start":{"line":19,"column":35},"end":{"line":25,"column":5}}},"1":{"name":"(anonymous_1)","decl":{"start":{"line":37,"column":12},"end":{"line":37,"column":26}},"loc":{"start":{"line":37,"column":44},"end":{"line":53,"column":5}}},"2":{"name":"(anonymous_2)","decl":{"start":{"line":55,"column":11},"end":{"line":55,"column":16}},"loc":{"start":{"line":55,"column":58},"end":{"line":102,"column":5}}},"3":{"name":"(anonymous_3)","decl":{"start":{"line":96,"column":76},"end":{"line":96,"column":79}},"loc":{"start":{"line":96,"column":83},"end":{"line":96,"column":101}}},"4":{"name":"(anonymous_4)","decl":{"start":{"line":104,"column":12},"end":{"line":104,"column":17}},"loc":{"start":{"line":104,"column":44},"end":{"line":114,"column":5}}},"5":{"name":"(anonymous_5)","decl":{"start":{"line":116,"column":12},"end":{"line":116,"column":17}},"loc":{"start":{"line":116,"column":60},"end":{"line":205,"column":5}}},"6":{"name":"(anonymous_6)","decl":{"start":{"line":207,"column":12},"end":{"line":207,"column":17}},"loc":{"start":{"line":207,"column":44},"end":{"line":220,"column":5}}},"7":{"name":"(anonymous_7)","decl":{"start":{"line":222,"column":12},"end":{"line":222,"column":17}},"loc":{"start":{"line":222,"column":57},"end":{"line":269,"column":5}}},"8":{"name":"(anonymous_8)","decl":{"start":{"line":271,"column":12},"end":{"line":271,"column":17}},"loc":{"start":{"line":271,"column":60},"end":{"line":306,"column":5}}},"9":{"name":"(anonymous_9)","decl":{"start":{"line":308,"column":12},"end":{"line":308,"column":17}},"loc":{"start":{"line":308,"column":64},"end":{"line":335,"column":5}}},"10":{"name":"(anonymous_10)","decl":{"start":{"line":337,"column":12},"end":{"line":337,"column":17}},"loc":{"start":{"line":337,"column":62},"end":{"line":355,"column":5}}},"11":{"name":"(anonymous_11)","decl":{"start":{"line":357,"column":12},"end":{"line":357,"column":17}},"loc":{"start":{"line":357,"column":65},"end":{"line":397,"column":5}}},"12":{"name":"(anonymous_12)","decl":{"start":{"line":375,"column":44},"end":{"line":375,"column":45}},"loc":{"start":{"line":375,"column":56},"end":{"line":375,"column":76}}},"13":{"name":"(anonymous_13)","decl":{"start":{"line":399,"column":12},"end":{"line":399,"column":17}},"loc":{"start":{"line":399,"column":65},"end":{"line":423,"column":5}}},"14":{"name":"(anonymous_14)","decl":{"start":{"line":412,"column":28},"end":{"line":412,"column":29}},"loc":{"start":{"line":412,"column":39},"end":{"line":420,"column":9}}},"15":{"name":"(anonymous_15)","decl":{"start":{"line":425,"column":12},"end":{"line":425,"column":17}},"loc":{"start":{"line":425,"column":63},"end":{"line":489,"column":5}}},"16":{"name":"(anonymous_16)","decl":{"start":{"line":491,"column":12},"end":{"line":491,"column":17}},"loc":{"start":{"line":491,"column":61},"end":{"line":514,"column":5}}},"17":{"name":"(anonymous_17)","decl":{"start":{"line":516,"column":12},"end":{"line":516,"column":17}},"loc":{"start":{"line":516,"column":41},"end":{"line":519,"column":5}}},"18":{"name":"(anonymous_18)","decl":{"start":{"line":521,"column":12},"end":{"line":521,"column":17}},"loc":{"start":{"line":521,"column":59},"end":{"line":524,"column":5}}}},"branchMap":{"0":{"loc":{"start":{"line":21,"column":31},"end":{"line":21,"column":71}},"type":"binary-expr","locations":[{"start":{"line":21,"column":31},"end":{"line":21,"column":46}},{"start":{"line":21,"column":50},"end":{"line":21,"column":71}}]},"1":{"loc":{"start":{"line":22,"column":30},"end":{"line":22,"column":68}},"type":"binary-expr","locations":[{"start":{"line":22,"column":30},"end":{"line":22,"column":44}},{"start":{"line":22,"column":48},"end":{"line":22,"column":68}}]},"2":{"loc":{"start":{"line":23,"column":27},"end":{"line":23,"column":59}},"type":"binary-expr","locations":[{"start":{"line":23,"column":27},"end":{"line":23,"column":38}},{"start":{"line":23,"column":42},"end":{"line":23,"column":59}}]},"3":{"loc":{"start":{"line":24,"column":28},"end":{"line":24,"column":62}},"type":"binary-expr","locations":[{"start":{"line":24,"column":28},"end":{"line":24,"column":40}},{"start":{"line":24,"column":44},"end":{"line":24,"column":62}}]},"4":{"loc":{"start":{"line":38,"column":8},"end":{"line":40,"column":9}},"type":"if","locations":[{"start":{"line":38,"column":8},"end":{"line":40,"column":9}},{"start":{},"end":{}}]},"5":{"loc":{"start":{"line":42,"column":8},"end":{"line":44,"column":9}},"type":"if","locations":[{"start":{"line":42,"column":8},"end":{"line":44,"column":9}},{"start":{},"end":{}}]},"6":{"loc":{"start":{"line":45,"column":28},"end":{"line":45,"column":82}},"type":"cond-expr","locations":[{"start":{"line":45,"column":54},"end":{"line":45,"column":77}},{"start":{"line":45,"column":80},"end":{"line":45,"column":82}}]},"7":{"loc":{"start":{"line":46,"column":8},"end":{"line":48,"column":9}},"type":"if","locations":[{"start":{"line":46,"column":8},"end":{"line":48,"column":9}},{"start":{},"end":{}}]},"8":{"loc":{"start":{"line":49,"column":8},"end":{"line":51,"column":9}},"type":"if","locations":[{"start":{"line":49,"column":8},"end":{"line":51,"column":9}},{"start":{},"end":{}}]},"9":{"loc":{"start":{"line":57,"column":8},"end":{"line":57,"column":40}},"type":"if","locations":[{"start":{"line":57,"column":8},"end":{"line":57,"column":40}},{"start":{},"end":{}}]},"10":{"loc":{"start":{"line":60,"column":21},"end":{"line":60,"column":69}},"type":"cond-expr","locations":[{"start":{"line":60,"column":41},"end":{"line":60,"column":64}},{"start":{"line":60,"column":67},"end":{"line":60,"column":69}}]},"11":{"loc":{"start":{"line":63,"column":12},"end":{"line":71,"column":13}},"type":"if","locations":[{"start":{"line":63,"column":12},"end":{"line":71,"column":13}},{"start":{"line":65,"column":19},"end":{"line":71,"column":13}}]},"12":{"loc":{"start":{"line":63,"column":16},"end":{"line":63,"column":53}},"type":"binary-expr","locations":[{"start":{"line":63,"column":16},"end":{"line":63,"column":33}},{"start":{"line":63,"column":37},"end":{"line":63,"column":53}}]},"13":{"loc":{"start":{"line":65,"column":19},"end":{"line":71,"column":13}},"type":"if","locations":[{"start":{"line":65,"column":19},"end":{"line":71,"column":13}},{"start":{"line":67,"column":19},"end":{"line":71,"column":13}}]},"14":{"loc":{"start":{"line":65,"column":23},"end":{"line":65,"column":58}},"type":"binary-expr","locations":[{"start":{"line":65,"column":23},"end":{"line":65,"column":38}},{"start":{"line":65,"column":42},"end":{"line":65,"column":58}}]},"15":{"loc":{"start":{"line":67,"column":19},"end":{"line":71,"column":13}},"type":"if","locations":[{"start":{"line":67,"column":19},"end":{"line":71,"column":13}},{"start":{"line":69,"column":19},"end":{"line":71,"column":13}}]},"16":{"loc":{"start":{"line":67,"column":23},"end":{"line":67,"column":61}},"type":"binary-expr","locations":[{"start":{"line":67,"column":23},"end":{"line":67,"column":40}},{"start":{"line":67,"column":44},"end":{"line":67,"column":61}}]},"17":{"loc":{"start":{"line":69,"column":19},"end":{"line":71,"column":13}},"type":"if","locations":[{"start":{"line":69,"column":19},"end":{"line":71,"column":13}},{"start":{},"end":{}}]},"18":{"loc":{"start":{"line":69,"column":23},"end":{"line":69,"column":60}},"type":"binary-expr","locations":[{"start":{"line":69,"column":23},"end":{"line":69,"column":39}},{"start":{"line":69,"column":43},"end":{"line":69,"column":60}}]},"19":{"loc":{"start":{"line":73,"column":12},"end":{"line":93,"column":13}},"type":"switch","locations":[{"start":{"line":74,"column":16},"end":{"line":75,"column":58}},{"start":{"line":76,"column":16},"end":{"line":77,"column":75}},{"start":{"line":78,"column":16},"end":{"line":79,"column":58}},{"start":{"line":80,"column":16},"end":{"line":81,"column":72}},{"start":{"line":82,"column":16},"end":{"line":83,"column":75}},{"start":{"line":84,"column":16},"end":{"line":85,"column":78}},{"start":{"line":86,"column":16},"end":{"line":87,"column":76}},{"start":{"line":88,"column":16},"end":{"line":88,"column":28}},{"start":{"line":89,"column":16},"end":{"line":90,"column":55}},{"start":{"line":91,"column":16},"end":{"line":92,"column":64}}]},"20":{"loc":{"start":{"line":99,"column":35},"end":{"line":99,"column":56}},"type":"binary-expr","locations":[{"start":{"line":99,"column":35},"end":{"line":99,"column":48}},{"start":{"line":99,"column":52},"end":{"line":99,"column":56}}]},"21":{"loc":{"start":{"line":106,"column":21},"end":{"line":106,"column":42}},"type":"binary-expr","locations":[{"start":{"line":106,"column":21},"end":{"line":106,"column":34}},{"start":{"line":106,"column":38},"end":{"line":106,"column":42}}]},"22":{"loc":{"start":{"line":108,"column":8},"end":{"line":110,"column":9}},"type":"if","locations":[{"start":{"line":108,"column":8},"end":{"line":110,"column":9}},{"start":{},"end":{}}]},"23":{"loc":{"start":{"line":118,"column":21},"end":{"line":118,"column":42}},"type":"binary-expr","locations":[{"start":{"line":118,"column":21},"end":{"line":118,"column":34}},{"start":{"line":118,"column":38},"end":{"line":118,"column":42}}]},"24":{"loc":{"start":{"line":120,"column":8},"end":{"line":122,"column":9}},"type":"if","locations":[{"start":{"line":120,"column":8},"end":{"line":122,"column":9}},{"start":{},"end":{}}]},"25":{"loc":{"start":{"line":124,"column":23},"end":{"line":124,"column":74}},"type":"binary-expr","locations":[{"start":{"line":124,"column":23},"end":{"line":124,"column":38}},{"start":{"line":124,"column":42},"end":{"line":124,"column":74}}]},"26":{"loc":{"start":{"line":128,"column":8},"end":{"line":135,"column":9}},"type":"if","locations":[{"start":{"line":128,"column":8},"end":{"line":135,"column":9}},{"start":{},"end":{}}]},"27":{"loc":{"start":{"line":130,"column":12},"end":{"line":134,"column":13}},"type":"if","locations":[{"start":{"line":130,"column":12},"end":{"line":134,"column":13}},{"start":{"line":132,"column":19},"end":{"line":134,"column":13}}]},"28":{"loc":{"start":{"line":144,"column":12},"end":{"line":151,"column":13}},"type":"if","locations":[{"start":{"line":144,"column":12},"end":{"line":151,"column":13}},{"start":{},"end":{}}]},"29":{"loc":{"start":{"line":145,"column":16},"end":{"line":150,"column":17}},"type":"if","locations":[{"start":{"line":145,"column":16},"end":{"line":150,"column":17}},{"start":{"line":148,"column":23},"end":{"line":150,"column":17}}]},"30":{"loc":{"start":{"line":160,"column":16},"end":{"line":168,"column":17}},"type":"if","locations":[{"start":{"line":160,"column":16},"end":{"line":168,"column":17}},{"start":{},"end":{}}]},"31":{"loc":{"start":{"line":160,"column":20},"end":{"line":160,"column":103}},"type":"binary-expr","locations":[{"start":{"line":160,"column":20},"end":{"line":160,"column":35}},{"start":{"line":160,"column":39},"end":{"line":160,"column":70}},{"start":{"line":160,"column":74},"end":{"line":160,"column":103}}]},"32":{"loc":{"start":{"line":162,"column":20},"end":{"line":167,"column":21}},"type":"if","locations":[{"start":{"line":162,"column":20},"end":{"line":167,"column":21}},{"start":{"line":164,"column":27},"end":{"line":167,"column":21}}]},"33":{"loc":{"start":{"line":162,"column":24},"end":{"line":162,"column":69}},"type":"binary-expr","locations":[{"start":{"line":162,"column":24},"end":{"line":162,"column":40}},{"start":{"line":162,"column":44},"end":{"line":162,"column":69}}]},"34":{"loc":{"start":{"line":173,"column":16},"end":{"line":185,"column":17}},"type":"if","locations":[{"start":{"line":173,"column":16},"end":{"line":185,"column":17}},{"start":{"line":177,"column":23},"end":{"line":185,"column":17}}]},"35":{"loc":{"start":{"line":177,"column":23},"end":{"line":185,"column":17}},"type":"if","locations":[{"start":{"line":177,"column":23},"end":{"line":185,"column":17}},{"start":{"line":181,"column":23},"end":{"line":185,"column":17}}]},"36":{"loc":{"start":{"line":190,"column":12},"end":{"line":195,"column":13}},"type":"if","locations":[{"start":{"line":190,"column":12},"end":{"line":195,"column":13}},{"start":{"line":193,"column":19},"end":{"line":195,"column":13}}]},"37":{"loc":{"start":{"line":202,"column":16},"end":{"line":202,"column":63}},"type":"binary-expr","locations":[{"start":{"line":202,"column":16},"end":{"line":202,"column":29}},{"start":{"line":202,"column":33},"end":{"line":202,"column":63}}]},"38":{"loc":{"start":{"line":209,"column":21},"end":{"line":209,"column":42}},"type":"binary-expr","locations":[{"start":{"line":209,"column":21},"end":{"line":209,"column":34}},{"start":{"line":209,"column":38},"end":{"line":209,"column":42}}]},"39":{"loc":{"start":{"line":210,"column":26},"end":{"line":210,"column":96}},"type":"cond-expr","locations":[{"start":{"line":210,"column":47},"end":{"line":210,"column":87}},{"start":{"line":210,"column":90},"end":{"line":210,"column":96}}]},"40":{"loc":{"start":{"line":215,"column":26},"end":{"line":215,"column":52}},"type":"binary-expr","locations":[{"start":{"line":215,"column":26},"end":{"line":215,"column":39}},{"start":{"line":215,"column":43},"end":{"line":215,"column":52}}]},"41":{"loc":{"start":{"line":224,"column":21},"end":{"line":224,"column":42}},"type":"binary-expr","locations":[{"start":{"line":224,"column":21},"end":{"line":224,"column":34}},{"start":{"line":224,"column":38},"end":{"line":224,"column":42}}]},"42":{"loc":{"start":{"line":226,"column":8},"end":{"line":228,"column":9}},"type":"if","locations":[{"start":{"line":226,"column":8},"end":{"line":228,"column":9}},{"start":{},"end":{}}]},"43":{"loc":{"start":{"line":231,"column":8},"end":{"line":233,"column":9}},"type":"if","locations":[{"start":{"line":231,"column":8},"end":{"line":233,"column":9}},{"start":{},"end":{}}]},"44":{"loc":{"start":{"line":236,"column":8},"end":{"line":238,"column":9}},"type":"if","locations":[{"start":{"line":236,"column":8},"end":{"line":238,"column":9}},{"start":{},"end":{}}]},"45":{"loc":{"start":{"line":241,"column":8},"end":{"line":246,"column":9}},"type":"if","locations":[{"start":{"line":241,"column":8},"end":{"line":246,"column":9}},{"start":{},"end":{}}]},"46":{"loc":{"start":{"line":241,"column":12},"end":{"line":241,"column":50}},"type":"binary-expr","locations":[{"start":{"line":241,"column":12},"end":{"line":241,"column":22}},{"start":{"line":241,"column":26},"end":{"line":241,"column":50}}]},"47":{"loc":{"start":{"line":266,"column":50},"end":{"line":266,"column":82}},"type":"binary-expr","locations":[{"start":{"line":266,"column":50},"end":{"line":266,"column":59}},{"start":{"line":266,"column":63},"end":{"line":266,"column":82}}]},"48":{"loc":{"start":{"line":273,"column":21},"end":{"line":273,"column":44}},"type":"binary-expr","locations":[{"start":{"line":273,"column":21},"end":{"line":273,"column":36}},{"start":{"line":273,"column":40},"end":{"line":273,"column":44}}]},"49":{"loc":{"start":{"line":275,"column":8},"end":{"line":277,"column":9}},"type":"if","locations":[{"start":{"line":275,"column":8},"end":{"line":277,"column":9}},{"start":{},"end":{}}]},"50":{"loc":{"start":{"line":280,"column":8},"end":{"line":282,"column":9}},"type":"if","locations":[{"start":{"line":280,"column":8},"end":{"line":282,"column":9}},{"start":{},"end":{}}]},"51":{"loc":{"start":{"line":286,"column":8},"end":{"line":291,"column":9}},"type":"if","locations":[{"start":{"line":286,"column":8},"end":{"line":291,"column":9}},{"start":{},"end":{}}]},"52":{"loc":{"start":{"line":293,"column":29},"end":{"line":293,"column":89}},"type":"cond-expr","locations":[{"start":{"line":293,"column":47},"end":{"line":293,"column":68}},{"start":{"line":293,"column":71},"end":{"line":293,"column":89}}]},"53":{"loc":{"start":{"line":310,"column":21},"end":{"line":310,"column":42}},"type":"binary-expr","locations":[{"start":{"line":310,"column":21},"end":{"line":310,"column":34}},{"start":{"line":310,"column":38},"end":{"line":310,"column":42}}]},"54":{"loc":{"start":{"line":312,"column":8},"end":{"line":314,"column":9}},"type":"if","locations":[{"start":{"line":312,"column":8},"end":{"line":314,"column":9}},{"start":{},"end":{}}]},"55":{"loc":{"start":{"line":315,"column":26},"end":{"line":315,"column":49}},"type":"binary-expr","locations":[{"start":{"line":315,"column":26},"end":{"line":315,"column":36}},{"start":{"line":315,"column":40},"end":{"line":315,"column":49}}]},"56":{"loc":{"start":{"line":316,"column":26},"end":{"line":316,"column":43}},"type":"binary-expr","locations":[{"start":{"line":316,"column":26},"end":{"line":316,"column":36}},{"start":{"line":316,"column":40},"end":{"line":316,"column":43}}]},"57":{"loc":{"start":{"line":318,"column":8},"end":{"line":320,"column":9}},"type":"if","locations":[{"start":{"line":318,"column":8},"end":{"line":320,"column":9}},{"start":{},"end":{}}]},"58":{"loc":{"start":{"line":339,"column":21},"end":{"line":339,"column":42}},"type":"binary-expr","locations":[{"start":{"line":339,"column":21},"end":{"line":339,"column":34}},{"start":{"line":339,"column":38},"end":{"line":339,"column":42}}]},"59":{"loc":{"start":{"line":341,"column":8},"end":{"line":343,"column":9}},"type":"if","locations":[{"start":{"line":341,"column":8},"end":{"line":343,"column":9}},{"start":{},"end":{}}]},"60":{"loc":{"start":{"line":359,"column":21},"end":{"line":359,"column":42}},"type":"binary-expr","locations":[{"start":{"line":359,"column":21},"end":{"line":359,"column":34}},{"start":{"line":359,"column":38},"end":{"line":359,"column":42}}]},"61":{"loc":{"start":{"line":361,"column":8},"end":{"line":363,"column":9}},"type":"if","locations":[{"start":{"line":361,"column":8},"end":{"line":363,"column":9}},{"start":{},"end":{}}]},"62":{"loc":{"start":{"line":367,"column":8},"end":{"line":372,"column":9}},"type":"if","locations":[{"start":{"line":367,"column":8},"end":{"line":372,"column":9}},{"start":{},"end":{}}]},"63":{"loc":{"start":{"line":377,"column":8},"end":{"line":382,"column":9}},"type":"if","locations":[{"start":{"line":377,"column":8},"end":{"line":382,"column":9}},{"start":{},"end":{}}]},"64":{"loc":{"start":{"line":384,"column":29},"end":{"line":384,"column":83}},"type":"cond-expr","locations":[{"start":{"line":384,"column":45},"end":{"line":384,"column":64}},{"start":{"line":384,"column":67},"end":{"line":384,"column":83}}]},"65":{"loc":{"start":{"line":401,"column":21},"end":{"line":401,"column":42}},"type":"binary-expr","locations":[{"start":{"line":401,"column":21},"end":{"line":401,"column":34}},{"start":{"line":401,"column":38},"end":{"line":401,"column":42}}]},"66":{"loc":{"start":{"line":404,"column":8},"end":{"line":409,"column":9}},"type":"if","locations":[{"start":{"line":404,"column":8},"end":{"line":409,"column":9}},{"start":{},"end":{}}]},"67":{"loc":{"start":{"line":427,"column":21},"end":{"line":427,"column":42}},"type":"binary-expr","locations":[{"start":{"line":427,"column":21},"end":{"line":427,"column":34}},{"start":{"line":427,"column":38},"end":{"line":427,"column":42}}]},"68":{"loc":{"start":{"line":429,"column":8},"end":{"line":431,"column":9}},"type":"if","locations":[{"start":{"line":429,"column":8},"end":{"line":431,"column":9}},{"start":{},"end":{}}]},"69":{"loc":{"start":{"line":434,"column":8},"end":{"line":436,"column":9}},"type":"if","locations":[{"start":{"line":434,"column":8},"end":{"line":436,"column":9}},{"start":{},"end":{}}]},"70":{"loc":{"start":{"line":439,"column":8},"end":{"line":441,"column":9}},"type":"if","locations":[{"start":{"line":439,"column":8},"end":{"line":441,"column":9}},{"start":{},"end":{}}]},"71":{"loc":{"start":{"line":451,"column":8},"end":{"line":456,"column":9}},"type":"if","locations":[{"start":{"line":451,"column":8},"end":{"line":456,"column":9}},{"start":{},"end":{}}]},"72":{"loc":{"start":{"line":458,"column":8},"end":{"line":460,"column":9}},"type":"if","locations":[{"start":{"line":458,"column":8},"end":{"line":460,"column":9}},{"start":{},"end":{}}]},"73":{"loc":{"start":{"line":461,"column":8},"end":{"line":463,"column":9}},"type":"if","locations":[{"start":{"line":461,"column":8},"end":{"line":463,"column":9}},{"start":{},"end":{}}]},"74":{"loc":{"start":{"line":476,"column":27},"end":{"line":476,"column":75}},"type":"binary-expr","locations":[{"start":{"line":476,"column":27},"end":{"line":476,"column":42}},{"start":{"line":476,"column":47},"end":{"line":476,"column":74}}]},"75":{"loc":{"start":{"line":493,"column":21},"end":{"line":493,"column":42}},"type":"binary-expr","locations":[{"start":{"line":493,"column":21},"end":{"line":493,"column":34}},{"start":{"line":493,"column":38},"end":{"line":493,"column":42}}]},"76":{"loc":{"start":{"line":495,"column":8},"end":{"line":497,"column":9}},"type":"if","locations":[{"start":{"line":495,"column":8},"end":{"line":497,"column":9}},{"start":{},"end":{}}]},"77":{"loc":{"start":{"line":500,"column":8},"end":{"line":502,"column":9}},"type":"if","locations":[{"start":{"line":500,"column":8},"end":{"line":502,"column":9}},{"start":{},"end":{}}]},"78":{"loc":{"start":{"line":505,"column":8},"end":{"line":507,"column":9}},"type":"if","locations":[{"start":{"line":505,"column":8},"end":{"line":507,"column":9}},{"start":{},"end":{}}]},"79":{"loc":{"start":{"line":518,"column":68},"end":{"line":518,"column":89}},"type":"binary-expr","locations":[{"start":{"line":518,"column":68},"end":{"line":518,"column":81}},{"start":{"line":518,"column":85},"end":{"line":518,"column":89}}]},"80":{"loc":{"start":{"line":523,"column":74},"end":{"line":523,"column":95}},"type":"binary-expr","locations":[{"start":{"line":523,"column":74},"end":{"line":523,"column":87}},{"start":{"line":523,"column":91},"end":{"line":523,"column":95}}]}},"s":{"0":1,"1":1,"2":1,"3":1,"4":1,"5":1,"6":1,"7":54,"8":54,"9":54,"10":54,"11":31,"12":5,"13":26,"14":26,"15":3,"16":23,"17":23,"18":3,"19":20,"20":1,"21":19,"22":54,"23":54,"24":0,"25":54,"26":54,"27":54,"28":54,"29":7,"30":47,"31":3,"32":44,"33":4,"34":40,"35":2,"36":38,"37":3,"38":2,"39":1,"40":9,"41":3,"42":12,"43":6,"44":1,"45":1,"46":1,"47":1,"48":0,"49":1,"50":3,"51":2,"52":2,"53":1,"54":1,"55":1,"56":1,"57":2,"58":2,"59":2,"60":0,"61":2,"62":2,"63":2,"64":2,"65":1,"66":1,"67":1,"68":0,"69":2,"70":2,"71":2,"72":2,"73":2,"74":0,"75":0,"76":0,"77":0,"78":2,"79":2,"80":2,"81":2,"82":2,"83":0,"84":0,"85":0,"86":0,"87":2,"88":2,"89":2,"90":2,"91":0,"92":0,"93":0,"94":2,"95":2,"96":2,"97":2,"98":2,"99":0,"100":2,"101":0,"102":0,"103":1,"104":1,"105":1,"106":1,"107":9,"108":9,"109":9,"110":2,"111":7,"112":7,"113":7,"114":1,"115":6,"116":6,"117":1,"118":5,"119":5,"120":3,"121":2,"122":2,"123":2,"124":2,"125":2,"126":2,"127":1,"128":1,"129":1,"130":3,"131":3,"132":3,"133":1,"134":2,"135":2,"136":2,"137":0,"138":2,"139":2,"140":2,"141":1,"142":1,"143":1,"144":1,"145":7,"146":7,"147":7,"148":1,"149":6,"150":6,"151":6,"152":6,"153":3,"154":3,"155":3,"156":3,"157":2,"158":1,"159":3,"160":3,"161":3,"162":1,"163":2,"164":2,"165":2,"166":2,"167":0,"168":4,"169":4,"170":4,"171":1,"172":3,"173":3,"174":3,"175":1,"176":2,"177":2,"178":1,"179":2,"180":1,"181":1,"182":1,"183":1,"184":2,"185":2,"186":2,"187":2,"188":1,"189":1,"190":1,"191":1,"192":1,"193":12,"194":12,"195":12,"196":1,"197":11,"198":11,"199":11,"200":5,"201":6,"202":6,"203":1,"204":5,"205":5,"206":5,"207":5,"208":1,"209":4,"210":0,"211":4,"212":0,"213":4,"214":4,"215":4,"216":4,"217":4,"218":4,"219":4,"220":4,"221":3,"222":1,"223":6,"224":6,"225":6,"226":1,"227":5,"228":5,"229":5,"230":3,"231":2,"232":2,"233":1,"234":1,"235":1,"236":1,"237":1,"238":1,"239":1,"240":1},"f":{"0":54,"1":31,"2":54,"3":0,"4":3,"5":2,"6":1,"7":9,"8":3,"9":7,"10":3,"11":4,"12":1,"13":2,"14":1,"15":12,"16":6,"17":1,"18":1},"b":{"0":[54,0],"1":[54,0],"2":[54,0],"3":[54,0],"4":[5,26],"5":[3,23],"6":[4,19],"7":[3,20],"8":[1,19],"9":[0,54],"10":[44,10],"11":[7,47],"12":[54,7],"13":[3,44],"14":[47,3],"15":[4,40],"16":[44,4],"17":[2,38],"18":[40,2],"19":[3,2,1,9,3,12,6,1,1,1],"20":[1,1],"21":[2,1],"22":[1,1],"23":[2,2],"24":[0,2],"25":[2,1],"26":[1,1],"27":[1,0],"28":[0,2],"29":[0,0],"30":[0,2],"31":[2,2,2],"32":[0,0],"33":[0,0],"34":[2,0],"35":[0,0],"36":[2,0],"37":[0,0],"38":[1,1],"39":[1,0],"40":[1,0],"41":[9,8],"42":[2,7],"43":[1,6],"44":[1,5],"45":[3,2],"46":[5,3],"47":[1,0],"48":[3,3],"49":[1,2],"50":[0,2],"51":[1,1],"52":[1,0],"53":[7,7],"54":[1,6],"55":[6,0],"56":[6,0],"57":[3,3],"58":[3,3],"59":[1,2],"60":[4,4],"61":[1,3],"62":[1,2],"63":[1,1],"64":[1,0],"65":[2,2],"66":[1,1],"67":[12,12],"68":[1,11],"69":[5,6],"70":[1,5],"71":[1,4],"72":[0,4],"73":[0,4],"74":[4,0],"75":[6,6],"76":[1,5],"77":[3,2],"78":[1,1],"79":[1,1],"80":[1,1]}}
,"/Users/a/Desktop/Kolo-Backend/src/services/observability.service.ts": {"path":"/Users/a/Desktop/Kolo-Backend/src/services/observability.service.ts","statementMap":{"0":{"start":{"line":6,"column":8},"end":{"line":6,"column":81}},"1":{"start":{"line":13,"column":8},"end":{"line":13,"column":91}},"2":{"start":{"line":21,"column":24},"end":{"line":27,"column":10}},"3":{"start":{"line":29,"column":8},"end":{"line":29,"column":103}},"4":{"start":{"line":1,"column":0},"end":{"line":1,"column":13}},"5":{"start":{"line":36,"column":13},"end":{"line":36,"column":63}}},"fnMap":{"0":{"name":"(anonymous_0)","decl":{"start":{"line":5,"column":11},"end":{"line":5,"column":18}},"loc":{"start":{"line":5,"column":65},"end":{"line":7,"column":5}}},"1":{"name":"(anonymous_1)","decl":{"start":{"line":12,"column":11},"end":{"line":12,"column":19}},"loc":{"start":{"line":12,"column":79},"end":{"line":14,"column":5}}},"2":{"name":"(anonymous_2)","decl":{"start":{"line":20,"column":11},"end":{"line":20,"column":16}},"loc":{"start":{"line":20,"column":94},"end":{"line":33,"column":5}}}},"branchMap":{"0":{"loc":{"start":{"line":6,"column":41},"end":{"line":6,"column":79}},"type":"cond-expr","locations":[{"start":{"line":6,"column":51},"end":{"line":6,"column":74}},{"start":{"line":6,"column":77},"end":{"line":6,"column":79}}]},"1":{"loc":{"start":{"line":13,"column":51},"end":{"line":13,"column":89}},"type":"cond-expr","locations":[{"start":{"line":13,"column":61},"end":{"line":13,"column":84}},{"start":{"line":13,"column":87},"end":{"line":13,"column":89}}]},"2":{"loc":{"start":{"line":23,"column":19},"end":{"line":23,"column":73}},"type":"cond-expr","locations":[{"start":{"line":23,"column":44},"end":{"line":23,"column":57}},{"start":{"line":23,"column":60},"end":{"line":23,"column":73}}]},"3":{"loc":{"start":{"line":24,"column":19},"end":{"line":24,"column":67}},"type":"cond-expr","locations":[{"start":{"line":24,"column":44},"end":{"line":24,"column":55}},{"start":{"line":24,"column":58},"end":{"line":24,"column":67}}]}},"s":{"0":2,"1":2,"2":2,"3":2,"4":1,"5":1},"f":{"0":2,"1":2,"2":2},"b":{"0":[1,1],"1":[1,1],"2":[1,1],"3":[1,1]}}
,"/Users/a/Desktop/Kolo-Backend/src/services/stellar.service.ts": {"path":"/Users/a/Desktop/Kolo-Backend/src/services/stellar.service.ts","statementMap":{"0":{"start":{"line":1,"column":0},"end":{"line":1,"column":51}},"1":{"start":{"line":2,"column":0},"end":{"line":2,"column":39}},"2":{"start":{"line":3,"column":0},"end":{"line":3,"column":51}},"3":{"start":{"line":4,"column":0},"end":{"line":4,"column":43}},"4":{"start":{"line":16,"column":8},"end":{"line":20,"column":9}},"5":{"start":{"line":17,"column":12},"end":{"line":17,"column":87}},"6":{"start":{"line":19,"column":12},"end":{"line":19,"column":95}},"7":{"start":{"line":24,"column":21},"end":{"line":24,"column":48}},"8":{"start":{"line":25,"column":29},"end":{"line":25,"column":63}},"9":{"start":{"line":27,"column":8},"end":{"line":37,"column":9}},"10":{"start":{"line":28,"column":51},"end":{"line":28,"column":89}},"11":{"start":{"line":29,"column":12},"end":{"line":34,"column":14}},"12":{"start":{"line":36,"column":12},"end":{"line":36,"column":33}},"13":{"start":{"line":41,"column":8},"end":{"line":41,"column":57}},"14":{"start":{"line":41,"column":50},"end":{"line":41,"column":57}},"15":{"start":{"line":43,"column":8},"end":{"line":52,"column":9}},"16":{"start":{"line":44,"column":26},"end":{"line":44,"column":42}},"17":{"start":{"line":45,"column":29},"end":{"line":45,"column":115}},"18":{"start":{"line":46,"column":12},"end":{"line":48,"column":13}},"19":{"start":{"line":47,"column":16},"end":{"line":47,"column":91}},"20":{"start":{"line":49,"column":12},"end":{"line":49,"column":70}},"21":{"start":{"line":51,"column":12},"end":{"line":51,"column":62}},"22":{"start":{"line":56,"column":8},"end":{"line":63,"column":9}},"23":{"start":{"line":57,"column":28},"end":{"line":57,"column":68}},"24":{"start":{"line":58,"column":28},"end":{"line":58,"column":83}},"25":{"start":{"line":58,"column":57},"end":{"line":58,"column":82}},"26":{"start":{"line":59,"column":12},"end":{"line":59,"column":51}},"27":{"start":{"line":61,"column":12},"end":{"line":61,"column":60}},"28":{"start":{"line":62,"column":12},"end":{"line":62,"column":67}},"29":{"start":{"line":67,"column":30},"end":{"line":67,"column":73}},"30":{"start":{"line":68,"column":30},"end":{"line":68,"column":86}},"31":{"start":{"line":70,"column":28},"end":{"line":82,"column":16}},"32":{"start":{"line":84,"column":8},"end":{"line":84,"column":40}},"33":{"start":{"line":85,"column":23},"end":{"line":85,"column":71}},"34":{"start":{"line":88,"column":8},"end":{"line":101,"column":9}},"35":{"start":{"line":
[...]
e":204,"column":71}},"109":{"start":{"line":206,"column":8},"end":{"line":210,"column":9}},"110":{"start":{"line":207,"column":12},"end":{"line":207,"column":79}},"111":{"start":{"line":209,"column":12},"end":{"line":209,"column":49}},"112":{"start":{"line":212,"column":8},"end":{"line":212,"column":22}},"113":{"start":{"line":12,"column":0},"end":{"line":12,"column":13}}},"fnMap":{"0":{"name":"(anonymous_9)","decl":{"start":{"line":15,"column":4},"end":{"line":15,"column":null}},"loc":{"start":{"line":15,"column":4},"end":{"line":21,"column":5}}},"1":{"name":"(anonymous_10)","decl":{"start":{"line":23,"column":11},"end":{"line":23,"column":25}},"loc":{"start":{"line":23,"column":25},"end":{"line":38,"column":5}}},"2":{"name":"(anonymous_11)","decl":{"start":{"line":40,"column":11},"end":{"line":40,"column":16}},"loc":{"start":{"line":40,"column":53},"end":{"line":53,"column":5}}},"3":{"name":"(anonymous_12)","decl":{"start":{"line":55,"column":11},"end":{"line":55,"column":16}},"loc":{"start":{"line":55,"column":47},"end":{"line":64,"column":5}}},"4":{"name":"(anonymous_13)","decl":{"start":{"line":58,"column":50},"end":{"line":58,"column":51}},"loc":{"start":{"line":58,"column":57},"end":{"line":58,"column":82}}},"5":{"name":"(anonymous_14)","decl":{"start":{"line":66,"column":11},"end":{"line":66,"column":16}},"loc":{"start":{"line":66,"column":95},"end":{"line":104,"column":5}}},"6":{"name":"(anonymous_15)","decl":{"start":{"line":89,"column":35},"end":{"line":89,"column":40}},"loc":{"start":{"line":89,"column":60},"end":{"line":96,"column":13}}},"7":{"name":"(anonymous_16)","decl":{"start":{"line":106,"column":11},"end":{"line":106,"column":16}},"loc":{"start":{"line":106,"column":93},"end":{"line":213,"column":5}}},"8":{"name":"(anonymous_17)","decl":{"start":{"line":130,"column":34},"end":{"line":130,"column":41}},"loc":{"start":{"line":130,"column":45},"end":{"line":130,"column":70}}},"9":{"name":"(anonymous_18)","decl":{"start":{"line":149,"column":49},"end":{"line":149,"column":50}},"loc":{"start":{"line":149,"column":62},"end":{"line":149,"column":101}}},"10":{"name":"(anonymous_19)","decl":{"start":{"line":149,"column":84},"end":{"line":149,"column":85}},"loc":{"start":{"line":149,"column":96},"end":{"line":149,"column":100}}}},"branchMap":{"0":{"loc":{"start":{"line":16,"column":8},"end":{"line":20,"column":9}},"type":"if","locations":[{"start":{"line":16,"column":8},"end":{"line":20,"column":9}},{"start":{"line":18,"column":15},"end":{"line":20,"column":9}}]},"1":{"loc":{"start":{"line":41,"column":8},"end":{"line":41,"column":57}},"type":"if","locations":[{"start":{"line":41,"column":8},"end":{"line":41,"column":57}},{"start":{},"end":{}}]},"2":{"loc":{"start":{"line":46,"column":12},"end":{"line":48,"column":13}},"type":"if","locations":[{"start":{"line":46,"column":12},"end":{"line":48,"column":13}},{"start":{},"end":{}}]},"3":{"loc":{"start":{"line":59,"column":19},"end":{"line":59,"column":50}},"type":"cond-expr","locations":[{"start":{"line":59,"column":29},"end":{"line":59,"column":44}},{"start":{"line":59,"column":47},"end":{"line":59,"column":50}}]},"4":{"loc":{"start":{"line":72,"column":31},"end":{"line":74,"column":44}},"type":"cond-expr","locations":[{"start":{"line":73,"column":18},"end":{"line":73,"column":45}},{"start":{"line":74,"column":18},"end":{"line":74,"column":44}}]},"5":{"loc":{"start":{"line":93,"column":20},"end":{"line":93,"column":72}},"type":"if","locations":[{"start":{"line":93,"column":20},"end":{"line":93,"column":72}},{"start":{},"end":{}}]},"6":{"loc":{"start":{"line":106,"column":75},"end":{"line":106,"column":93}},"type":"default-arg","locations":[{"start":{"line":106,"column":91},"end":{"line":106,"column":93}}]},"7":{"loc":{"start":{"line":107,"column":24},"end":{"line":107,"column":37}},"type":"binary-expr","locations":[{"start":{"line":107,"column":24},"end":{"line":107,"column":30}},{"start":{"line":107,"column":34},"end":{"line":107,"column":37}}]},"8":{"loc":{"start":{"line":112,"column":12},"end":{"line":114,"column":13}},"type":"if","locations":[{"start":{"line":112,"column":12},"end":{"line":114,"column":13}},{"start":{},"end":{}}]},"9":{"loc":{"start":{"line":123,"column":12},"end":{"line":125,"column":13}},"type":"if","locations":[{"start":{"line":123,"column":12},"end":{"line":125,"column":13}},{"start":{},"end":{}}]},"10":{"loc":{"start":{"line":123,"column":16},"end":{"line":123,"column":40}},"type":"binary-expr","locations":[{"start":{"line":123,"column":16},"end":{"line":123,"column":22}},{"start":{"line":123,"column":26},"end":{"line":123,"column":40}}]},"11":{"loc":{"start":{"line":128,"column":12},"end":{"line":145,"column":13}},"type":"if","locations":[{"start":{"line":128,"column":12},"end":{"line":145,"column":13}},{"start":{"line":140,"column":19},"end":{"line":145,"column":13}}]},"12":{"loc":{"start":{"line":133,"column":20},"end":{"line":135,"column":21}},"type":"if","locations":[{"start":{"line":133,"column":20},"end":{"line":135,"column":21}},{"start":{},"end":{}}]},"13":{"loc":{"start":{"line":133,"column":24},"end":{"line":133,"column":48}},"type":"binary-expr","locations":[{"start":{"line":133,"column":24},"end":{"line":133,"column":30}},{"start":{"line":133,"column":34},"end":{"line":133,"column":48}}]},"14":{"loc":{"start":{"line":140,"column":19},"end":{"line":145,"column":13}},"type":"if","locations":[{"start":{"line":140,"column":19},"end":{"line":145,"column":13}},{"start":{"line":142,"column":19},"end":{"line":145,"column":13}}]},"15":{"loc":{"start":{"line":162,"column":16},"end":{"line":184,"column":17}},"type":"if","locations":[{"start":{"line":162,"column":16},"end":{"line":184,"column":17}},{"start":{},"end":{}}]},"16":{"loc":{"start":{"line":162,"column":20},"end":{"line":162,"column":64}},"type":"binary-expr","locations":[{"start":{"line":162,"column":20},"end":{"line":162,"column":23}},{"start":{"line":162,"column":27},"end":{"line":162,"column":38}},{"start":{"line":162,"column":42},"end":{"line":162,"column":64}}]},"17":{"loc":{"start":{"line":164,"column":20},"end":{"line":183,"column":21}},"type":"if","locations":[{"start":{"line":164,"column":20},"end":{"line":183,"column":21}},{"start":{"line":174,"column":27},"end":{"line":183,"column":21}}]},"18":{"loc":{"start":{"line":166,"column":32},"end":{"line":166,"column":82}},"type":"cond-expr","locations":[{"start":{"line":166,"column":61},"end":{"line":166,"column":66}},{"start":{"line":166,"column":69},"end":{"line":166,"column":82}}]},"19":{"loc":{"start":{"line":167,"column":24},"end":{"line":173,"column":25}},"type":"if","locations":[{"start":{"line":167,"column":24},"end":{"line":173,"column":25}},{"start":{"line":170,"column":31},"end":{"line":173,"column":25}}]},"20":{"loc":{"start":{"line":174,"column":27},"end":{"line":183,"column":21}},"type":"if","locations":[{"start":{"line":174,"column":27},"end":{"line":183,"column":21}},{"start":{"line":178,"column":27},"end":{"line":183,"column":21}}]},"21":{"loc":{"start":{"line":178,"column":27},"end":{"line":183,"column":21}},"type":"if","locations":[{"start":{"line":178,"column":27},"end":{"line":183,"column":21}},{"start":{"line":181,"column":27},"end":{"line":183,"column":21}}]},"22":{"loc":{"start":{"line":180,"column":32},"end":{"line":180,"column":58}},"type":"binary-expr","locations":[{"start":{"line":180,"column":32},"end":{"line":180,"column":45}},{"start":{"line":180,"column":49},"end":{"line":180,"column":58}}]},"23":{"loc":{"start":{"line":200,"column":8},"end":{"line":202,"column":9}},"type":"if","locations":[{"start":{"line":200,"column":8},"end":{"line":202,"column":9}},{"start":{},"end":{}}]}},"s":{"0":3,"1":3,"2":3,"3":3,"4":26,"5":3,"6":23,"7":1,"8":1,"9":1,"10":1,"11":1,"12":1,"13":3,"14":1,"15":2,"16":2,"17":2,"18":2,"19":1,"20":1,"21":1,"22":3,"23":3,"24":2,"25":2,"26":2,"27":1,"28":1,"29":3,"30":3,"31":3,"32":3,"33":3,"34":3,"35":3,"36":6,"37":6,"38":6,"39":6,"40":2,"41":6,"42":3,"43":3,"44":0,"45":3,"46":3,"47":3,"48":3,"49":3,"50":3,"51":1,"52":0,"53":2,"54":2,"55":2,"56":0,"57":2,"58":1,"59":0,"60":0,"61":0,"62":0,"63":0,"64":0,"65":0,"66":0,"67":1,"68":1,"69":0,"70":0,"71":1,"72":1,"73":1,"74":0,"75":1,"76":1,"77":1,"78":1,"79":1,"80":1,"81":1,"82":1,"83":1,"84":1,"85":1,"86":1,"87":1,"88":1,"89":1,"90":1,"91":1,"92":1,"93":0,"94":0,"95":0,"96":0,"97":0,"98":0,"99":0,"100":0,"101":0,"102":0,"103":0,"104":1,"105":1,"106":1,"107":0,"108":1,"109":1,"110":1,"111":0,"112":1,"113":3},"f":{"0":26,"1":1,"2":3,"3":3,"4":2,"5":3,"6":6,"7":3,"8":0,"9":1,"10":0},"b":{"0":[3,23],"1":[1,2],"2":[1,1],"3":[1,1],"4":[2,1],"5":[2,4],"6":[3],"7":[3,3],"8":[1,2],"9":[0,2],"10":[2,0],"11":[0,1],"12":[0,0],"13":[0,0],"14":[1,0],"15":[1,0],"16":[1,1,1],"17":[1,0],"18":[1,0],"19":[1,0],"20":[0,0],"21":[0,0],"22":[0,0],"23":[0,1]}}
,"/Users/a/Desktop/Kolo-Backend/src/services/user.service.ts": {"path":"/Users/a/Desktop/Kolo-Backend/src/services/user.service.ts","statementMap":{"0":{"start":{"line":1,"column":0},"end":{"line":1,"column":39}},"1":{"start":{"line":2,"column":0},"end":{"line":2,"column":51}},"2":{"start":{"line":3,"column":0},"end":{"line":3,"column":43}},"3":{"start":{"line":5,"column":23},"end":{"line":5,"column":43}},"4":{"start":{"line":9,"column":19},"end":{"line":11,"column":10}},"5":{"start":{"line":13,"column":8},"end":{"line":36,"column":9}},"6":{"start":{"line":14,"column":27},"end":{"line":14,"column":58}},"7":{"start":{"line":16,"column":12},"end":{"line":20,"column":13}},"8":{"start":{"line":17,"column":16},"end":{"line":17,"column":74}},"9":{"start":{"line":19,"column":16},"end":{"line":19,"column":70}},"10":{"start":{"line":22,"column":31},"end":{"line":27,"column":14}},"11":{"start":{"line":29,"column":12},"end":{"line":34,"column":15}},"12":{"start":{"line":35,"column":12},"end":{"line":35,"column":95}},"13":{"start":{"line":37,"column":8},"end":{"line":37,"column":20}},"14":{"start":{"line":41,"column":8},"end":{"line":45,"column":9}},"15":{"start":{"line":42,"column":12},"end":{"line":42,"column":94}},"16":{"start":{"line":44,"column":12},"end":{"line":44,"column":84}},"17":{"start":{"line":49,"column":25},"end":{"line":49,"column":59}},"18":{"start":{"line":50,"column":8},"end":{"line":57,"column":9}},"19":{"start":{"line":51,"column":27},"end":{"line":51,"column":58}},"20":{"start":{"line":52,"column":12},"end":{"line":54,"column":13}},"21":{"start":{"line":53,"column":16},"end":{"line":53,"column":42}},"22":{"start":{"line":56,"column":12},"end":{"line":56,"column":49}},"23":{"start":{"line":59,"column":21},"end":{"line":62,"column":10}},"24":{"start":{"line":64,"column":8},"end":{"line":70,"column":9}},"25":{"start":{"line":65,"column":12},"end":{"line":69,"column":13}},"26":{"start":{"line":66,"column":16},"end":{"line":66,"column":82}},"27":{"start":{"line":68,"column":16},"end":{"line":68,"column":53}},"28":{"start":{"line":71,"column":8},"end":{"line":71,"column":20}},"29":{"start":{"line":7,"column":0},"end":{"line":7,"column":13}}},"fnMap":{"0":{"name":"(anonymous_0)","decl":{"start":{"line":8,"column":11},"end":{"line":8,"column":16}},"loc":{"start":{"line":8,"column":52},"end":{"line":38,"column":5}}},"1":{"name":"(anonymous_1)","decl":{"start":{"line":40,"column":11},"end":{"line":40,"column":16}},"loc":{"start":{"line":40,"column":43},"end":{"line":46,"column":5}}},"2":{"name":"(anonymous_2)","decl":{"start":{"line":48,"column":11},"end":{"line":48,"column":16}},"loc":{"start":{"line":48,"column":53},"end":{"line":72,"column":5}}}},"branchMap":{"0":{"loc":{"start":{"line":13,"column":8},"end":{"line":36,"column":9}},"type":"if","locations":[{"start":{"line":13,"column":8},"end":{"line":36,"column":9}},{"start":{},"end":{}}]},"1":{"loc":{"start":{"line":41,"column":8},"end":{"line":45,"column":9}},"type":"if","locations":[{"start":{"line":41,"column":8},"end":{"line":45,"column":9}},{"start":{"line":43,"column":15},"end":{"line":45,"column":9}}]},"2":{"loc":{"start":{"line":52,"column":12},"end":{"line":54,"column":13}},"type":"if","locations":[{"start":{"line":52,"column":12},"end":{"line":54,"column":13}},{"start":{},"end":{}}]},"3":{"loc":{"start":{"line":64,"column":8},"end":{"line":70,"column":9}},"type":"if","locations":[{"start":{"line":64,"column":8},"end":{"line":70,"column":9}},{"start":{},"end":{}}]}},"s":{"0":3,"1":3,"2":3,"3":3,"4":3,"5":3,"6":2,"7":2,"8":2,"9":1,"10":2,"11":2,"12":2,"13":3,"14":2,"15":1,"16":1,"17":5,"18":5,"19":5,"20":4,"21":1,"22":1,"23":4,"24":4,"25":3,"26":3,"27":1,"28":4,"29":3},"f":{"0":3,"1":2,"2":5},"b":{"0":[2,1],"1":[1,1],"2":[1,3],"3":[3,1]}}
,"/Users/a/Desktop/Kolo-Backend/src/services/whatsapp.service.ts": {"path":"/Users/a/Desktop/Kolo-Backend/src/services/whatsapp.service.ts","statementMap":{"0":{"start":{"line":1,"column":0},"end":{"line":1,"column":26}},"1":{"start":{"line":2,"column":0},"end":{"line":2,"column":39}},"2":{"start":{"line":5,"column":21},"end":{"line":5,"column":99}},"3":{"start":{"line":8,"column":8},"end":{"line":26,"column":9}},"4":{"start":{"line":9,"column":12},"end":{"line":23,"column":14}},"5":{"start":{"line":25,"column":12},"end":{"line":25,"column":68}},"6":{"start":{"line":4,"column":0},"end":{"line":4,"column":13}}},"fnMap":{"0":{"name":"(anonymous_1)","decl":{"start":{"line":7,"column":11},"end":{"line":7,"column":16}},"loc":{"start":{"line":7,"column":53},"end":{"line":27,"column":5}}}},"branchMap":{},"s":{"0":2,"1":2,"2":7,"3":0,"4":0,"5":0,"6":2},"f":{"0":0},"b":{}}
,"/Users/a/Desktop/Kolo-Backend/src/utils/encryption.util.ts": {"path":"/Users/a/Desktop/Kolo-Backend/src/utils/encryption.util.ts","statementMap":{"0":{"start":{"line":6,"column":0},"end":{"line":6,"column":16}},"1":{"start":{"line":27,"column":0},"end":{"line":27,"column":16}},"2":{"start":{"line":1,"column":0},"end":{"line":1,"column":28}},"3":{"start":{"line":2,"column":0},"end":{"line":2,"column":39}},"4":{"start":{"line":4,"column":18},"end":{"line":4,"column":31}},"5":{"start":{"line":7,"column":4},"end":{"line":9,"column":5}},"6":{"start":{"line":8,"column":8},"end":{"line":8,"column":102}},"7":{"start":{"line":11,"column":16},"end":{"line":11,"column":57}},"8":{"start":{"line":12,"column":15},"end":{"line":12,"column":37}},"9":{"start":{"line":13,"column":19},"end":{"line":13,"column":60}},"10":{"start":{"line":15,"column":20},"end":{"line":15,"column":54}},"11":{"start":{"line":16,"column":4},"end":{"line":16,"column":37}},"12":{"start":{"line":18,"column":20},"end":{"line":18,"column":55}},"13":{"start":{"line":20,"column":4},"end":{"line":24,"column":6}},"14":{"start":{"line":28,"column":4},"end":{"line":30,"column":5}},"15":{"start":{"line":29,"column":8},"end":{"line":29,"column":102}},"16":{"start":{"line":32,"column":16},"end":{"line":32,"column":57}},"17":{"start":{"line":33,"column":15},"end":{"line":33,"column":40}},"18":{"start":{"line":34,"column":20},"end":{"line":34,"column":50}},"19":{"start":{"line":36,"column":21},"end":{"line":36,"column":64}},"20":{"start":{"line":37,"column":4},"end":{"line":37,"column":33}},"21":{"start":{"line":39,"column":20},"end":{"line":39,"column":65}},"22":{"start":{"line":40,"column":4},"end":{"line":40,"column":40}},"23":{"start":{"line":42,"column":4},"end":{"line":42,"column":21}}},"fnMap":{"0":{"name":"encrypt","decl":{"start":{"line":6,"column":16},"end":{"line":6,"column":23}},"loc":{"start":{"line":6,"column":36},"end":{"line":25,"column":1}}},"1":{"name":"decrypt","decl":{"start":{"line":27,"column":16},"end":{"line":27,"column":23}},"loc":{"start":{"line":27,"column":80},"end":{"line":43,"column":1}}}},"branchMap":{"0":{"loc":{"start":{"line":7,"column":4},"end":{"line":9,"column":5}},"type":"if","locations":[{"start":{"line":7,"column":4},"end":{"line":9,"column":5}},{"start":{},"end":{}}]},"1":{"loc":{"start":{"line":7,"column":8},"end":{"line":7,"column":69}},"type":"binary-expr","locations":[{"start":{"line":7,"column":8},"end":{"line":7,"column":30}},{"start":{"line":7,"column":34},"end":{"line":7,"column":69}}]},"2":{"loc":{"start":{"line":28,"column":4},"end":{"line":30,"column":5}},"type":"if","locations":[{"start":{"line":28,"column":4},"end":{"line":30,"column":5}},{"start":{},"end":{}}]},"3":{"loc":{"start":{"line":28,"column":8},"end":{"line":28,"column":69}},"type":"binary-expr","locations":[{"start":{"line":28,"column":8},"end":{"line":28,"column":30}},{"start":{"line":28,"column":34},"end":{"line":28,"column":69}}]}},"s":{"0":3,"1":3,"2":3,"3":3,"4":3,"5":6,"6":1,"7":5,"8":5,"9":5,"10":5,"11":5,"12":5,"13":5,"14":4,"15":1,"16":3,"17":3,"18":3,"19":3,"20":3,"21":3,"22":3,"23":2},"f":{"0":6,"1":4},"b":{"0":[1,5],"1":[6,6],"2":[1,3],"3":[4,4]}}
,"/Users/a/Desktop/Kolo-Backend/src/workers/message.worker.ts": {"path":"/Users/a/Desktop/Kolo-Backend/src/workers/message.worker.ts","statementMap":{"0":{"start":{"line":15,"column":0},"end":{"line":15,"column":16}},"1":{"start":{"line":49,"column":0},"end":{"line":49,"column":7}},"2":{"start":{"line":1,"column":0},"end":{"line":1,"column":32}},"3":{"start":{"line":2,"column":0},"end":{"line":2,"column":39}},"4":{"start":{"line":3,"column":0},"end":{"line":3,"column":73}},"5":{"start":{"line":4,"column":0},"end":{"line":4,"column":63}},"6":{"start":{"line":5,"column":0},"end":{"line":5,"column":61}},"7":{"start":{"line":6,"column":0},"end":{"line":6,"column":55}},"8":{"start":{"line":7,"column":0},"end":{"line":7,"column":57}},"9":{"start":{"line":9,"column":19},"end":{"line":11,"column":2}},"10":{"start":{"line":13,"column":36},"end":{"line":13,"column":40}},"11":{"start":{"line":16,"column":4},"end":{"line":16,"column":31}},"12":{"start":{"line":16,"column":24},"end":{"line":16,"column":31}},"13":{"start":{"line":18,"column":22},"end":{"line":22,"column":null}},"14":{"start":{"line":25,"column":4},"end":{"line":36,"column":6}},"15":{"start":{"line":28,"column":38},"end":{"line":28,"column":46}},"16":{"start":{"line":29,"column":12},"end":{"line":29,"column":52}},"17":{"start":{"line":30,"column":12},"end":{"line":30,"column":58}},"18":{"start":{"line":38,"column":4},"end":{"line":40,"column":7}},"19":{"start":{"line":39,"column":8},"end":{"line":39,"column":47}},"20":{"start":{"line":42,"column":4},"end":{"line":44,"column":7}},"21":{"start":{"line":43,"column":8},"end":{"line":43,"column":89}},"22":{"start":{"line":46,"column":4},"end":{"line":46,"column":42}},"23":{"start":{"line":50,"column":4},"end":{"line":53,"column":5}},"24":{"start":{"line":51,"column":8},"end":{"line":51,"column":37}},"25":{"start":{"line":52,"column":8},"end":{"line":52,"column":30}}},"fnMap":{"0":{"name":"startWorker","decl":{"start":{"line":15,"column":16},"end":{"line":15,"column":27}},"loc":{"start":{"line":15,"column":27},"end":{"line":47,"column":1}}},"1":{"name":"(anonymous_1)","decl":{"start":{"line":27,"column":8},"end":{"line":27,"column":13}},"loc":{"start":{"line":27,"column":22},"end":{"line":31,"column":9}}},"2":{"name":"(anonymous_2)","decl":{"start":{"line":38,"column":35},"end":{"line":38,"column":36}},"loc":{"start":{"line":38,"column":43},"end":{"line":40,"column":5}}},"3":{"name":"(anonymous_3)","decl":{"start":{"line":42,"column":32},"end":{"line":42,"column":33}},"loc":{"start":{"line":42,"column":45},"end":{"line":44,"column":5}}},"4":{"name":"closeWorker","decl":{"start":{"line":49,"column":22},"end":{"line":49,"column":33}},"loc":{"start":{"line":49,"column":33},"end":{"line":54,"column":1}}}},"branchMap":{"0":{"loc":{"start":{"line":16,"column":4},"end":{"line":16,"column":31}},"type":"if","locations":[{"start":{"line":16,"column":4},"end":{"line":16,"column":31}},{"start":{},"end":{}}]},"1":{"loc":{"start":{"line":50,"column":4},"end":{"line":53,"column":5}},"type":"if","locations":[{"start":{"line":50,"column":4},"end":{"line":53,"column":5}},{"start":{},"end":{}}]}},"s":{"0":1,"1":1,"2":1,"3":1,"4":1,"5":1,"6":1,"7":1,"8":1,"9":1,"10":1,"11":8,"12":1,"13":7,"14":7,"15":1,"16":1,"17":1,"18":7,"19":1,"20":7,"21":1,"22":7,"23":10,"24":6,"25":6},"f":{"0":8,"1":1,"2":1,"3":1,"4":10},"b":{"0":[1,7],"1":[6,4]}}
}
