{"/Users/mac/Desktop/Dev/Kolo-Backend/src/config/env.ts": {"path":"/Users/mac/Desktop/Dev/Kolo-Backend/src/config/env.ts","statementMap":{"0":{"start":{"line":1,"column":0},"end":{"line":1,"column":28}},"1":{"start":{"line":2,"column":0},"end":{"line":2,"column":16}},"2":{"start":{"line":4,"column":13},"end":{"line":12,"column":2}}},"fnMap":{},"branchMap":{"0":{"loc":{"start":{"line":5,"column":10},"end":{"line":5,"column":34}},"type":"binary-expr","locations":[{"start":{"line":5,"column":10},"end":{"line":5,"column":26}},{"start":{"line":5,"column":30},"end":{"line":5,"column":34}}]},"1":{"loc":{"start":{"line":6,"column":20},"end":{"line":6,"column":52}},"type":"binary-expr","locations":[{"start":{"line":6,"column":20},"end":{"line":6,"column":46}},{"start":{"line":6,"column":50},"end":{"line":6,"column":52}}]},"2":{"loc":{"start":{"line":7,"column":30},"end":{"line":7,"column":72}},"type":"binary-expr","locations":[{"start":{"line":7,"column":30},"end":{"line":7,"column":66}},{"start":{"line":7,"column":70},"end":{"line":7,"column":72}}]},"3":{"loc":{"start":{"line":8,"column":18},"end":{"line":8,"column":65}},"type":"binary-expr","locations":[{"start":{"line":8,"column":18},"end":{"line":8,"column":42}},{"start":{"line":8,"column":46},"end":{"line":8,"column":65}}]},"4":{"loc":{"start":{"line":9,"column":18},"end":{"line":9,"column":48}},"type":"binary-expr","locations":[{"start":{"line":9,"column":18},"end":{"line":9,"column":42}},{"start":{"line":9,"column":46},"end":{"line":9,"column":48}}]},"5":{"loc":{"start":{"line":10,"column":21},"end":{"line":10,"column":61}},"type":"binary-expr","locations":[{"start":{"line":10,"column":21},"end":{"line":10,"column":48}},{"start":{"line":10,"column":52},"end":{"line":10,"column":61}}]},"6":{"loc":{"start":{"line":11,"column":20},"end":{"line":11,"column":52}},"type":"binary-expr","locations":[{"start":{"line":11,"column":20},"end":{"line":11,"column":46}},{"start":{"line":11,"column":50},"end":{"line":11,"column":52}}]}},"s":{"0":2,"1":2,"2":2},"f":{},"b":{"0":[2,2],"1":[2,2],"2":[2,2],"3":[2,2],"4":[2,2],"5":[2,2],"6":[2,2]}}
,"/Users/mac/Desktop/Dev/Kolo-Backend/src/controllers/bot.controller.ts": {"path":"/Users/mac/Desktop/Dev/Kolo-Backend/src/controllers/bot.controller.ts","statementMap":{"0":{"start":{"line":2,"column":0},"end":{"line":2,"column":63}},"1":{"start":{"line":3,"column":0},"end":{"line":3,"column":61}},"2":{"start":{"line":4,"column":0},"end":{"line":4,"column":55}},"3":{"start":{"line":5,"column":0},"end":{"line":5,"column":57}},"4":{"start":{"line":6,"column":0},"end":{"line":6,"column":39}},"5":{"start":{"line":7,"column":0},"end":{"line":7,"column":51}},"6":{"start":{"line":9,"column":24},"end":{"line":9,"column":45}},"7":{"start":{"line":10,"column":23},"end":{"line":10,"column":43}},"8":{"start":{"line":11,"column":20},"end":{"line":11,"column":37}},"9":{"start":{"line":12,"column":21},"end":{"line":12,"column":39}},"10":{"start":{"line":16,"column":21},"end":{"line":16,"column":42}},"11":{"start":{"line":17,"column":22},"end":{"line":17,"column":51}},"12":{"start":{"line":18,"column":26},"end":{"line":18,"column":52}},"13":{"start":{"line":20,"column":8},"end":{"line":29,"column":9}},"14":{"start":{"line":21,"column":12},"end":{"line":26,"column":13}},"15":{"start":{"line":22,"column":16},"end":{"line":22,"column":48}},"16":{"start":{"line":23,"column":16},"end":{"line":23,"column":48}},"17":{"start":{"line":25,"column":16},"end":{"line":25,"column":36}},"18":{"start":{"line":28,"column":12},"end":{"line":28,"column":32}},"19":{"start":{"line":33,"column":21},"end":{"line":33,"column":29}},"20":{"start":{"line":35,"column":8},"end":{"line":59,"column":9}},"21":{"start":{"line":36,"column":12},"end":{"line":55,"column":13}},"22":{"start":{"line":43,"column":38},"end":{"line":43,"column":93}},"23":{"start":{"line":44,"column":29},"end":{"line":44,"column":76}},"24":{"start":{"line":45,"column":32},"end":{"line":45,"column":91}},"25":{"start":{"line":47,"column":16},"end":{"line":54,"column":17}},"26":{"start":{"line":48,"column":20},"end":{"line":48,"column":77}},"27":{"start":{"line":51,"column":33},"end":{"line":51,"column":72}},"28":{"start":{"line":53,"column":20},"end":{"line":53,"column":67}},"29":{"start":{"line":56,"column":12},"end":{"line":56,"column":32}},"30":{"start":{"line":58,"column":12},"end":{"line":58,"column":32}},"31":{"start":{"line":63,"column":23},"end":{"line":63,"column":47}},"32":{"start":{"line":64,"column":8},"end":{"line":64,"column":40}},"33":{"start":{"line":64,"column":33},"end":{"line":64,"column":40}},"34":{"start":{"line":66,"column":21},"end":{"line":66,"column":44}},"35":{"start":{"line":67,"column":21},"end":{"line":67,"column":69}},"36":{"start":{"line":69,"column":8},"end":{"line":106,"column":9}},"37":{"start":{"line":71,"column":12},"end":{"line":79,"column":13}},"38":{"start":{"line":72,"column":16},"end":{"line":72,"column":75}},"39":{"start":{"line":73,"column":19},"end":{"line":79,"column":13}},"40":{"start":{"line":74,"column":16},"end":{"line":74,"column":73}},"41":{"start":{"line":75,"column":19},"end":{"line":79,"column":13}},"42":{"start":{"line":76,"column":16},"end":{"line":76,"column":76}},"43":{"start":{"line":77,"column":19},"end":{"line":79,"column":13}},"44":{"start":{"line":78,"column":16},"end":{"line":78,"column":75}},"45":{"start":{"line":82,"column":12},"end":{"line":102,"column":13}},"46":{"start":{"line":84,"column":20},"end":{"line":84,"column":58}},"47":{"start":{"line":86,"column":20},"end":{"line":86,"column":58}},"48":{"start":{"line":88,"column":20},"end":{"line":88,"column":58}},"49":{"start":{"line":90,"column":20},"end":{"line":90,"column":72}},"50":{"start":{"line":92,"column":20},"end":{"line":92,"column":75}},"51":{"start":{"line":94,"column":20},"end":{"line":94,"column":78}},"52":{"start":{"line":96,"column":20},"end":{"line":96,"column":76}},"53":{"start":{"line":99,"column":20},"end":{"line":99,"column":55}},"54":{"start":{"line":101,"column":20},"end":{"line":101,"column":64}},"55":{"start":{"line":104,"column":12},"end":{"line":104,"column":62}},"56":{"start":{"line":105,"column":12},"end":{"line":105,"column":91}},"57":{"start":{"line":112,"column":21},"end":{"line":112,"column":60}},"58":{"start":{"line":113,"column":8},"end":{"line":115,"column":9}},"59":{"start":{"line":114,"column":12},"end":{"line":114,"column":102}},"60":{"start":{"line":116,"column":26},"end":{"line":116,"column":58}},"61":{"start":{"line":117,"column":24},"end":{"line":117,"column":68}},"62":{"start":{"line":118,"column":8},"end":{"line":118,"column":93}},"63":{"start":{"line":122,"column":8},"end":{"line":122,"column":105}},"64":{"start":{"line":126,"column":21},"end":{"line":126,"column":60}},"65":{"start":{"line":127,"column":26},"end":{"line":127,"column":88}},"66":{"start":{"line":128,"column":28},"end":{"line":132,"column":54}},"67":{"start":{"line":133,"column":8},"end":{"line":133,"column":61}},"68":{"start":{"line":137,"column":8},"end":{"line":139,"column":9}},"69":{"start":{"line":138,"column":12},"end":{"line":138,"column":104}},"70":{"start":{"line":140,"column":23},"end":{"line":140,"column":30}},"71":{"start":{"line":141,"column":23},"end":{"line":141,"column":30}},"72":{"start":{"line":143,"column":23},"end":{"line":143,"column":62}},"73":{"start":{"line":144,"column":8},"end":{"line":146,"column":9}},"74":{"start":{"line":145,"column":12},"end":{"line":145,"column":100}},"75":{"start":{"line":148,"column":26},"end":{"line":148,"column":63}},"76":{"start":{"line":149,"column":8},"end":{"line":151,"column":9}},"77":{"start":{"line":150,"column":12},"end":{"line":150,"column":111}},"78":{"start":{"line":153,"column":50},"end":{"line":153,"column":81}},"79":{"start":{"line":154,"column":29},"end":{"line":154,"column":66}},"80":{"start":{"line":155,"column":35},"end":{"line":155,"column":72}},"81":{"start":{"line":157,"column":8},"end":{"line":164,"column":9}},"82":{"start":{"line":158,"column":12},"end":{"line":158,"column":115}},"83":{"start":{"line":159,"column":12},"end":{"line":159,"column":87}},"84":{"start":{"line":160,"column":12},"end":{"line":160,"column":103}},"85":{"start":{"line":162,"column":12},"end":{"line":162,"column":29}},"86":{"start":{"line":163,"column":12},"end":{"line":163,"column":108}},"87":{"start":{"line":168,"column":8},"end":{"line":170,"column":9}},"88":{"start":{"line":169,"column":12},"end":{"line":169,"column":107}},"89":{"start":{"line":171,"column":23},"end":{"line":171,"column":30}},"90":{"start":{"line":172,"column":23},"end":{"line":172,"column":30}},"91":{"start":{"line":174,"column":23},"end":{"line":174,"column":62}},"92":{"start":{"line":175,"column":26},"end":{"line":175,"column":63}},"93":{"start":{"line":177,"column":8},"end":{"line":179,"column":9}},"94":{"start":{"line":178,"column":12},"end":{"line":178,"column":100}},"95":{"start":{"line":181,"column":29},"end":{"line":181,"column":89}},"96":{"start":{"line":182,"column":8},"end":{"line":182,"column":184}},"97":{"start":{"line":183,"column":8},"end":{"line":183,"column":106}},"98":{"start":{"line":187,"column":8},"end":{"line":189,"column":9}},"99":{"start":{"line":188,"column":12},"end":{"line":188,"column":110}},"100":{"start":{"line":190,"column":26},"end":{"line":190,"column":49}},"101":{"start":{"line":191,"column":26},"end":{"line":191,"column":43}},"102":{"start":{"line":192,"column":21},"end":{"line":192,"column":35}},"103":{"start":{"line":193,"column":23},"end":{"line":193,"column":44}},"104":{"start":{"line":195,"column":21},"end":{"line":195,"column":60}},"105":{"start":{"line":197,"column":8},"end":{"line":202,"column":9}},"106":{"start":{"line":198,"column":26},"end":{"line":198,"column":90}},"107":{"start":{"line":199,"column":12},"end":{"line":199,"column":105}},"108":{"start":{"line":201,"column":12},"end":{"line":201,"column":94}},"109":{"start":{"line":206,"column":8},"end":{"line":208,"column":9}},"110":{"start":{"line":207,"column":12},"end":{"line":207,"column":90}},"111":{"start":{"line":209,"column":24},"end":{"line":209,"column":31}},"112":{"start":{"line":210,"column":21},"end":{"line":210,"column":60}},"113":{"start":{"line":212,"column":8},"end":{"line":217,"column":9}},"114":{"start":{"line":213,"column":12},"end":{"line":213,"column":59}},"115":{"start":{"line":214,"column":12},"end":{"line":214,"column":84}},"116":{"start":{"line":216,"column":12},"end":{"line":216,"column":92}},"117":{"start":{"line":221,"column":8},"end":{"line":223,"column":9}},"118":{"start":{"line":222,"column":12},"end":{"line":222,"column":104}},"119":{"start":{"line":224,"column":23},"end":{"line":224,"column":30}},"120":{"start":{"line":225,"column":21},"end":{"line":225,"column":60}},"121":{"start":{"line":226,"column":26},"end":{"line":226,"column":63}},"122":{"start":{"line":228,"column":8},"end":{"line":230,"column":9}},"123":{"start":{"line":229,"column":12},"end":{"line":229,"column":100}},"124":{"start":{"line":232,"column":28},"end":{"line":232,"column":70}},"125":{"start":{"line":233,"column":27},"end":{"line":233,"column":77}},"126":{"start":{"line":233,"column":56},"end":{"line":233,"column":76}},"127":{"start":{"line":235,"column":8},"end":{"line":237,"column":9}},"128":{"start":{"line":236,"column":12},"end":{"line":236,"column":107}},"129":{"start":{"line":239,"column":29},"end":{"line":239,"column":83}},"130":{"start":{"line":240,"column":8},"end":{"line":240,"column":212}},"131":{"start":{"line":241,"column":8},"end":{"line":241,"column":79}},"132":{"start":{"line":245,"column":21},"end":{"line":245,"column":60}},"133":{"start":{"line":246,"column":28},"end":{"line":246,"column":70}},"134":{"start":{"line":248,"column":8},"end":{"line":250,"column":9}},"135":{"start":{"line":249,"column":12},"end":{"line":249,"column":94}},"136":{"start":{"line":252,"column":25},"end":{"line":252,"column":45}},"137":{"start":{"line":253,"column":8},"end":{"line":258,"column":11}},"138":{"start":{"line":254,"column":12},"end":{"line":254,"column":48}},"139":{"start":{"line":255,"column":12},"end":{"line":255,"column":107}},"140":{"start":{"line":256,"column":12},"end":{"line":256,"column":46}},"141":{"start":{"line":257,"column":12},"end":{"line":257,"column":67}},"142":{"start":{"line":260,"column":8},"end":{"line":260,"column":67}},"143":{"start":{"line":264,"column":8},"end":{"line":266,"column":9}},"144":{"start":{"line":265,"column":12},"end":{"line":265,"column":89}},"145":{"start":{"line":267,"column":26},"end":{"line":267,"column":33}},"146":{"start":{"line":268,"column":23},"end":{"line":268,"column":44}},"147":{"start":{"line":269,"column":21},"end":{"line":269,"column":60}},"148":{"start":{"line":271,"column":28},"end":{"line":271,"column":70}},"149":{"start":{"line":272,"column":8},"end":{"line":274,"column":9}},"150":{"start":{"line":273,"column":12},"end":{"line":273,"column":100}},"151":{"start":{"line":277,"column":22},"end":{"line":277,"column":42}},"152":{"start":{"line":279,"column":8},"end":{"line":289,"column":9}},"153":{"start":{"line":280,"column":12},"end":{"line":280,"column":131}},"154":{"start":{"line":283,"column":27},"end":{"line":283,"column":50}},"155":{"start":{"line":284,"column":12},"end":{"line":284,"column":82}},"156":{"start":{"line":286,"column":12},"end":{"line":286,"column":116}},"157":{"start":{"line":288,"column":12},"end":{"line":288,"column":91}},"158":{"start":{"line":293,"column":8},"end":{"line":295,"column":9}},"159":{"start":{"line":294,"column":12},"end":{"line":294,"column":87}},"160":{"start":{"line":296,"column":23},"end":{"line":296,"column":42}},"161":{"start":{"line":297,"column":21},"end":{"line":297,"column":60}},"162":{"start":{"line":299,"column":28},"end":{"line":299,"column":70}},"163":{"start":{"line":300,"column":8},"end":{"line":302,"column":9}},"164":{"start":{"line":301,"column":12},"end":{"line":301,"column":100}},"165":{"start":{"line":304,"column":22},"end":{"line":304,"column":42}},"166":{"start":{"line":307,"column":8},"end":{"line":307,"column":125}},"167":{"start":{"line":311,"column":25},"end":{"line":328,"column":21}},"168":{"start":{"line":329,"column":8},"end":{"line":329,"column":58}},"169":{"start":{"line":333,"column":8},"end":{"line":333,"column":122}},"170":{"start":{"line":14,"column":0},"end":{"line":14,"column":13}}},"fnMap":{"0":{"name":"(anonymous_0)","decl":{"start":{"line":15,"column":11},"end":{"line":15,"column":24}},"loc":{"start":{"line":15,"column":52},"end":{"line":30,"column":5}}},"1":{"name":"(anonymous_1)","decl":{"start":{"line":32,"column":11},"end":{"line":32,"column":16}},"loc":{"start":{"line":32,"column":58},"end":{"line":60,"column":5}}},"2":{"name":"(anonymous_2)","decl":{"start":{"line":62,"column":12},"end":{"line":62,"column":17}},"loc":{"start":{"line":62,"column":70},"end":{"line":107,"column":5}}},"3":{"name":"(anonymous_3)","decl":{"start":{"line":111,"column":12},"end":{"line":111,"column":17}},"loc":{"start":{"line":111,"column":44},"end":{"line":119,"column":5}}},"4":{"name":"(anonymous_4)","decl":{"start":{"line":121,"column":12},"end":{"line":121,"column":17}},"loc":{"start":{"line":121,"column":44},"end":{"line":123,"column":5}}},"5":{"name":"(anonymous_5)","decl":{"start":{"line":125,"column":12},"end":{"line":125,"column":17}},"loc":{"start":{"line":125,"column":44},"end":{"line":134,"column":5}}},"6":{"name":"(anonymous_6)","decl":{"start":{"line":136,"column":12},"end":{"line":136,"column":17}},"loc":{"start":{"line":136,"column":57},"end":{"line":165,"column":5}}},"7":{"name":"(anonymous_7)","decl":{"start":{"line":167,"column":12},"end":{"line":167,"column":17}},"loc":{"start":{"line":167,"column":60},"end":{"line":184,"column":5}}},"8":{"name":"(anonymous_8)","decl":{"start":{"line":186,"column":12},"end":{"line":186,"column":17}},"loc":{"start":{"line":186,"column":64},"end":{"line":203,"column":5}}},"9":{"name":"(anonymous_9)","decl":{"start":{"line":205,"column":12},"end":{"line":205,"column":17}},"loc":{"start":{"line":205,"column":62},"end":{"line":218,"column":5}}},"10":{"name":"(anonymous_10)","decl":{"start":{"line":220,"column":12},"end":{"line":220,"column":17}},"loc":{"start":{"line":220,"column":65},"end":{"line":242,"column":5}}},"11":{"name":"(anonymous_11)","decl":{"start":{"line":233,"column":44},"end":{"line":233,"column":45}},"loc":{"start":{"line":233,"column":56},"end":{"line":233,"column":76}}},"12":{"name":"(anonymous_12)","decl":{"start":{"line":244,"column":12},"end":{"line":244,"column":17}},"loc":{"start":{"line":244,"column":64},"end":{"line":261,"column":5}}},"13":{"name":"(anonymous_13)","decl":{"start":{"line":253,"column":28},"end":{"line":253,"column":29}},"loc":{"start":{"line":253,"column":39},"end":{"line":258,"column":9}}},"14":{"name":"(anonymous_14)","decl":{"start":{"line":263,"column":12},"end":{"line":263,"column":17}},"loc":{"start":{"line":263,"column":63},"end":{"line":290,"column":5}}},"15":{"name":"(anonymous_15)","decl":{"start":{"line":292,"column":12},"end":{"line":292,"column":17}},"loc":{"start":{"line":292,"column":61},"end":{"line":308,"column":5}}},"16":{"name":"(anonymous_16)","decl":{"start":{"line":310,"column":12},"end":{"line":310,"column":17}},"loc":{"start":{"line":310,"column":41},"end":{"line":330,"column":5}}},"17":{"name":"(anonymous_17)","decl":{"start":{"line":332,"column":12},"end":{"line":332,"column":17}},"loc":{"start":{"line":332,"column":58},"end":{"line":334,"column":5}}}},"branchMap":{"0":{"loc":{"start":{"line":20,"column":8},"end":{"line":29,"column":9}},"type":"if","locations":[{"start":{"line":20,"column":8},"end":{"line":29,"column":9}},{"start":{"line":27,"column":15},"end":{"line":29,"column":9}}]},"1":{"loc":{"start":{"line":20,"column":12},"end":{"line":20,"column":25}},"type":"binary-expr","locations":[{"start":{"line":20,"column":12},"end":{"line":20,"column":16}},{"start":{"line":20,"column":20},"end":{"line":20,"column":25}}]},"2":{"loc":{"start":{"line":21,"column":12},"end":{"line":26,"column":13}},"type":"if","locations":[{"start":{"line":21,"column":12},"end":{"line":26,"column":13}},{"start":{"line":24,"column":19},"end":{"line":26,"column":13}}]},"3":{"loc":{"start":{"line":21,"column":16},"end":{"line":21,"column":69}},"type":"binary-expr","locations":[{"start":{"line":21,"column":16},"end":{"line":21,"column":36}},{"start":{"line":21,"column":40},"end":{"line":21,"column":69}}]},"4":{"loc":{"start":{"line":35,"column":8},"end":{"line":59,"column":9}},"type":"if","locations":[{"start":{"line":35,"column":8},"end":{"line":59,"column":9}},{"start":{"line":57,"column":15},"end":{"line":59,"column":9}}]},"5":{"loc":{"start":{"line":36,"column":12},"end":{"line":55,"column":13}},"type":"if","locations":[{"start":{"line":36,"column":12},"end":{"line":55,"column":13}},{"start":{},"end":{}}]},"6":{"loc":{"start":{"line":37,"column":16},"end":{"line":41,"column":58}},"type":"binary-expr","locations":[{"start":{"line":37,"column":16},"end":{"line":37,"column":26}},{"start":{"line":38,"column":16},"end":{"line":38,"column":37}},{"start":{"line":39,"column":16},"end":{"line":39,"column":40}},{"start":{"line":40,"column":16},"end":{"line":40,"column":55}},{"start":{"line":41,"column":16},"end":{"line":41,"column":58}}]},"7":{"loc":{"start":{"line":45,"column":32},"end":{"line":45,"column":91}},"type":"binary-expr","locations":[{"start":{"line":45,"column":32},"end":{"line":45,"column":85}},{"start":{"line":45,"column":89},"end":{"line":45,"column":91}}]},"8":{"loc":{"start":{"line":47,"column":16},"end":{"line":54,"column":17}},"type":"if","locations":[{"start":{"line":47,"column":16},"end":{"line":54,"column":17}},{"start":{},"end":{}}]},"9":{"loc":{"start":{"line":64,"column":8},"end":{"line":64,"column":40}},"type":"if","locations":[{"start":{"line":64,"column":8},"end":{"line":64,"column":40}},{"start":{},"end":{}}]},"10":{"loc":{"start":{"line":67,"column":21},"end":{"line":67,"column":69}},"type":"cond-expr","locations":[{"start":{"line":67,"column":41},"end":{"line":67,"column":64}},{"start":{"line":67,"column":67},"end":{"line":67,"column":69}}]},"11":{"loc":{"start":{"line":71,"column":12},"end":{"line":79,"column":13}},"type":"if","locations":[{"start":{"line":71,"column":12},"end":{"line":79,"column":13}},{"start":{"line":73,"column":19},"end":{"line":79,"column":13}}]},"12":{"loc":{"start":{"line":71,"column":16},"end":{"line":71,"column":53}},"type":"binary-expr","locations":[{"start":{"line":71,"column":16},"end":{"line":71,"column":33}},{"start":{"line":71,"column":37},"end":{"line":71,"column":53}}]},"13":{"loc":{"start":{"line":73,"column":19},"end":{"line":79,"column":13}},"type":"if","locations":[{"start":{"line":73,"column":19},"end":{"line":79,"column":13}},{"start":{"line":75,"column":19},"end":{"line":79,"column":13}}]},"14":{"loc":{"start":{"line":73,"column":23},"end":{"line":73,"column":58}},"type":"binary-expr","locations":[{"start":{"line":73,"column":23},"end":{"line":73,"column":38}},{"start":{"line":73,"column":42},"end":{"line":73,"column":58}}]},"15":{"loc":{"start":{"line":75,"column":19},"end":{"line":79,"column":13}},"type":"if","locations":[{"start":{"line":75,"column":19},"end":{"line":79,"column":13}},{"start":{"line":77,"column":19},"end":{"line":79,"column":13}}]},"16":{"loc":{"start":{"line":75,"column":23},"end":{"line":75,"column":61}},"type":"binary-expr","locations":[{"start":{"line":75,"column":23},"end":{"line":75,"column":40}},{"start":{"line":75,"column":44},"end":{"line":75,"column":61}}]},"17":{"loc":{"start":{"line":77,"column":19},"end":{"line":79,"column":13}},"type":"if","locations":[{"start":{"line":77,"column":19},"end":{"line":79,"column":13}},{"start":{},"end":{}}]},"18":{"loc":{"start":{"line":77,"column":23},"end":{"line":77,"column":60}},"type":"binary-expr","locations":[{"start":{"line":77,"column":23},"end":{"line":77,"column":39}},{"start":{"line":77,"column":43},"end":{"line":77,"column":60}}]},"19":{"loc":{"start":{"line":82,"column":12},"end":{"line":102,"column":13}},"type":"switch","locations":[{"start":{"line":83,"column":16},"end":{"line":84,"column":58}},{"start":{"line":85,"column":16},"end":{"line":86,"column":58}},{"start":{"line":87,"column":16},"end":{"line":88,"column":58}},{"start":{"line":89,"column":16},"end":{"line":90,"column":72}},{"start":{"line":91,"column":16},"end":{"line":92,"column":75}},{"start":{"line":93,"column":16},"end":{"line":94,"column":78}},{"start":{"line":95,"column":16},"end":{"line":96,"column":76}},{"start":{"line":97,"column":16},"end":{"line":97,"column":28}},{"start":{"line":98,"column":16},"end":{"line":99,"column":55}},{"start":{"line":100,"column":16},"end":{"line":101,"column":64}}]},"20":{"loc":{"start":{"line":113,"column":8},"end":{"line":115,"column":9}},"type":"if","locations":[{"start":{"line":113,"column":8},"end":{"line":115,"column":9}},{"start":{},"end":{}}]},"21":{"loc":{"start":{"line":127,"column":26},"end":{"line":127,"column":88}},"type":"cond-expr","locations":[{"start":{"line":127,"column":47},"end":{"line":127,"column":79}},{"start":{"line":127,"column":82},"end":{"line":127,"column":88}}]},"22":{"loc":{"start":{"line":130,"column":25},"end":{"line":130,"column":51}},"type":"binary-expr","locations":[{"start":{"line":130,"column":25},"end":{"line":130,"column":38}},{"start":{"line":130,"column":42},"end":{"line":130,"column":51}}]},"23":{"loc":{"start":{"line":137,"column":8},"end":{"line":139,"column":9}},"type":"if","locations":[{"start":{"line":137,"column":8},"end":{"line":139,"column":9}},{"start":{},"end":{}}]},"24":{"loc":{"start":{"line":144,"column":8},"end":{"line":146,"column":9}},"type":"if","locations":[{"start":{"line":144,"column":8},"end":{"line":146,"column":9}},{"start":{},"end":{}}]},"25":{"loc":{"start":{"line":149,"column":8},"end":{"line":151,"column":9}},"type":"if","locations":[{"start":{"line":149,"column":8},"end":{"line":151,"column":9}},{"start":{},"end":{}}]},"26":{"loc":{"start":{"line":149,"column":12},"end":{"line":149,"column":50}},"type":"binary-expr","locations":[{"start":{"line":149,"column":12},"end":{"line":149,"column":22}},{"start":{"line":149,"column":26},"end":{"line":149,"column":50}}]},"27":{"loc":{"start":{"line":163,"column":72},"end":{"line":163,"column":104}},"type":"binary-expr","locations":[{"start":{"line":163,"column":72},"end":{"line":163,"column":81}},{"start":{"line":163,"column":85},"end":{"line":163,"column":104}}]},"28":{"loc":{"start":{"line":168,"column":8},"end":{"line":170,"column":9}},"type":"if","locations":[{"start":{"line":168,"column":8},"end":{"line":170,"column":9}},{"start":{},"end":{}}]},"29":{"loc":{"start":{"line":177,"column":8},"end":{"line":179,"column":9}},"type":"if","locations":[{"start":{"line":177,"column":8},"end":{"line":179,"column":9}},{"start":{},"end":{}}]},"30":{"loc":{"start":{"line":181,"column":29},"end":{"line":181,"column":89}},"type":"cond-expr","locations":[{"start":{"line":181,"column":47},"end":{"line":181,"column":68}},{"start":{"line":181,"column":71},"end":{"line":181,"column":89}}]},"31":{"loc":{"start":{"line":187,"column":8},"end":{"line":189,"column":9}},"type":"if","locations":[{"start":{"line":187,"column":8},"end":{"line":189,"column":9}},{"start":{},"end":{}}]},"32":{"loc":{"start":{"line":190,"column":26},"end":{"line":190,"column":49}},"type":"binary-expr","locations":[{"start":{"line":190,"column":26},"end":{"line":190,"column":36}},{"start":{"line":190,"column":40},"end":{"line":190,"column":49}}]},"33":{"loc":{"start":{"line":191,"column":26},"end":{"line":191,"column":43}},"type":"binary-expr","locations":[{"start":{"line":191,"column":26},"end":{"line":191,"column":36}},{"start":{"line":191,"column":40},"end":{"line":191,"column":43}}]},"34":{"loc":{"start":{"line":206,"column":8},"end":{"line":208,"column":9}},"type":"if","locations":[{"start":{"line":206,"column":8},"end":{"line":208,"column":9}},{"start":{},"end":{}}]},"35":{"loc":{"start":{"line":221,"column":8},"end":{"line":223,"column":9}},"type":"if","locations":[{"start":{"line":221,"column":8},"end":{"line":223,"column":9}},{"start":{},"end":{}}]},"36":{"loc":{"start":{"line":228,"column":8},"end":{"line":230,"column":9}},"type":"if","locations":[{"start":{"line":228,"column":8},"end":{"line":230,"column":9}},{"start":{},"end":{}}]},"37":{"loc":{"start":{"line":235,"column":8},"end":{"line":237,"column":9}},"type":"if","locations":[{"start":{"line":235,"column":8},"end":{"line":237,"column":9}},{"start":{},"end":{}}]},"38":{"loc":{"start":{"line":239,"column":29},"end":{"line":239,"column":83}},"type":"cond-expr","locations":[{"start":{"line":239,"column":45},"end":{"line":239,"column":64}},{"start":{"line":239,"column":67},"end":{"line":239,"column":83}}]},"39":{"loc":{"start":{"line":248,"column":8},"end":{"line":250,"column":9}},"type":"if","locations":[{"start":{"line":248,"column":8},"end":{"line":250,"column":9}},{"start":{},"end":{}}]},"40":{"loc":{"start":{"line":264,"column":8},"end":{"line":266,"column":9}},"type":"if","locations":[{"start":{"line":264,"column":8},"end":{"line":266,"column":9}},{"start":{},"end":{}}]},"41":{"loc":{"start":{"line":272,"column":8},"end":{"line":274,"column":9}},"type":"if","locations":[{"start":{"line":272,"column":8},"end":{"line":274,"column":9}},{"start":{},"end":{}}]},"42":{"loc":{"start":{"line":293,"column":8},"end":{"line":295,"column":9}},"type":"if","locations":[{"start":{"line":293,"column":8},"end":{"line":295,"column":9}},{"start":{},"end":{}}]},"43":{"loc":{"start":{"line":300,"column":8},"end":{"line":302,"column":9}},"type":"if","locations":[{"start":{"line":300,"column":8},"end":{"line":302,"column":9}},{"start":{},"end":{}}]}},"s":{"0":1,"1":1,"2":1,"3":1,"4":1,"5":1,"6":1,"7":1,"8":1,"9":1,"10":1,"11":1,"12":1,"13":1,"14":1,"15":1,"16":1,"17":0,"18":0,"19":4,"20":4,"21":4,"22":4,"23":4,"24":4,"25":4,"26":4,"27":4,"28":4,"29":4,"30":0,"31":4,"32":4,"33":0,"34":4,"35":4,"36":4,"37":4,"38":1,"39":3,"40":0,"41":3,"42":0,"43":3,"44":0,"45":3,"46":1,"47":0,"48":0,"49":1,"50":0,"51":0,"52":0,"53":0,"54":1,"55":0,"56":0,"57":1,"58":1,"59":0,"60":1,"61":1,"62":1,"63":0,"64":0,"65":0,"66":0,"67":0,"68":1,"69":0,"70":1,"71":1,"72":1,"73":1,"74":0,"75":1,"76":1,"77":0,"78":1,"79":1,"80":1,"81":1,"82":1,"83":1,"84":1,"85":0,"86":0,"87":0,"88":0,"89":0,"90":0,"91":0,"92":0,"93":0,"94":0,"95":0,"96":0,"97":0,"98":1,"99":0,"100":1,"101":1,"102":1,"103":1,"104":1,"105":1,"106":1,"107":1,"108":0,"109":0,"110":0,"111":0,"112":0,"113":0,"114":0,"115":0,"116":0,"117":0,"118":0,"119":0,"120":0,"121":0,"122":0,"123":0,"124":0,"125":0,"126":0,"127":0,"128":0,"129":0,"130":0,"131":0,"132":0,"133":0,"134":0,"135":0,"136":0,"137":0,"138":0,"139":0,"140":0,"141":0,"142":0,"143":0,"144":0,"145":0,"146":0,"147":0,"148":0,"149":0,"150":0,"151":0,"152":0,"153":0,"154":0,"155":0,"156":0,"157":0,"158":0,"159":0,"160":0,"161":0,"162":0,"163":0,"164":0,"165":0,"166":0,"167":0,"168":0,"169":1,"170":1},"f":{"0":1,"1":4,"2":4,"3":1,"4":0,"5":0,"6":1,"7":0,"8":1,"9":0,"10":0,"11":0,"12":0,"13":0,"14":0,"15":0,"16":0,"17":1},"b":{"0":[1,0],"1":[1,1],"2":[1,0],"3":[1,1],"4":[4,0],"5":[4,0],"6":[4,4,4,4,4],"7":[4,0],"8":[4,0],"9":[0,4],"10":[2,2],"11":[1,3],"12":[4,1],"13":[0,3],"14":[3,0],"15":[0,3],"16":[3,0],"17":[0,3],"18":[3,0],"19":[1,0,0,1,0,0,0,0,0,1],"20":[0,1],"21":[0,0],"22":[0,0],"23":[0,1],"24":[0,1],"25":[0,1],"26":[1,1],"27":[0,0],"28":[0,0],"29":[0,0],"30":[0,0],"31":[0,1],"32":[1,0],"33":[1,0],"34":[0,0],"35":[0,0],"36":[0,0],"37":[0,0],"38":[0,0],"39":[0,0],"40":[0,0],"41":[0,0],"42":[0,0],"43":[0,0]}}
,"/Users/mac/Desktop/Dev/Kolo-Backend/src/services/group.service.ts": {"path":"/Users/mac/Desktop/Dev/Kolo-Backend/src/services/group.service.ts","statementMap":{"0":{"start":{"line":1,"column":0},"end":{"line":1,"column":46}},"1":{"start":{"line":3,"column":15},"end":{"line":3,"column":33}},"2":{"start":{"line":7,"column":8},"end":{"line":19,"column":11}},"3":{"start":{"line":23,"column":8},"end":{"line":29,"column":11}},"4":{"start":{"line":33,"column":8},"end":{"line":40,"column":11}},"5":{"start":{"line":44,"column":8},"end":{"line":52,"column":11}},"6":{"start":{"line":5,"column":0},"end":{"line":5,"column":13}}},"fnMap":{"0":{"name":"(anonymous_0)","decl":{"start":{"line":6,"column":11},"end":{"line":6,"column":16}},"loc":{"start":{"line":6,"column":92},"end":{"line":20,"column":5}}},"1":{"name":"(anonymous_1)","decl":{"start":{"line":22,"column":11},"end":{"line":22,"column":16}},"loc":{"start":{"line":22,"column":58},"end":{"line":30,"column":5}}},"2":{"name":"(anonymous_2)","decl":{"start":{"line":32,"column":11},"end":{"line":32,"column":16}},"loc":{"start":{"line":32,"column":46},"end":{"line":41,"column":5}}},"3":{"name":"(anonymous_3)","decl":{"start":{"line":43,"column":11},"end":{"line":43,"column":16}},"loc":{"start":{"line":43,"column":96},"end":{"line":53,"column":5}}}},"branchMap":{},"s":{"0":1,"1":1,"2":1,"3":1,"4":1,"5":1,"6":1},"f":{"0":1,"1":1,"2":1,"3":1},"b":{}}
,"/Users/mac/Desktop/Dev/Kolo-Backend/src/services/stellar.service.ts": {"path":"/Users/mac/Desktop/Dev/Kolo-Backend/src/services/stellar.service.ts","statementMap":{"0":{"start":{"line":1,"column":0},"end":{"line":1,"column":51}},"1":{"start":{"line":2,"column":0},"end":{"line":2,"column":39}},"2":{"start":{"line":3,"column":0},"end":{"line":3,"column":51}},"3":{"start":{"line":9,"column":8},"end":{"line":13,"column":9}},"4":{"start":{"line":10,"column":12},"end":{"line":10,"column":87}},"5":{"start":{"line":12,"column":12},"end":{"line":12,"column":95}},"6":{"start":{"line":17,"column":21},"end":{"line":17,"column":48}},"7":{"start":{"line":18,"column":47},"end":{"line":18,"column":69}},"8":{"start":{"line":19,"column":8},"end":{"line":24,"column":10}},"9":{"start":{"line":28,"column":8},"end":{"line":37,"column":9}},"10":{"start":{"line":29,"column":12},"end":{"line":36,"column":13}},"11":{"start":{"line":31,"column":30},"end":{"line":31,"column":46}},"12":{"start":{"line":32,"column":16},"end":{"line":32,"column":103}},"13":{"start":{"line":33,"column":16},"end":{"line":33,"column":74}},"14":{"start":{"line":35,"column":16},"end":{"line":35,"column":62}},"15":{"start":{"line":41,"column":8},"end":{"line":48,"column":9}},"16":{"start":{"line":42,"column":28},"end":{"line":42,"column":68}},"17":{"start":{"line":43,"column":28},"end":{"line":43,"column":83}},"18":{"start":{"line":43,"column":57},"end":{"line":43,"column":82}},"19":{"start":{"line":44,"column":12},"end":{"line":44,"column":51}},"20":{"start":{"line":46,"column":12},"end":{"line":46,"column":60}},"21":{"start":{"line":47,"column":12},"end":{"line":47,"column":67}},"22":{"start":{"line":52,"column":30},"end":{"line":52,"column":73}},"23":{"start":{"line":53,"column":30},"end":{"line":53,"column":86}},"24":{"start":{"line":55,"column":28},"end":{"line":67,"column":16}},"25":{"start":{"line":69,"column":8},"end":{"line":69,"column":40}},"26":{"start":{"line":70,"column":8},"end":{"line":70,"column":64}},"27":{"start":{"line":5,"column":0},"end":{"line":5,"column":13}}},"fnMap":{"0":{"name":"(anonymous_9)","decl":{"start":{"line":8,"column":4},"end":{"line":8,"column":null}},"loc":{"start":{"line":8,"column":4},"end":{"line":14,"column":5}}},"1":{"name":"(anonymous_10)","decl":{"start":{"line":16,"column":11},"end":{"line":16,"column":25}},"loc":{"start":{"line":16,"column":25},"end":{"line":25,"column":5}}},"2":{"name":"(anonymous_11)","decl":{"start":{"line":27,"column":11},"end":{"line":27,"column":16}},"loc":{"start":{"line":27,"column":53},"end":{"line":38,"column":5}}},"3":{"name":"(anonymous_12)","decl":{"start":{"line":40,"column":11},"end":{"line":40,"column":16}},"loc":{"start":{"line":40,"column":47},"end":{"line":49,"column":5}}},"4":{"name":"(anonymous_13)","decl":{"start":{"line":43,"column":50},"end":{"line":43,"column":51}},"loc":{"start":{"line":43,"column":57},"end":{"line":43,"column":82}}},"5":{"name":"(anonymous_14)","decl":{"start":{"line":51,"column":11},"end":{"line":51,"column":16}},"loc":{"start":{"line":51,"column":95},"end":{"line":71,"column":5}}}},"branchMap":{"0":{"loc":{"start":{"line":9,"column":8},"end":{"line":13,"column":9}},"type":"if","locations":[{"start":{"line":9,"column":8},"end":{"line":13,"column":9}},{"start":{"line":11,"column":15},"end":{"line":13,"column":9}}]},"1":{"loc":{"start":{"line":28,"column":8},"end":{"line":37,"column":9}},"type":"if","locations":[{"start":{"line":28,"column":8},"end":{"line":37,"column":9}},{"start":{},"end":{}}]},"2":{"loc":{"start":{"line":44,"column":19},"end":{"line":44,"column":50}},"type":"cond-expr","locations":[{"start":{"line":44,"column":29},"end":{"line":44,"column":44}},{"start":{"line":44,"column":47},"end":{"line":44,"column":50}}]},"3":{"loc":{"start":{"line":57,"column":31},"end":{"line":59,"column":44}},"type":"cond-expr","locations":[{"start":{"line":58,"column":18},"end":{"line":58,"column":45}},{"start":{"line":59,"column":18},"end":{"line":59,"column":44}}]}},"s":{"0":1,"1":1,"2":1,"3":4,"4":0,"5":4,"6":1,"7":1,"8":1,"9":1,"10":1,"11":1,"12":1,"13":1,"14":0,"15":1,"16":1,"17":1,"18":1,"19":1,"20":0,"21":0,"22":1,"23":1,"24":1,"25":1,"26":1,"27":1},"f":{"0":4,"1":1,"2":1,"3":1,"4":1,"5":1},"b":{"0":[0,4],"1":[1,0],"2":[1,0],"3":[1,0]}}
,"/Users/mac/Desktop/Dev/Kolo-Backend/src/services/user.service.ts": {"path":"/Users/mac/Desktop/Dev/Kolo-Backend/src/services/user.service.ts","statementMap":{"0":{"start":{"line":1,"column":0},"end":{"line":1,"column":46}},"1":{"start":{"line":2,"column":0},"end":{"line":2,"column":51}},"2":{"start":{"line":4,"column":15},"end":{"line":4,"column":33}},"3":{"start":{"line":5,"column":23},"end":{"line":5,"column":43}},"4":{"start":{"line":9,"column":19},"end":{"line":11,"column":10}},"5":{"start":{"line":13,"column":8},"end":{"line":32,"column":9}},"6":{"start":{"line":15,"column":27},"end":{"line":15,"column":58}},"7":{"start":{"line":18,"column":12},"end":{"line":20,"column":15}},"8":{"start":{"line":19,"column":16},"end":{"line":19,"column":70}},"9":{"start":{"line":23,"column":31},"end":{"line":23,"column":109}},"10":{"start":{"line":25,"column":12},"end":{"line":30,"column":15}},"11":{"start":{"line":31,"column":12},"end":{"line":31,"column":95}},"12":{"start":{"line":33,"column":8},"end":{"line":33,"column":20}},"13":{"start":{"line":37,"column":8},"end":{"line":41,"column":9}},"14":{"start":{"line":38,"column":12},"end":{"line":38,"column":94}},"15":{"start":{"line":40,"column":12},"end":{"line":40,"column":84}},"16":{"start":{"line":7,"column":0},"end":{"line":7,"column":13}}},"fnMap":{"0":{"name":"(anonymous_0)","decl":{"start":{"line":8,"column":11},"end":{"line":8,"column":16}},"loc":{"start":{"line":8,"column":52},"end":{"line":34,"column":5}}},"1":{"name":"(anonymous_1)","decl":{"start":{"line":18,"column":70},"end":{"line":18,"column":73}},"loc":{"start":{"line":18,"column":76},"end":{"line":20,"column":13}}},"2":{"name":"(anonymous_2)","decl":{"start":{"line":36,"column":11},"end":{"line":36,"column":16}},"loc":{"start":{"line":36,"column":43},"end":{"line":42,"column":5}}}},"branchMap":{"0":{"loc":{"start":{"line":13,"column":8},"end":{"line":32,"column":9}},"type":"if","locations":[{"start":{"line":13,"column":8},"end":{"line":32,"column":9}},{"start":{},"end":{}}]},"1":{"loc":{"start":{"line":37,"column":8},"end":{"line":41,"column":9}},"type":"if","locations":[{"start":{"line":37,"column":8},"end":{"line":41,"column":9}},{"start":{"line":39,"column":15},"end":{"line":41,"column":9}}]}},"s":{"0":1,"1":1,"2":1,"3":1,"4":2,"5":2,"6":1,"7":1,"8":0,"9":1,"10":1,"11":1,"12":2,"13":2,"14":1,"15":1,"16":1},"f":{"0":2,"1":0,"2":2},"b":{"0":[1,1],"1":[1,1]}}
,"/Users/mac/Desktop/Dev/Kolo-Backend/src/utils/encryption.util.ts": {"path":"/Users/mac/Desktop/Dev/Kolo-Backend/src/utils/encryption.util.ts","statementMap":{"0":{"start":{"line":6,"column":0},"end":{"line":6,"column":16}},"1":{"start":{"line":27,"column":0},"end":{"line":27,"column":16}},"2":{"start":{"line":1,"column":0},"end":{"line":1,"column":28}},"3":{"start":{"line":2,"column":0},"end":{"line":2,"column":39}},"4":{"start":{"line":4,"column":18},"end":{"line":4,"column":31}},"5":{"start":{"line":7,"column":4},"end":{"line":9,"column":5}},"6":{"start":{"line":8,"column":8},"end":{"line":8,"column":102}},"7":{"start":{"line":11,"column":16},"end":{"line":11,"column":57}},"8":{"start":{"line":12,"column":15},"end":{"line":12,"column":37}},"9":{"start":{"line":13,"column":19},"end":{"line":13,"column":60}},"10":{"start":{"line":15,"column":20},"end":{"line":15,"column":54}},"11":{"start":{"line":16,"column":4},"end":{"line":16,"column":37}},"12":{"start":{"line":18,"column":20},"end":{"line":18,"column":55}},"13":{"start":{"line":20,"column":4},"end":{"line":24,"column":6}},"14":{"start":{"line":28,"column":4},"end":{"line":30,"column":5}},"15":{"start":{"line":29,"column":8},"end":{"line":29,"column":102}},"16":{"start":{"line":32,"column":16},"end":{"line":32,"column":57}},"17":{"start":{"line":33,"column":15},"end":{"line":33,"column":40}},"18":{"start":{"line":34,"column":20},"end":{"line":34,"column":50}},"19":{"start":{"line":36,"column":21},"end":{"line":36,"column":64}},"20":{"start":{"line":37,"column":4},"end":{"line":37,"column":33}},"21":{"start":{"line":39,"column":20},"end":{"line":39,"column":65}},"22":{"start":{"line":40,"column":4},"end":{"line":40,"column":40}},"23":{"start":{"line":42,"column":4},"end":{"line":42,"column":21}}},"fnMap":{"0":{"name":"encrypt","decl":{"start":{"line":6,"column":16},"end":{"line":6,"column":23}},"loc":{"start":{"line":6,"column":36},"end":{"line":25,"column":1}}},"1":{"name":"decrypt","decl":{"start":{"line":27,"column":16},"end":{"line":27,"column":23}},"loc":{"start":{"line":27,"column":80},"end":{"line":43,"column":1}}}},"branchMap":{"0":{"loc":{"start":{"line":7,"column":4},"end":{"line":9,"column":5}},"type":"if","locations":[{"start":{"line":7,"column":4},"end":{"line":9,"column":5}},{"start":{},"end":{}}]},"1":{"loc":{"start":{"line":7,"column":8},"end":{"line":7,"column":69}},"type":"binary-expr","locations":[{"start":{"line":7,"column":8},"end":{"line":7,"column":30}},{"start":{"line":7,"column":34},"end":{"line":7,"column":69}}]},"2":{"loc":{"start":{"line":28,"column":4},"end":{"line":30,"column":5}},"type":"if","locations":[{"start":{"line":28,"column":4},"end":{"line":30,"column":5}},{"start":{},"end":{}}]},"3":{"loc":{"start":{"line":28,"column":8},"end":{"line":28,"column":69}},"type":"binary-expr","locations":[{"start":{"line":28,"column":8},"end":{"line":28,"column":30}},{"start":{"line":28,"column":34},"end":{"line":28,"column":69}}]}},"s":{"0":2,"1":2,"2":2,"3":2,"4":2,"5":6,"6":1,"7":5,"8":5,"9":5,"10":5,"11":5,"12":5,"13":5,"14":4,"15":1,"16":3,"17":3,"18":3,"19":3,"20":3,"21":3,"22":3,"23":2},"f":{"0":6,"1":4},"b":{"0":[1,5],"1":[6,6],"2":[1,3],"3":[4,4]}}
}
