TN:
SF:src/config/env.ts
FNF:0
FNH:0
DA:1,2
DA:2,2
DA:4,2
LF:3
LH:3
BRDA:5,0,0,2
BRDA:5,0,1,2
BRDA:6,1,0,2
BRDA:6,1,1,2
BRDA:7,2,0,2
BRDA:7,2,1,2
BRDA:8,3,0,2
BRDA:8,3,1,2
BRDA:9,4,0,2
BRDA:9,4,1,2
BRDA:10,5,0,2
BRDA:10,5,1,2
BRDA:11,6,0,2
BRDA:11,6,1,2
BRF:14
BRH:14
end_of_record
TN:
SF:src/controllers/bot.controller.ts
FN:15,(anonymous_0)
FN:32,(anonymous_1)
FN:62,(anonymous_2)
FN:111,(anonymous_3)
FN:121,(anonymous_4)
FN:125,(anonymous_5)
FN:136,(anonymous_6)
FN:167,(anonymous_7)
FN:186,(anonymous_8)
FN:205,(anonymous_9)
FN:220,(anonymous_10)
FN:233,(anonymous_11)
FN:244,(anonymous_12)
FN:253,(anonymous_13)
FN:263,(anonymous_14)
FN:292,(anonymous_15)
FN:310,(anonymous_16)
FN:332,(anonymous_17)
FNF:18
FNH:7
FNDA:1,(anonymous_0)
FNDA:4,(anonymous_1)
FNDA:4,(anonymous_2)
FNDA:1,(anonymous_3)
FNDA:0,(anonymous_4)
FNDA:0,(anonymous_5)
FNDA:1,(anonymous_6)
FNDA:0,(anonymous_7)
FNDA:1,(anonymous_8)
FNDA:0,(anonymous_9)
FNDA:0,(anonymous_10)
FNDA:0,(anonymous_11)
FNDA:0,(anonymous_12)
FNDA:0,(anonymous_13)
FNDA:0,(anonymous_14)
FNDA:0,(anonymous_15)
FNDA:0,(anonymous_16)
FNDA:1,(anonymous_17)
DA:2,1
DA:3,1
DA:4,1
DA:5,1
DA:6,1
DA:7,1
DA:9,1
DA:10,1
DA:11,1
DA:12,1
DA:14,1
DA:16,1
DA:17,1
DA:18,1
DA:20,1
DA:21,1
DA:22,1
DA:23,1
DA:25,0
DA:28,0
DA:33,4
DA:35,4
DA:36,4
DA:43,4
DA:44,4
DA:45,4
DA:47,4
DA:48,4
DA:51,4
DA:53,4
DA:56,4
DA:58,0
DA:63,4
DA:64,4
DA:66,4
DA:67,4
DA:69,4
DA:71,4
DA:72,1
DA:73,3
DA:74,0
DA:75,3
DA:76,0
DA:77,3
DA:78,0
DA:82,3
DA:84,1
DA:86,0
DA:88,0
DA:90,1
DA:92,0
DA:94,0
DA:96,0
DA:99,0
DA:101,1
DA:104,0
DA:105,0
DA:112,1
DA:113,1
DA:114,0
DA:116,1
DA:117,1
DA:118,1
DA:122,0
DA:126,0
DA:127,0
DA:128,0
DA:133,0
DA:137,1
DA:138,0
DA:140,1
DA:141,1
DA:143,1
DA:144,1
DA:145,0
DA:148,1
DA:149,1
DA:150,0
DA:153,1
DA:154,1
DA:155,1
DA:157,1
DA:158,1
DA:159,1
DA:160,1
DA:162,0
DA:163,0
DA:168,0
DA:169,0
DA:171,0
DA:172,0
DA:174,0
DA:175,0
DA:177,0
DA:178,0
DA:181,0
DA:182,0
DA:183,0
DA:187,1
DA:188,0
DA:190,1
DA:191,1
DA:192,1
DA:193,1
DA:195,1
DA:197,1
DA:198,1
DA:199,1
DA:201,0
DA:206,0
DA:207,0
DA:209,0
DA:210,0
DA:212,0
DA:213,0
DA:214,0
DA:216,0
DA:221,0
DA:222,0
DA:224,0
DA:225,0
DA:226,0
DA:228,0
DA:229,0
DA:232,0
DA:233,0
DA:235,0
DA:236,0
DA:239,0
DA:240,0
DA:241,0
DA:245,0
DA:246,0
DA:248,0
DA:249,0
DA:252,0
DA:253,0
DA:254,0
DA:255,0
DA:256,0
DA:257,0
DA:260,0
DA:264,0
DA:265,0
DA:267,0
DA:268,0
DA:269,0
DA:271,0
DA:272,0
DA:273,0
DA:277,0
DA:279,0
DA:280,0
DA:283,0
DA:284,0
DA:286,0
DA:288,0
DA:293,0
DA:294,0
DA:296,0
DA:297,0
DA:299,0
DA:300,0
DA:301,0
DA:304,0
DA:307,0
DA:311,0
DA:329,0
DA:333,1
LF:169
LH:72
BRDA:20,0,0,1
BRDA:20,0,1,0
BRDA:20,1,0,1
BRDA:20,1,1,1
BRDA:21,2,0,1
BRDA:21,2,1,0
BRDA:21,3,0,1
BRDA:21,3,1,1
BRDA:35,4,0,4
BRDA:35,4,1,0
BRDA:36,5,0,4
BRDA:36,5,1,0
BRDA:37,6,0,4
BRDA:37,6,1,4
BRDA:37,6,2,4
BRDA:37,6,3,4
BRDA:37,6,4,4
BRDA:45,7,0,4
BRDA:45,7,1,0
BRDA:47,8,0,4
BRDA:47,8,1,0
BRDA:64,9,0,0
BRDA:64,9,1,4
BRDA:67,10,0,2
BRDA:67,10,1,2
BRDA:71,11,0,1
BRDA:71,11,1,3
BRDA:71,12,0,4
BRDA:71,12,1,1
BRDA:73,13,0,0
BRDA:73,13,1,3
BRDA:73,14,0,3
BRDA:73,14,1,0
BRDA:75,15,0,0
BRDA:75,15,1,3
BRDA:75,16,0,3
BRDA:75,16,1,0
BRDA:77,17,0,0
BRDA:77,17,1,3
BRDA:77,18,0,3
BRDA:77,18,1,0
BRDA:82,19,0,1
BRDA:82,19,1,0
BRDA:82,19,2,0
BRDA:82,19,3,1
BRDA:82,19,4,0
BRDA:82,19,5,0
BRDA:82,19,6,0
BRDA:82,19,7,0
BRDA:82,19,8,0
BRDA:82,19,9,1
BRDA:113,20,0,0
BRDA:113,20,1,1
BRDA:127,21,0,0
BRDA:127,21,1,0
BRDA:130,22,0,0
BRDA:130,22,1,0
BRDA:137,23,0,0
BRDA:137,23,1,1
BRDA:144,24,0,0
BRDA:144,24,1,1
BRDA:149,25,0,0
BRDA:149,25,1,1
BRDA:149,26,0,1
BRDA:149,26,1,1
BRDA:163,27,0,0
BRDA:163,27,1,0
BRDA:168,28,0,0
BRDA:168,28,1,0
BRDA:177,29,0,0
BRDA:177,29,1,0
BRDA:181,30,0,0
BRDA:181,30,1,0
BRDA:187,31,0,0
BRDA:187,31,1,1
BRDA:190,32,0,1
BRDA:190,32,1,0
BRDA:191,33,0,1
BRDA:191,33,1,0
BRDA:206,34,0,0
BRDA:206,34,1,0
BRDA:221,35,0,0
BRDA:221,35,1,0
BRDA:228,36,0,0
BRDA:228,36,1,0
BRDA:235,37,0,0
BRDA:235,37,1,0
BRDA:239,38,0,0
BRDA:239,38,1,0
BRDA:248,39,0,0
BRDA:248,39,1,0
BRDA:264,40,0,0
BRDA:264,40,1,0
BRDA:272,41,0,0
BRDA:272,41,1,0
BRDA:293,42,0,0
BRDA:293,42,1,0
BRDA:300,43,0,0
BRDA:300,43,1,0
BRF:99
BRH:40
end_of_record
TN:
SF:src/services/group.service.ts
FN:6,(anonymous_0)
FN:22,(anonymous_1)
FN:32,(anonymous_2)
FN:43,(anonymous_3)
FNF:4
FNH:4
FNDA:1,(anonymous_0)
FNDA:1,(anonymous_1)
FNDA:1,(anonymous_2)
FNDA:1,(anonymous_3)
DA:1,1
DA:3,1
DA:5,1
DA:7,1
DA:23,1
DA:33,1
DA:44,1
LF:7
LH:7
BRF:0
BRH:0
end_of_record
TN:
SF:src/services/stellar.service.ts
FN:8,(anonymous_9)
FN:16,(anonymous_10)
FN:27,(anonymous_11)
FN:40,(anonymous_12)
FN:43,(anonymous_13)
FN:51,(anonymous_14)
FNF:6
FNH:6
FNDA:4,(anonymous_9)
FNDA:1,(anonymous_10)
FNDA:1,(anonymous_11)
FNDA:1,(anonymous_12)
FNDA:1,(anonymous_13)
FNDA:1,(anonymous_14)
DA:1,1
DA:2,1
DA:3,1
DA:5,1
DA:9,4
DA:10,0
DA:12,4
DA:17,1
DA:18,1
DA:19,1
DA:28,1
DA:29,1
DA:31,1
DA:32,1
DA:33,1
DA:35,0
DA:41,1
DA:42,1
DA:43,1
DA:44,1
DA:46,0
DA:47,0
DA:52,1
DA:53,1
DA:55,1
DA:69,1
DA:70,1
LF:27
LH:23
BRDA:9,0,0,0
BRDA:9,0,1,4
BRDA:28,1,0,1
BRDA:28,1,1,0
BRDA:44,2,0,1
BRDA:44,2,1,0
BRDA:57,3,0,1
BRDA:57,3,1,0
BRF:8
BRH:4
end_of_record
TN:
SF:src/services/user.service.ts
FN:8,(anonymous_0)
FN:18,(anonymous_1)
FN:36,(anonymous_2)
FNF:3
FNH:2
FNDA:2,(anonymous_0)
FNDA:0,(anonymous_1)
FNDA:2,(anonymous_2)
DA:1,1
DA:2,1
DA:4,1
DA:5,1
DA:7,1
DA:9,2
DA:13,2
DA:15,1
DA:18,1
DA:19,0
DA:23,1
DA:25,1
DA:31,1
DA:33,2
DA:37,2
DA:38,1
DA:40,1
LF:17
LH:16
BRDA:13,0,0,1
BRDA:13,0,1,1
BRDA:37,1,0,1
BRDA:37,1,1,1
BRF:4
BRH:4
end_of_record
TN:
SF:src/utils/encryption.util.ts
FN:6,encrypt
FN:27,decrypt
FNF:2
FNH:2
FNDA:6,encrypt
FNDA:4,decrypt
DA:1,2
DA:2,2
DA:4,2
DA:6,2
DA:7,6
DA:8,1
DA:11,5
DA:12,5
DA:13,5
DA:15,5
DA:16,5
DA:18,5
DA:20,5
DA:27,2
DA:28,4
DA:29,1
DA:32,3
DA:33,3
DA:34,3
DA:36,3
DA:37,3
DA:39,3
DA:40,3
DA:42,2
LF:24
LH:24
BRDA:7,0,0,1
BRDA:7,0,1,5
BRDA:7,1,0,6
BRDA:7,1,1,6
BRDA:28,2,0,1
BRDA:28,2,1,3
BRDA:28,3,0,4
BRDA:28,3,1,4
BRF:8
BRH:8
end_of_record
