TN:
SF:src/config/env.ts
FNF:0
FNH:0
DA:1,8
DA:2,8
DA:4,8
LF:3
LH:3
BRDA:5,0,0,8
BRDA:5,0,1,8
BRDA:6,1,0,8
BRDA:6,1,1,8
BRDA:7,2,0,8
BRDA:7,2,1,8
BRDA:8,3,0,8
BRDA:8,3,1,8
BRDA:9,4,0,8
BRDA:9,4,1,8
BRDA:10,5,0,8
BRDA:10,5,1,8
BRDA:11,6,0,8
BRDA:11,6,1,8
BRDA:12,7,0,8
BRDA:12,7,1,8
BRDA:13,8,0,8
BRDA:13,8,1,8
BRF:18
BRH:18
end_of_record
TN:
SF:src/controllers/bot.controller.ts
FN:49,(anonymous_0)
FN:74,(anonymous_1)
FN:87,(anonymous_2)
FN:133,(anonymous_3)
FN:135,(anonymous_4)
FN:137,(anonymous_5)
FNF:6
FNH:6
FNDA:4,(anonymous_0)
FNDA:17,(anonymous_1)
FNDA:20,(anonymous_2)
FNDA:7,(anonymous_3)
FNDA:7,(anonymous_4)
FNDA:1,(anonymous_5)
DA:2,2
DA:3,2
DA:4,2
DA:11,2
DA:48,2
DA:50,4
DA:51,4
DA:52,4
DA:54,4
DA:55,1
DA:56,1
DA:59,3
DA:60,2
DA:61,2
DA:62,2
DA:65,1
DA:75,17
DA:76,17
DA:77,17
DA:78,17
DA:80,17
DA:81,10
DA:84,7
DA:88,20
DA:90,20
DA:91,3
DA:92,3
DA:95,17
DA:97,17
DA:100,10
DA:101,10
DA:104,7
DA:106,7
DA:107,7
DA:113,5
DA:120,5
DA:121,5
DA:124,2
DA:135,7
DA:136,7
DA:137,1
DA:142,7
DA:143,7
DA:145,7
LF:44
LH:44
BRDA:54,0,0,1
BRDA:54,0,1,3
BRDA:54,1,0,4
BRDA:54,1,1,3
BRDA:59,2,0,2
BRDA:59,2,1,1
BRDA:59,3,0,3
BRDA:59,3,1,3
BRDA:61,4,0,1
BRDA:61,4,1,1
BRDA:80,5,0,10
BRDA:80,5,1,7
BRDA:80,6,0,17
BRDA:80,6,1,9
BRDA:80,6,2,8
BRDA:80,6,3,7
BRDA:88,7,0,20
BRDA:88,7,1,2
BRDA:90,8,0,3
BRDA:90,8,1,17
BRDA:97,9,0,10
BRDA:97,9,1,7
BRF:22
BRH:22
end_of_record
TN:
SF:src/hooks/useWallet.ts
FN:26,walletReducer
FN:41,fetchWalletData
FN:45,(anonymous_2)
FN:58,useWallet
FN:61,(anonymous_4)
FN:73,(anonymous_5)
FN:78,(anonymous_6)
FN:81,(anonymous_7)
FN:83,(anonymous_8)
FN:86,(anonymous_9)
FNF:10
FNH:7
FNDA:10,walletReducer
FNDA:11,fetchWalletData
FNDA:0,(anonymous_2)
FNDA:16,useWallet
FNDA:6,(anonymous_4)
FNDA:6,(anonymous_5)
FNDA:6,(anonymous_6)
FNDA:1,(anonymous_7)
FNDA:0,(anonymous_8)
FNDA:0,(anonymous_9)
DA:1,1
DA:20,1
DA:27,10
DA:29,6
DA:31,2
DA:33,1
DA:35,1
DA:37,0
DA:42,11
DA:44,9
DA:45,2
DA:46,2
DA:49,7
DA:51,7
DA:52,1
DA:55,6
DA:58,1
DA:59,16
DA:61,16
DA:62,6
DA:63,6
DA:64,6
DA:65,5
DA:67,1
DA:68,1
DA:69,1
DA:73,16
DA:74,6
DA:76,6
DA:78,6
DA:81,16
DA:83,16
DA:84,0
DA:85,0
DA:86,0
DA:89,16
DA:92,1
LF:37
LH:33
BRDA:27,0,0,6
BRDA:27,0,1,2
BRDA:27,0,2,1
BRDA:27,0,3,1
BRDA:27,0,4,0
BRDA:44,1,0,2
BRDA:44,1,1,7
BRDA:46,2,0,2
BRDA:46,2,1,0
BRDA:51,3,0,1
BRDA:51,3,1,6
BRDA:51,4,0,7
BRDA:51,4,1,7
BRDA:51,4,2,6
BRDA:67,5,0,0
BRDA:67,5,1,1
BRDA:67,6,0,1
BRDA:67,6,1,0
BRDA:68,7,0,1
BRDA:68,7,1,0
BRF:20
BRH:15
end_of_record
TN:
SF:src/lib/prisma.ts
FNF:0
FNH:0
DA:1,3
DA:3,3
LF:2
LH:2
BRF:0
BRH:0
end_of_record
TN:
SF:src/lib/redis.ts
FN:11,(anonymous_1)
FNF:1
FNH:0
FNDA:0,(anonymous_1)
DA:1,2
DA:2,2
DA:5,2
DA:6,2
DA:7,2
DA:9,2
DA:11,2
DA:12,0
LF:8
LH:7
BRDA:6,0,0,2
BRDA:6,0,1,0
BRF:2
BRH:1
end_of_record
TN:
SF:src/middleware/rateLimiter.ts
FN:5,(anonymous_10)
FN:29,(anonymous_11)
FN:36,(anonymous_12)
FNF:3
FNH:2
FNDA:5,(anonymous_10)
FNDA:3,(anonymous_11)
FNDA:0,(anonymous_12)
DA:1,1
DA:2,1
DA:3,1
DA:5,1
DA:7,5
DA:8,5
DA:12,1
DA:16,4
DA:17,4
DA:20,1
DA:29,3
DA:37,0
LF:12
LH:11
BRDA:8,0,0,1
BRDA:8,0,1,4
BRDA:9,1,0,5
BRDA:9,1,1,2
BRDA:16,2,0,4
BRDA:16,2,1,2
BRDA:16,2,2,1
BRDA:17,3,0,3
BRDA:17,3,1,1
BRF:9
BRH:9
end_of_record
TN:
SF:src/middleware/verifySignature.ts
FN:9,(anonymous_1)
FNF:1
FNH:1
FNDA:8,(anonymous_1)
DA:1,2
DA:3,2
DA:9,2
DA:10,8
DA:12,8
DA:13,2
DA:14,2
DA:17,6
DA:18,1
DA:19,1
DA:22,5
DA:27,5
DA:28,1
DA:29,1
DA:32,4
DA:33,2
DA:34,2
DA:37,2
LF:18
LH:18
BRDA:12,0,0,2
BRDA:12,0,1,6
BRDA:17,1,0,1
BRDA:17,1,1,5
BRDA:27,2,0,1
BRDA:27,2,1,4
BRDA:32,3,0,2
BRDA:32,3,1,2
BRF:8
BRH:8
end_of_record
TN:
SF:src/queue/message.queue.ts
FN:27,getQueue
FN:37,enqueueMessage
FN:49,closeQueue
FNF:3
FNH:3
FNDA:6,getQueue
FNDA:6,enqueueMessage
FNDA:1,closeQueue
DA:1,1
DA:2,1
DA:11,1
DA:15,1
DA:25,1
DA:28,6
DA:29,1
DA:34,6
DA:37,1
DA:38,6
DA:42,6
DA:44,6
DA:49,1
DA:50,1
DA:51,1
DA:52,1
LF:16
LH:16
BRDA:28,0,0,1
BRDA:28,0,1,5
BRDA:50,1,0,1
BRDA:50,1,1,0
BRF:4
BRH:3
end_of_record
TN:
SF:src/routes/bot.routes.ts
FNF:0
FNH:0
DA:1,1
DA:2,1
DA:3,1
DA:5,1
DA:7,1
DA:8,1
DA:10,1
DA:11,1
DA:13,1
LF:9
LH:9
BRF:0
BRH:0
end_of_record
TN:
SF:src/services/group.service.ts
FN:12,(anonymous_0)
FN:28,(anonymous_1)
FN:45,(anonymous_2)
FN:55,(anonymous_3)
FN:66,(anonymous_4)
FN:73,(anonymous_5)
FN:86,(anonymous_6)
FN:92,(anonymous_7)
FNF:8
FNH:8
FNDA:10,(anonymous_0)
FNDA:5,(anonymous_1)
FNDA:1,(anonymous_2)
FNDA:1,(anonymous_3)
FNDA:2,(anonymous_4)
FNDA:5,(anonymous_5)
FNDA:2,(anonymous_6)
FNDA:2,(anonymous_7)
DA:1,3
DA:3,3
DA:5,3
DA:13,10
DA:14,10
DA:15,4
DA:17,6
DA:18,6
DA:19,6
DA:20,2
DA:23,4
DA:24,2
DA:29,5
DA:30,1
DA:46,1
DA:56,1
DA:67,2
DA:74,5
DA:75,1
DA:87,2
DA:93,2
LF:21
LH:21
BRDA:13,0,0,10
BRDA:13,0,1,0
BRDA:14,1,0,4
BRDA:14,1,1,6
BRDA:14,2,0,10
BRDA:14,2,1,10
BRDA:17,3,0,6
BRDA:17,3,1,0
BRDA:18,4,0,2
BRDA:18,4,1,4
BRDA:19,5,0,2
BRDA:19,5,1,4
BRDA:23,6,0,2
BRDA:23,6,1,2
BRF:14
BRH:12
end_of_record
TN:
SF:src/services/locale.service.ts
FN:11,initI18n
FN:29,t
FN:41,isSupportedLanguage
FNF:3
FNH:3
FNDA:18,initI18n
FNDA:11,t
FNDA:4,isSupportedLanguage
DA:1,17
DA:2,17
DA:3,17
DA:4,17
DA:6,17
DA:9,17
DA:11,17
DA:12,18
DA:13,17
DA:26,17
DA:29,17
DA:34,11
DA:38,11
DA:41,17
DA:42,4
LF:15
LH:15
BRDA:12,0,0,1
BRDA:12,0,1,17
BRDA:34,1,0,10
BRDA:34,1,1,1
BRF:4
BRH:4
end_of_record
TN:
SF:src/services/message-processor.service.ts
FN:15,(anonymous_0)
FN:37,(anonymous_1)
FN:55,(anonymous_2)
FN:96,(anonymous_3)
FN:104,(anonymous_4)
FN:116,(anonymous_5)
FN:207,(anonymous_6)
FN:222,(anonymous_7)
FN:271,(anonymous_8)
FN:308,(anonymous_9)
FN:337,(anonymous_10)
FN:357,(anonymous_11)
FN:375,(anonymous_12)
FN:399,(anonymous_13)
FN:412,(anonymous_14)
FN:425,(anonymous_15)
FN:491,(anonymous_16)
FN:516,(anonymous_17)
FN:521,(anonymous_18)
FNF:19
FNH:18
FNDA:54,(anonymous_0)
FNDA:31,(anonymous_1)
FNDA:54,(anonymous_2)
FNDA:0,(anonymous_3)
FNDA:3,(anonymous_4)
FNDA:2,(anonymous_5)
FNDA:1,(anonymous_6)
FNDA:9,(anonymous_7)
FNDA:3,(anonymous_8)
FNDA:7,(anonymous_9)
FNDA:3,(anonymous_10)
FNDA:4,(anonymous_11)
FNDA:1,(anonymous_12)
FNDA:2,(anonymous_13)
FNDA:1,(anonymous_14)
FNDA:12,(anonymous_15)
FNDA:6,(anonymous_16)
FNDA:1,(anonymous_17)
FNDA:1,(anonymous_18)
DA:1,1
DA:2,1
DA:3,1
DA:4,1
DA:5,1
DA:6,1
DA:7,1
DA:9,1
DA:21,54
DA:22,54
DA:23,54
DA:24,54
DA:38,31
DA:39,5
DA:41,26
DA:42,26
DA:43,3
DA:45,23
DA:46,23
DA:47,3
DA:49,20
DA:50,1
DA:52,19
DA:56,54
DA:57,54
DA:59,54
DA:60,54
DA:62,54
DA:63,54
DA:64,7
DA:65,47
DA:66,3
DA:67,44
DA:68,4
DA:69,40
DA:70,2
DA:73,38
DA:75,3
DA:77,2
DA:79,1
DA:81,9
DA:83,3
DA:85,12
DA:87,6
DA:90,1
DA:92,1
DA:95,1
DA:96,1
DA:97,1
DA:105,3
DA:106,2
DA:108,2
DA:109,1
DA:111,1
DA:112,1
DA:113,1
DA:117,2
DA:118,2
DA:120,2
DA:121,0
DA:124,2
DA:125,2
DA:127,2
DA:128,2
DA:129,1
DA:130,1
DA:131,1
DA:133,0
DA:137,2
DA:139,2
DA:141,2
DA:142,2
DA:144,2
DA:145,0
DA:146,0
DA:147,0
DA:149,0
DA:153,2
DA:154,2
DA:156,2
DA:157,2
DA:160,2
DA:161,0
DA:162,0
DA:163,0
DA:166,0
DA:170,2
DA:171,2
DA:173,2
DA:174,2
DA:177,0
DA:178,0
DA:182,0
DA:186,2
DA:187,2
DA:190,2
DA:191,2
DA:192,2
DA:194,0
DA:197,2
DA:199,0
DA:200,0
DA:208,1
DA:209,1
DA:210,1
DA:211,1
DA:223,9
DA:224,9
DA:226,9
DA:227,2
DA:229,7
DA:230,7
DA:231,7
DA:232,1
DA:234,6
DA:236,6
DA:237,1
DA:240,5
DA:241,5
DA:242,3
DA:248,2
DA:249,2
DA:250,2
DA:252,2
DA:253,2
DA:257,2
DA:258,1
DA:263,1
DA:264,1
DA:272,3
DA:273,3
DA:275,3
DA:276,1
DA:278,2
DA:279,2
DA:280,2
DA:281,0
DA:283,2
DA:285,2
DA:286,2
DA:287,1
DA:293,1
DA:294,1
DA:302,1
DA:309,7
DA:310,7
DA:312,7
DA:313,1
DA:315,6
DA:316,6
DA:317,6
DA:318,6
DA:319,3
DA:321,3
DA:323,3
DA:324,3
DA:325,2
DA:330,1
DA:338,3
DA:339,3
DA:341,3
DA:342,1
DA:344,2
DA:346,2
DA:347,2
DA:348,2
DA:350,0
DA:358,4
DA:359,4
DA:361,4
DA:362,1
DA:364,3
DA:365,3
DA:367,3
DA:368,1
DA:374,2
DA:375,2
DA:377,2
DA:378,1
DA:384,1
DA:385,1
DA:393,1
DA:400,2
DA:401,2
DA:402,2
DA:404,2
DA:405,1
DA:411,1
DA:412,1
DA:413,1
DA:422,1
DA:426,12
DA:427,12
DA:429,12
DA:430,1
DA:432,11
DA:433,11
DA:434,11
DA:435,5
DA:438,6
DA:439,6
DA:440,1
DA:443,5
DA:449,5
DA:450,5
DA:451,5
DA:452,1
DA:458,4
DA:459,0
DA:461,4
DA:462,0
DA:465,4
DA:466,4
DA:467,4
DA:469,4
DA:470,4
DA:475,4
DA:476,4
DA:478,4
DA:479,3
DA:484,1
DA:492,6
DA:493,6
DA:495,6
DA:496,1
DA:498,5
DA:499,5
DA:500,5
DA:501,3
DA:504,2
DA:505,2
DA:506,1
DA:509,1
DA:510,1
DA:517,1
DA:518,1
DA:522,1
DA:523,1
LF:238
LH:218
BRDA:21,0,0,54
BRDA:21,0,1,0
BRDA:22,1,0,54
BRDA:22,1,1,0
BRDA:23,2,0,54
BRDA:23,2,1,0
BRDA:24,3,0,54
BRDA:24,3,1,0
BRDA:38,4,0,5
BRDA:38,4,1,26
BRDA:42,5,0,3
BRDA:42,5,1,23
BRDA:45,6,0,4
BRDA:45,6,1,19
BRDA:46,7,0,3
BRDA:46,7,1,20
BRDA:49,8,0,1
BRDA:49,8,1,19
BRDA:57,9,0,0
BRDA:57,9,1,54
BRDA:60,10,0,44
BRDA:60,10,1,10
BRDA:63,11,0,7
BRDA:63,11,1,47
BRDA:63,12,0,54
BRDA:63,12,1,7
BRDA:65,13,0,3
BRDA:65,13,1,44
BRDA:65,14,0,47
BRDA:65,14,1,3
BRDA:67,15,0,4
BRDA:67,15,1,40
BRDA:67,16,0,44
BRDA:67,16,1,4
BRDA:69,17,0,2
BRDA:69,17,1,38
BRDA:69,18,0,40
BRDA:69,18,1,2
BRDA:73,19,0,3
BRDA:73,19,1,2
BRDA:73,19,2,1
BRDA:73,19,3,9
BRDA:73,19,4,3
BRDA:73,19,5,12
BRDA:73,19,6,6
BRDA:73,19,7,1
BRDA:73,19,8,1
BRDA:73,19,9,1
BRDA:99,20,0,1
BRDA:99,20,1,1
BRDA:106,21,0,2
BRDA:106,21,1,1
BRDA:108,22,0,1
BRDA:108,22,1,1
BRDA:118,23,0,2
BRDA:118,23,1,2
BRDA:120,24,0,0
BRDA:120,24,1,2
BRDA:124,25,0,2
BRDA:124,25,1,1
BRDA:128,26,0,1
BRDA:128,26,1,1
BRDA:130,27,0,1
BRDA:130,27,1,0
BRDA:144,28,0,0
BRDA:144,28,1,2
BRDA:145,29,0,0
BRDA:145,29,1,0
BRDA:160,30,0,0
BRDA:160,30,1,2
BRDA:160,31,0,2
BRDA:160,31,1,2
BRDA:160,31,2,2
BRDA:162,32,0,0
BRDA:162,32,1,0
BRDA:162,33,0,0
BRDA:162,33,1,0
BRDA:173,34,0,2
BRDA:173,34,1,0
BRDA:177,35,0,0
BRDA:177,35,1,0
BRDA:190,36,0,2
BRDA:190,36,1,0
BRDA:202,37,0,0
BRDA:202,37,1,0
BRDA:209,38,0,1
BRDA:209,38,1,1
BRDA:210,39,0,1
BRDA:210,39,1,0
BRDA:215,40,0,1
BRDA:215,40,1,0
BRDA:224,41,0,9
BRDA:224,41,1,8
BRDA:226,42,0,2
BRDA:226,42,1,7
BRDA:231,43,0,1
BRDA:231,43,1,6
BRDA:236,44,0,1
BRDA:236,44,1,5
BRDA:241,45,0,3
BRDA:241,45,1,2
BRDA:241,46,0,5
BRDA:241,46,1,3
BRDA:266,47,0,1
BRDA:266,47,1,0
BRDA:273,48,0,3
BRDA:273,48,1,3
BRDA:275,49,0,1
BRDA:275,49,1,2
BRDA:280,50,0,0
BRDA:280,50,1,2
BRDA:286,51,0,1
BRDA:286,51,1,1
BRDA:293,52,0,1
BRDA:293,52,1,0
BRDA:310,53,0,7
BRDA:310,53,1,7
BRDA:312,54,0,1
BRDA:312,54,1,6
BRDA:315,55,0,6
BRDA:315,55,1,0
BRDA:316,56,0,6
BRDA:316,56,1,0
BRDA:318,57,0,3
BRDA:318,57,1,3
BRDA:339,58,0,3
BRDA:339,58,1,3
BRDA:341,59,0,1
BRDA:341,59,1,2
BRDA:359,60,0,4
BRDA:359,60,1,4
BRDA:361,61,0,1
BRDA:361,61,1,3
BRDA:367,62,0,1
BRDA:367,62,1,2
BRDA:377,63,0,1
BRDA:377,63,1,1
BRDA:384,64,0,1
BRDA:384,64,1,0
BRDA:401,65,0,2
BRDA:401,65,1,2
BRDA:404,66,0,1
BRDA:404,66,1,1
BRDA:427,67,0,12
BRDA:427,67,1,12
BRDA:429,68,0,1
BRDA:429,68,1,11
BRDA:434,69,0,5
BRDA:434,69,1,6
BRDA:439,70,0,1
BRDA:439,70,1,5
BRDA:451,71,0,1
BRDA:451,71,1,4
BRDA:458,72,0,0
BRDA:458,72,1,4
BRDA:461,73,0,0
BRDA:461,73,1,4
BRDA:476,74,0,4
BRDA:476,74,1,0
BRDA:493,75,0,6
BRDA:493,75,1,6
BRDA:495,76,0,1
BRDA:495,76,1,5
BRDA:500,77,0,3
BRDA:500,77,1,2
BRDA:505,78,0,1
BRDA:505,78,1,1
BRDA:518,79,0,1
BRDA:518,79,1,1
BRDA:523,80,0,1
BRDA:523,80,1,1
BRF:171
BRH:139
end_of_record
TN:
SF:src/services/observability.service.ts
FN:5,(anonymous_0)
FN:12,(anonymous_1)
FN:20,(anonymous_2)
FNF:3
FNH:3
FNDA:2,(anonymous_0)
FNDA:2,(anonymous_1)
FNDA:2,(anonymous_2)
DA:1,1
DA:6,2
DA:13,2
DA:21,2
DA:29,2
DA:36,1
LF:6
LH:6
BRDA:6,0,0,1
BRDA:6,0,1,1
BRDA:13,1,0,1
BRDA:13,1,1,1
BRDA:23,2,0,1
BRDA:23,2,1,1
BRDA:24,3,0,1
BRDA:24,3,1,1
BRF:8
BRH:8
end_of_record
TN:
SF:src/services/stellar.service.ts
FN:15,(anonymous_9)
FN:23,(anonymous_10)
FN:40,(anonymous_11)
FN:55,(anonymous_12)
FN:58,(anonymous_13)
FN:66,(anonymous_14)
FN:89,(anonymous_15)
FN:106,(anonymous_16)
FN:130,(anonymous_17)
FN:149,(anonymous_18)
FN:149,(anonymous_19)
FNF:11
FNH:9
FNDA:26,(anonymous_9)
FNDA:1,(anonymous_10)
FNDA:3,(anonymous_11)
FNDA:3,(anonymous_12)
FNDA:2,(anonymous_13)
FNDA:3,(anonymous_14)
FNDA:6,(anonymous_15)
FNDA:3,(anonymous_16)
FNDA:0,(anonymous_17)
FNDA:1,(anonymous_18)
FNDA:0,(anonymous_19)
DA:1,3
DA:2,3
DA:3,3
DA:4,3
DA:12,3
DA:16,26
DA:17,3
DA:19,23
DA:24,1
DA:25,1
DA:27,1
DA:28,1
DA:29,1
DA:36,1
DA:41,3
DA:43,2
DA:44,2
DA:45,2
DA:46,2
DA:47,1
DA:49,1
DA:51,1
DA:56,3
DA:57,3
DA:58,2
DA:59,2
DA:61,1
DA:62,1
DA:67,3
DA:68,3
DA:70,3
DA:84,3
DA:85,3
DA:88,3
DA:89,3
DA:90,6
DA:91,6
DA:92,6
DA:93,6
DA:94,6
DA:97,3
DA:98,3
DA:100,0
DA:103,3
DA:107,3
DA:108,3
DA:110,3
DA:111,3
DA:112,3
DA:113,1
DA:116,0
DA:121,2
DA:122,2
DA:123,2
DA:124,0
DA:126,2
DA:128,1
DA:130,0
DA:131,0
DA:132,0
DA:133,0
DA:134,0
DA:136,0
DA:138,0
DA:140,1
DA:141,1
DA:143,0
DA:144,0
DA:148,1
DA:149,1
DA:150,1
DA:152,1
DA:153,1
DA:154,1
DA:156,1
DA:157,1
DA:158,1
DA:159,1
DA:161,1
DA:162,1
DA:163,1
DA:164,1
DA:165,1
DA:166,1
DA:167,1
DA:168,1
DA:169,1
DA:171,0
DA:172,0
DA:174,0
DA:175,0
DA:176,0
DA:177,0
DA:178,0
DA:179,0
DA:180,0
DA:182,0
DA:186,0
DA:189,1
DA:199,1
DA:200,1
DA:201,0
DA:204,1
DA:206,1
DA:207,1
DA:209,0
DA:212,1
LF:107
LH:82
BRDA:16,0,0,3
BRDA:16,0,1,23
BRDA:41,1,0,1
BRDA:41,1,1,2
BRDA:46,2,0,1
BRDA:46,2,1,1
BRDA:59,3,0,1
BRDA:59,3,1,1
BRDA:72,4,0,2
BRDA:72,4,1,1
BRDA:93,5,0,2
BRDA:93,5,1,4
BRDA:106,6,0,3
BRDA:107,7,0,3
BRDA:107,7,1,3
BRDA:112,8,0,1
BRDA:112,8,1,2
BRDA:123,9,0,0
BRDA:123,9,1,2
BRDA:123,10,0,2
BRDA:123,10,1,0
BRDA:128,11,0,0
BRDA:128,11,1,1
BRDA:133,12,0,0
BRDA:133,12,1,0
BRDA:133,13,0,0
BRDA:133,13,1,0
BRDA:140,14,0,1
BRDA:140,14,1,0
BRDA:162,15,0,1
BRDA:162,15,1,0
BRDA:162,16,0,1
BRDA:162,16,1,1
BRDA:162,16,2,1
BRDA:164,17,0,1
BRDA:164,17,1,0
BRDA:166,18,0,1
BRDA:166,18,1,0
BRDA:167,19,0,1
BRDA:167,19,1,0
BRDA:174,20,0,0
BRDA:174,20,1,0
BRDA:178,21,0,0
BRDA:178,21,1,0
BRDA:180,22,0,0
BRDA:180,22,1,0
BRDA:200,23,0,0
BRDA:200,23,1,1
BRF:48
BRH:29
end_of_record
TN:
SF:src/services/user.service.ts
FN:8,(anonymous_0)
FN:40,(anonymous_1)
FN:48,(anonymous_2)
FNF:3
FNH:3
FNDA:3,(anonymous_0)
FNDA:2,(anonymous_1)
FNDA:5,(anonymous_2)
DA:1,3
DA:2,3
DA:3,3
DA:5,3
DA:7,3
DA:9,3
DA:13,3
DA:14,2
DA:16,2
DA:17,2
DA:19,1
DA:22,2
DA:29,2
DA:35,2
DA:37,3
DA:41,2
DA:42,1
DA:44,1
DA:49,5
DA:50,5
DA:51,5
DA:52,4
DA:53,1
DA:56,1
DA:59,4
DA:64,4
DA:65,3
DA:66,3
DA:68,1
DA:71,4
LF:30
LH:30
BRDA:13,0,0,2
BRDA:13,0,1,1
BRDA:41,1,0,1
BRDA:41,1,1,1
BRDA:52,2,0,1
BRDA:52,2,1,3
BRDA:64,3,0,3
BRDA:64,3,1,1
BRF:8
BRH:8
end_of_record
TN:
SF:src/services/whatsapp.service.ts
FN:7,(anonymous_1)
FNF:1
FNH:0
FNDA:0,(anonymous_1)
DA:1,2
DA:2,2
DA:4,2
DA:5,7
DA:8,0
DA:9,0
DA:25,0
LF:7
LH:4
BRF:0
BRH:0
end_of_record
TN:
SF:src/utils/encryption.util.ts
FN:6,encrypt
FN:27,decrypt
FNF:2
FNH:2
FNDA:6,encrypt
FNDA:4,decrypt
DA:1,3
DA:2,3
DA:4,3
DA:6,3
DA:7,6
DA:8,1
DA:11,5
DA:12,5
DA:13,5
DA:15,5
DA:16,5
DA:18,5
DA:20,5
DA:27,3
DA:28,4
DA:29,1
DA:32,3
DA:33,3
DA:34,3
DA:36,3
DA:37,3
DA:39,3
DA:40,3
DA:42,2
LF:24
LH:24
BRDA:7,0,0,1
BRDA:7,0,1,5
BRDA:7,1,0,6
BRDA:7,1,1,6
BRDA:28,2,0,1
BRDA:28,2,1,3
BRDA:28,3,0,4
BRDA:28,3,1,4
BRF:8
BRH:8
end_of_record
TN:
SF:src/workers/message.worker.ts
FN:15,startWorker
FN:27,(anonymous_1)
FN:38,(anonymous_2)
FN:42,(anonymous_3)
FN:49,closeWorker
FNF:5
FNH:5
FNDA:8,startWorker
FNDA:1,(anonymous_1)
FNDA:1,(anonymous_2)
FNDA:1,(anonymous_3)
FNDA:10,closeWorker
DA:1,1
DA:2,1
DA:3,1
DA:4,1
DA:5,1
DA:6,1
DA:7,1
DA:9,1
DA:13,1
DA:15,1
DA:16,8
DA:18,7
DA:25,7
DA:28,1
DA:29,1
DA:30,1
DA:38,7
DA:39,1
DA:42,7
DA:43,1
DA:46,7
DA:49,1
DA:50,10
DA:51,6
DA:52,6
LF:25
LH:25
BRDA:16,0,0,1
BRDA:16,0,1,7
BRDA:50,1,0,6
BRDA:50,1,1,4
BRF:4
BRH:4
end_of_record
